<?xml version="1.0" encoding="utf-8"?>
<CoverageSession xmlns:xsd="http://www.w3.org/2001/XMLSchema" xmlns:xsi="http://www.w3.org/2001/XMLSchema-instance" Version="4.6.0.0">
  <Summary numSequencePoints="905" visitedSequencePoints="34" numBranchPoints="244" visitedBranchPoints="10" sequenceCoverage="3.76" branchCoverage="4.10" maxCyclomaticComplexity="12" minCyclomaticComplexity="1" maxCrapScore="156" minCrapScore="1" visitedClasses="3" numClasses="39" visitedMethods="6" numMethods="178" />
  <Modules>
    <Module hash="EF-32-87-9E-0F-1E-87-8A-4D-0F-7E-DC-E9-7B-6F-5E-4A-0C-37-E7">
      <Summary numSequencePoints="613" visitedSequencePoints="20" numBranchPoints="142" visitedBranchPoints="4" sequenceCoverage="3.26" branchCoverage="2.82" maxCyclomaticComplexity="2" minCyclomaticComplexity="1" maxCrapScore="6" minCrapScore="1" visitedClasses="2" numClasses="27" visitedMethods="4" numMethods="142" />
      <ModulePath>E:\Moje\AttendanceListGenerator\AttendanceListGenerator\AttendanceListGenerator.Core.Tests.Unit\bin\Debug\AttendanceListGenerator.Core.Tests.Unit.dll</ModulePath>
      <ModuleTime>2019-02-06T18:05:58.517309Z</ModuleTime>
      <ModuleName>AttendanceListGenerator.Core.Tests.Unit</ModuleName>
      <Files>
        <File uid="1" fullPath="E:\Moje\AttendanceListGenerator\AttendanceListGenerator\AttendanceListGenerator.Core.Tests.Unit\Pdf\AttendanceListDocumentGeneratorTests.cs" />
        <File uid="4" fullPath="E:\Moje\AttendanceListGenerator\AttendanceListGenerator\AttendanceListGenerator.Core.Tests.Unit\IO\ApplicationCatalogPathProviderTests.cs" />
        <File uid="6" fullPath="E:\Moje\AttendanceListGenerator\AttendanceListGenerator\AttendanceListGenerator.Core.Tests.Unit\Helpers\EnumNavigatorTests.cs" />
        <File uid="8" fullPath="E:\Moje\AttendanceListGenerator\AttendanceListGenerator\AttendanceListGenerator.Core.Tests.Unit\Data\AttendanceListDataTests.cs" />
        <File uid="16" fullPath="E:\Moje\AttendanceListGenerator\AttendanceListGenerator\AttendanceListGenerator.Core.Tests.Unit\Data\DayOfWeekNavigatorTests.cs" />
        <File uid="17" fullPath="E:\Moje\AttendanceListGenerator\AttendanceListGenerator\AttendanceListGenerator.Core.Tests.Unit\Data\DaysOffDataTests.cs" />
        <File uid="22" fullPath="E:\Moje\AttendanceListGenerator\AttendanceListGenerator\AttendanceListGenerator.Core.Tests.Unit\Data\DayTests.cs" />
        <File uid="25" fullPath="E:\Moje\AttendanceListGenerator\AttendanceListGenerator\AttendanceListGenerator.Core.Tests.Unit\Data\PersonTests.cs" />
      </Files>
      <Classes>
        <Class>
          <Summary numSequencePoints="187" visitedSequencePoints="0" numBranchPoints="27" visitedBranchPoints="0" sequenceCoverage="0" branchCoverage="0" maxCyclomaticComplexity="2" minCyclomaticComplexity="1" maxCrapScore="6" minCrapScore="2" visitedClasses="0" numClasses="1" visitedMethods="0" numMethods="27" />
          <FullName>AttendanceListGenerator.Core.Tests.Unit.Pdf.AttendanceListDocumentGeneratorTests</FullName>
          <Methods>
            <Method visited="false" cyclomaticComplexity="2" nPathComplexity="0" sequenceCoverage="0" branchCoverage="0" crapScore="6" isConstructor="false" isStatic="false" isGetter="false" isSetter="false">
              <Summary numSequencePoints="4" visitedSequencePoints="0" numBranchPoints="1" visitedBranchPoints="0" sequenceCoverage="0" branchCoverage="0" maxCyclomaticComplexity="2" minCyclomaticComplexity="2" maxCrapScore="6" minCrapScore="6" visitedClasses="0" numClasses="0" visitedMethods="0" numMethods="1" />
              <MetadataToken>100663297</MetadataToken>
              <Name>System.Void AttendanceListGenerator.Core.Tests.Unit.Pdf.AttendanceListDocumentGeneratorTests::Constructor_NullIAttendanceListData_ThrowsArgumentNullException()</Name>
              <FileRef uid="1" />
              <SequencePoints>
                <SequencePoint vc="0" uspid="1" ordinal="0" offset="0" sl="16" sc="9" el="16" ec="10" bec="0" bev="0" fileid="1" />
                <SequencePoint vc="0" uspid="2" ordinal="1" offset="1" sl="17" sc="13" el="17" ec="116" bec="0" bev="0" fileid="1" />
                <SequencePoint vc="0" uspid="3" ordinal="2" offset="33" sl="19" sc="13" el="19" ec="68" bec="0" bev="0" fileid="1" />
                <SequencePoint vc="0" uspid="4" ordinal="3" offset="45" sl="20" sc="9" el="20" ec="10" bec="0" bev="0" fileid="1" />
              </SequencePoints>
              <BranchPoints />
              <MethodPoint xsi:type="SequencePoint" vc="0" uspid="1" ordinal="0" offset="0" sl="16" sc="9" el="16" ec="10" bec="0" bev="0" fileid="1" />
            </Method>
            <Method visited="false" cyclomaticComplexity="2" nPathComplexity="0" sequenceCoverage="0" branchCoverage="0" crapScore="6" isConstructor="false" isStatic="false" isGetter="false" isSetter="false">
              <Summary numSequencePoints="4" visitedSequencePoints="0" numBranchPoints="1" visitedBranchPoints="0" sequenceCoverage="0" branchCoverage="0" maxCyclomaticComplexity="2" minCyclomaticComplexity="2" maxCrapScore="6" minCrapScore="6" visitedClasses="0" numClasses="0" visitedMethods="0" numMethods="1" />
              <MetadataToken>100663298</MetadataToken>
              <Name>System.Void AttendanceListGenerator.Core.Tests.Unit.Pdf.AttendanceListDocumentGeneratorTests::Constructor_NullILocalizedNames_ThrowsArgumentNullException()</Name>
              <FileRef uid="1" />
              <SequencePoints>
                <SequencePoint vc="0" uspid="7" ordinal="0" offset="0" sl="24" sc="9" el="24" ec="10" bec="0" bev="0" fileid="1" />
                <SequencePoint vc="0" uspid="8" ordinal="1" offset="1" sl="25" sc="13" el="25" ec="120" bec="0" bev="0" fileid="1" />
                <SequencePoint vc="0" uspid="9" ordinal="2" offset="33" sl="27" sc="13" el="27" ec="68" bec="0" bev="0" fileid="1" />
                <SequencePoint vc="0" uspid="10" ordinal="3" offset="45" sl="28" sc="9" el="28" ec="10" bec="0" bev="0" fileid="1" />
              </SequencePoints>
              <BranchPoints />
              <MethodPoint xsi:type="SequencePoint" vc="0" uspid="7" ordinal="0" offset="0" sl="24" sc="9" el="24" ec="10" bec="0" bev="0" fileid="1" />
            </Method>
            <Method visited="false" cyclomaticComplexity="2" nPathComplexity="0" sequenceCoverage="0" branchCoverage="0" crapScore="6" isConstructor="false" isStatic="false" isGetter="false" isSetter="false">
              <Summary numSequencePoints="4" visitedSequencePoints="0" numBranchPoints="1" visitedBranchPoints="0" sequenceCoverage="0" branchCoverage="0" maxCyclomaticComplexity="2" minCyclomaticComplexity="2" maxCrapScore="6" minCrapScore="6" visitedClasses="0" numClasses="0" visitedMethods="0" numMethods="1" />
              <MetadataToken>100663299</MetadataToken>
              <Name>System.Void AttendanceListGenerator.Core.Tests.Unit.Pdf.AttendanceListDocumentGeneratorTests::Constructor_NullArguments_ThrowsArgumentNullException()</Name>
              <FileRef uid="1" />
              <SequencePoints>
                <SequencePoint vc="0" uspid="13" ordinal="0" offset="0" sl="32" sc="9" el="32" ec="10" bec="0" bev="0" fileid="1" />
                <SequencePoint vc="0" uspid="14" ordinal="1" offset="1" sl="33" sc="13" el="33" ec="94" bec="0" bev="0" fileid="1" />
                <SequencePoint vc="0" uspid="15" ordinal="2" offset="33" sl="35" sc="13" el="35" ec="68" bec="0" bev="0" fileid="1" />
                <SequencePoint vc="0" uspid="16" ordinal="3" offset="45" sl="36" sc="9" el="36" ec="10" bec="0" bev="0" fileid="1" />
              </SequencePoints>
              <BranchPoints />
              <MethodPoint xsi:type="SequencePoint" vc="0" uspid="13" ordinal="0" offset="0" sl="32" sc="9" el="32" ec="10" bec="0" bev="0" fileid="1" />
            </Method>
            <Method visited="false" cyclomaticComplexity="1" nPathComplexity="0" sequenceCoverage="0" branchCoverage="0" crapScore="2" isConstructor="false" isStatic="false" isGetter="false" isSetter="false">
              <Summary numSequencePoints="6" visitedSequencePoints="0" numBranchPoints="1" visitedBranchPoints="0" sequenceCoverage="0" branchCoverage="0" maxCyclomaticComplexity="1" minCyclomaticComplexity="1" maxCrapScore="2" minCrapScore="2" visitedClasses="0" numClasses="0" visitedMethods="0" numMethods="1" />
              <MetadataToken>100663300</MetadataToken>
              <Name>System.Void AttendanceListGenerator.Core.Tests.Unit.Pdf.AttendanceListDocumentGeneratorTests::GenerateDocument_January2019_GeneratesDocumentWithOneSection()</Name>
              <FileRef uid="1" />
              <SequencePoints>
                <SequencePoint vc="0" uspid="19" ordinal="0" offset="0" sl="40" sc="9" el="40" ec="10" bec="0" bev="0" fileid="1" />
                <SequencePoint vc="0" uspid="20" ordinal="1" offset="1" sl="41" sc="13" el="41" ec="102" bec="0" bev="0" fileid="1" />
                <SequencePoint vc="0" uspid="21" ordinal="2" offset="8" sl="43" sc="13" el="43" ec="70" bec="0" bev="0" fileid="1" />
                <SequencePoint vc="0" uspid="22" ordinal="3" offset="15" sl="45" sc="13" el="45" ec="60" bec="0" bev="0" fileid="1" />
                <SequencePoint vc="0" uspid="23" ordinal="4" offset="27" sl="46" sc="13" el="46" ec="58" bec="0" bev="0" fileid="1" />
                <SequencePoint vc="0" uspid="24" ordinal="5" offset="45" sl="47" sc="9" el="47" ec="10" bec="0" bev="0" fileid="1" />
              </SequencePoints>
              <BranchPoints />
              <MethodPoint xsi:type="SequencePoint" vc="0" uspid="19" ordinal="0" offset="0" sl="40" sc="9" el="40" ec="10" bec="0" bev="0" fileid="1" />
            </Method>
            <Method visited="false" cyclomaticComplexity="1" nPathComplexity="0" sequenceCoverage="0" branchCoverage="0" crapScore="2" isConstructor="false" isStatic="false" isGetter="false" isSetter="false">
              <Summary numSequencePoints="6" visitedSequencePoints="0" numBranchPoints="1" visitedBranchPoints="0" sequenceCoverage="0" branchCoverage="0" maxCyclomaticComplexity="1" minCyclomaticComplexity="1" maxCrapScore="2" minCrapScore="2" visitedClasses="0" numClasses="0" visitedMethods="0" numMethods="1" />
              <MetadataToken>100663301</MetadataToken>
              <Name>System.Void AttendanceListGenerator.Core.Tests.Unit.Pdf.AttendanceListDocumentGeneratorTests::GenerateDocument_January2019_GeneratesDocumentWithLandscapeSectionOrientation()</Name>
              <FileRef uid="1" />
              <SequencePoints>
                <SequencePoint vc="0" uspid="25" ordinal="0" offset="0" sl="51" sc="9" el="51" ec="10" bec="0" bev="0" fileid="1" />
                <SequencePoint vc="0" uspid="26" ordinal="1" offset="1" sl="52" sc="13" el="52" ec="102" bec="0" bev="0" fileid="1" />
                <SequencePoint vc="0" uspid="27" ordinal="2" offset="8" sl="54" sc="13" el="54" ec="70" bec="0" bev="0" fileid="1" />
                <SequencePoint vc="0" uspid="28" ordinal="3" offset="15" sl="56" sc="13" el="56" ec="82" bec="0" bev="0" fileid="1" />
                <SequencePoint vc="0" uspid="29" ordinal="4" offset="38" sl="57" sc="13" el="57" ec="73" bec="0" bev="0" fileid="1" />
                <SequencePoint vc="0" uspid="30" ordinal="5" offset="56" sl="58" sc="9" el="58" ec="10" bec="0" bev="0" fileid="1" />
              </SequencePoints>
              <BranchPoints />
              <MethodPoint xsi:type="SequencePoint" vc="0" uspid="25" ordinal="0" offset="0" sl="51" sc="9" el="51" ec="10" bec="0" bev="0" fileid="1" />
            </Method>
            <Method visited="false" cyclomaticComplexity="1" nPathComplexity="0" sequenceCoverage="0" branchCoverage="0" crapScore="2" isConstructor="false" isStatic="false" isGetter="false" isSetter="false">
              <Summary numSequencePoints="6" visitedSequencePoints="0" numBranchPoints="1" visitedBranchPoints="0" sequenceCoverage="0" branchCoverage="0" maxCyclomaticComplexity="1" minCyclomaticComplexity="1" maxCrapScore="2" minCrapScore="2" visitedClasses="0" numClasses="0" visitedMethods="0" numMethods="1" />
              <MetadataToken>100663302</MetadataToken>
              <Name>System.Void AttendanceListGenerator.Core.Tests.Unit.Pdf.AttendanceListDocumentGeneratorTests::GenerateDocument_January2019_GeneratesParagraphWithDocumentTitle()</Name>
              <FileRef uid="1" />
              <SequencePoints>
                <SequencePoint vc="0" uspid="31" ordinal="0" offset="0" sl="62" sc="9" el="62" ec="10" bec="0" bev="0" fileid="1" />
                <SequencePoint vc="0" uspid="32" ordinal="1" offset="1" sl="63" sc="13" el="63" ec="102" bec="0" bev="0" fileid="1" />
                <SequencePoint vc="0" uspid="33" ordinal="2" offset="8" sl="65" sc="13" el="65" ec="70" bec="0" bev="0" fileid="1" />
                <SequencePoint vc="0" uspid="34" ordinal="3" offset="15" sl="67" sc="13" el="67" ec="93" bec="0" bev="0" fileid="1" />
                <SequencePoint vc="0" uspid="35" ordinal="4" offset="54" sl="68" sc="13" el="68" ec="62" bec="0" bev="0" fileid="1" />
                <SequencePoint vc="0" uspid="36" ordinal="5" offset="71" sl="69" sc="9" el="69" ec="10" bec="0" bev="0" fileid="1" />
              </SequencePoints>
              <BranchPoints />
              <MethodPoint xsi:type="SequencePoint" vc="0" uspid="31" ordinal="0" offset="0" sl="62" sc="9" el="62" ec="10" bec="0" bev="0" fileid="1" />
            </Method>
            <Method visited="false" cyclomaticComplexity="1" nPathComplexity="0" sequenceCoverage="0" branchCoverage="0" crapScore="2" isConstructor="false" isStatic="false" isGetter="false" isSetter="false">
              <Summary numSequencePoints="6" visitedSequencePoints="0" numBranchPoints="1" visitedBranchPoints="0" sequenceCoverage="0" branchCoverage="0" maxCyclomaticComplexity="1" minCyclomaticComplexity="1" maxCrapScore="2" minCrapScore="2" visitedClasses="0" numClasses="0" visitedMethods="0" numMethods="1" />
              <MetadataToken>100663303</MetadataToken>
              <Name>System.Void AttendanceListGenerator.Core.Tests.Unit.Pdf.AttendanceListDocumentGeneratorTests::GenerateDocument_January2019_GeneratesTable()</Name>
              <FileRef uid="1" />
              <SequencePoints>
                <SequencePoint vc="0" uspid="37" ordinal="0" offset="0" sl="73" sc="9" el="73" ec="10" bec="0" bev="0" fileid="1" />
                <SequencePoint vc="0" uspid="38" ordinal="1" offset="1" sl="74" sc="13" el="74" ec="102" bec="0" bev="0" fileid="1" />
                <SequencePoint vc="0" uspid="39" ordinal="2" offset="8" sl="76" sc="13" el="76" ec="70" bec="0" bev="0" fileid="1" />
                <SequencePoint vc="0" uspid="40" ordinal="3" offset="15" sl="78" sc="13" el="78" ec="58" bec="0" bev="0" fileid="1" />
                <SequencePoint vc="0" uspid="41" ordinal="4" offset="33" sl="79" sc="13" el="79" ec="45" bec="0" bev="0" fileid="1" />
                <SequencePoint vc="0" uspid="42" ordinal="5" offset="50" sl="80" sc="9" el="80" ec="10" bec="0" bev="0" fileid="1" />
              </SequencePoints>
              <BranchPoints />
              <MethodPoint xsi:type="SequencePoint" vc="0" uspid="37" ordinal="0" offset="0" sl="73" sc="9" el="73" ec="10" bec="0" bev="0" fileid="1" />
            </Method>
            <Method visited="false" cyclomaticComplexity="1" nPathComplexity="0" sequenceCoverage="0" branchCoverage="0" crapScore="2" isConstructor="false" isStatic="false" isGetter="false" isSetter="false">
              <Summary numSequencePoints="6" visitedSequencePoints="0" numBranchPoints="1" visitedBranchPoints="0" sequenceCoverage="0" branchCoverage="0" maxCyclomaticComplexity="1" minCyclomaticComplexity="1" maxCrapScore="2" minCrapScore="2" visitedClasses="0" numClasses="0" visitedMethods="0" numMethods="1" />
              <MetadataToken>100663304</MetadataToken>
              <Name>System.Void AttendanceListGenerator.Core.Tests.Unit.Pdf.AttendanceListDocumentGeneratorTests::GenerateDocument_January2019_GeneratesTableWith9Columns()</Name>
              <FileRef uid="1" />
              <SequencePoints>
                <SequencePoint vc="0" uspid="43" ordinal="0" offset="0" sl="84" sc="9" el="84" ec="10" bec="0" bev="0" fileid="1" />
                <SequencePoint vc="0" uspid="44" ordinal="1" offset="1" sl="85" sc="13" el="85" ec="102" bec="0" bev="0" fileid="1" />
                <SequencePoint vc="0" uspid="45" ordinal="2" offset="8" sl="87" sc="13" el="87" ec="70" bec="0" bev="0" fileid="1" />
                <SequencePoint vc="0" uspid="46" ordinal="3" offset="15" sl="89" sc="13" el="89" ec="80" bec="0" bev="0" fileid="1" />
                <SequencePoint vc="0" uspid="47" ordinal="4" offset="43" sl="90" sc="13" el="90" ec="57" bec="0" bev="0" fileid="1" />
                <SequencePoint vc="0" uspid="48" ordinal="5" offset="62" sl="91" sc="9" el="91" ec="10" bec="0" bev="0" fileid="1" />
              </SequencePoints>
              <BranchPoints />
              <MethodPoint xsi:type="SequencePoint" vc="0" uspid="43" ordinal="0" offset="0" sl="84" sc="9" el="84" ec="10" bec="0" bev="0" fileid="1" />
            </Method>
            <Method visited="false" cyclomaticComplexity="1" nPathComplexity="0" sequenceCoverage="0" branchCoverage="0" crapScore="2" isConstructor="false" isStatic="false" isGetter="false" isSetter="false">
              <Summary numSequencePoints="8" visitedSequencePoints="0" numBranchPoints="1" visitedBranchPoints="0" sequenceCoverage="0" branchCoverage="0" maxCyclomaticComplexity="1" minCyclomaticComplexity="1" maxCrapScore="2" minCrapScore="2" visitedClasses="0" numClasses="0" visitedMethods="0" numMethods="1" />
              <MetadataToken>100663305</MetadataToken>
              <Name>System.Void AttendanceListGenerator.Core.Tests.Unit.Pdf.AttendanceListDocumentGeneratorTests::GenerateDocument_January2019_FirstFullnameInTheTableIsEqualToPassedOne()</Name>
              <FileRef uid="1" />
              <SequencePoints>
                <SequencePoint vc="0" uspid="49" ordinal="0" offset="0" sl="95" sc="9" el="95" ec="10" bec="0" bev="0" fileid="1" />
                <SequencePoint vc="0" uspid="50" ordinal="1" offset="1" sl="96" sc="13" el="96" ec="102" bec="0" bev="0" fileid="1" />
                <SequencePoint vc="0" uspid="51" ordinal="2" offset="8" sl="98" sc="13" el="98" ec="70" bec="0" bev="0" fileid="1" />
                <SequencePoint vc="0" uspid="52" ordinal="3" offset="15" sl="100" sc="13" el="100" ec="133" bec="0" bev="0" fileid="1" />
                <SequencePoint vc="0" uspid="53" ordinal="4" offset="92" sl="101" sc="13" el="101" ec="132" bec="0" bev="0" fileid="1" />
                <SequencePoint vc="0" uspid="54" ordinal="5" offset="169" sl="102" sc="13" el="102" ec="57" bec="0" bev="0" fileid="1" />
                <SequencePoint vc="0" uspid="55" ordinal="6" offset="186" sl="103" sc="13" el="103" ec="55" bec="0" bev="0" fileid="1" />
                <SequencePoint vc="0" uspid="56" ordinal="7" offset="203" sl="104" sc="9" el="104" ec="10" bec="0" bev="0" fileid="1" />
              </SequencePoints>
              <BranchPoints />
              <MethodPoint xsi:type="SequencePoint" vc="0" uspid="49" ordinal="0" offset="0" sl="95" sc="9" el="95" ec="10" bec="0" bev="0" fileid="1" />
            </Method>
            <Method visited="false" cyclomaticComplexity="1" nPathComplexity="0" sequenceCoverage="0" branchCoverage="0" crapScore="2" isConstructor="false" isStatic="false" isGetter="false" isSetter="false">
              <Summary numSequencePoints="8" visitedSequencePoints="0" numBranchPoints="1" visitedBranchPoints="0" sequenceCoverage="0" branchCoverage="0" maxCyclomaticComplexity="1" minCyclomaticComplexity="1" maxCrapScore="2" minCrapScore="2" visitedClasses="0" numClasses="0" visitedMethods="0" numMethods="1" />
              <MetadataToken>100663306</MetadataToken>
              <Name>System.Void AttendanceListGenerator.Core.Tests.Unit.Pdf.AttendanceListDocumentGeneratorTests::GenerateDocument_January2019_ThirdFullnameInTheTableIsEqualToPassedOne()</Name>
              <FileRef uid="1" />
              <SequencePoints>
                <SequencePoint vc="0" uspid="57" ordinal="0" offset="0" sl="108" sc="9" el="108" ec="10" bec="0" bev="0" fileid="1" />
                <SequencePoint vc="0" uspid="58" ordinal="1" offset="1" sl="109" sc="13" el="109" ec="102" bec="0" bev="0" fileid="1" />
                <SequencePoint vc="0" uspid="59" ordinal="2" offset="8" sl="111" sc="13" el="111" ec="70" bec="0" bev="0" fileid="1" />
                <SequencePoint vc="0" uspid="60" ordinal="3" offset="15" sl="113" sc="13" el="113" ec="133" bec="0" bev="0" fileid="1" />
                <SequencePoint vc="0" uspid="61" ordinal="4" offset="92" sl="114" sc="13" el="114" ec="132" bec="0" bev="0" fileid="1" />
                <SequencePoint vc="0" uspid="62" ordinal="5" offset="169" sl="115" sc="13" el="115" ec="56" bec="0" bev="0" fileid="1" />
                <SequencePoint vc="0" uspid="63" ordinal="6" offset="186" sl="116" sc="13" el="116" ec="58" bec="0" bev="0" fileid="1" />
                <SequencePoint vc="0" uspid="64" ordinal="7" offset="203" sl="117" sc="9" el="117" ec="10" bec="0" bev="0" fileid="1" />
              </SequencePoints>
              <BranchPoints />
              <MethodPoint xsi:type="SequencePoint" vc="0" uspid="57" ordinal="0" offset="0" sl="108" sc="9" el="108" ec="10" bec="0" bev="0" fileid="1" />
            </Method>
            <Method visited="false" cyclomaticComplexity="1" nPathComplexity="0" sequenceCoverage="0" branchCoverage="0" crapScore="2" isConstructor="false" isStatic="false" isGetter="false" isSetter="false">
              <Summary numSequencePoints="6" visitedSequencePoints="0" numBranchPoints="1" visitedBranchPoints="0" sequenceCoverage="0" branchCoverage="0" maxCyclomaticComplexity="1" minCyclomaticComplexity="1" maxCrapScore="2" minCrapScore="2" visitedClasses="0" numClasses="0" visitedMethods="0" numMethods="1" />
              <MetadataToken>100663307</MetadataToken>
              <Name>System.Void AttendanceListGenerator.Core.Tests.Unit.Pdf.AttendanceListDocumentGeneratorTests::GenerateDocument_January2019_FourthFullnameInTheTableDoesNotExistAndThrowsAnException()</Name>
              <FileRef uid="1" />
              <SequencePoints>
                <SequencePoint vc="0" uspid="65" ordinal="0" offset="6" sl="121" sc="9" el="121" ec="10" bec="0" bev="0" fileid="1" />
                <SequencePoint vc="0" uspid="66" ordinal="1" offset="7" sl="122" sc="13" el="122" ec="102" bec="0" bev="0" fileid="1" />
                <SequencePoint vc="0" uspid="67" ordinal="2" offset="14" sl="124" sc="13" el="124" ec="70" bec="0" bev="0" fileid="1" />
                <SequencePoint vc="0" uspid="68" ordinal="3" offset="26" sl="127" sc="13" el="127" ec="156" bec="0" bev="0" fileid="1" />
                <SequencePoint vc="0" uspid="69" ordinal="4" offset="39" sl="128" sc="13" el="128" ec="87" bec="0" bev="0" fileid="1" />
                <SequencePoint vc="0" uspid="70" ordinal="5" offset="51" sl="129" sc="9" el="129" ec="10" bec="0" bev="0" fileid="1" />
              </SequencePoints>
              <BranchPoints />
              <MethodPoint vc="0" uspid="71" ordinal="0" offset="0" />
            </Method>
            <Method visited="false" cyclomaticComplexity="1" nPathComplexity="0" sequenceCoverage="0" branchCoverage="0" crapScore="2" isConstructor="false" isStatic="false" isGetter="false" isSetter="false">
              <Summary numSequencePoints="6" visitedSequencePoints="0" numBranchPoints="1" visitedBranchPoints="0" sequenceCoverage="0" branchCoverage="0" maxCyclomaticComplexity="1" minCyclomaticComplexity="1" maxCrapScore="2" minCrapScore="2" visitedClasses="0" numClasses="0" visitedMethods="0" numMethods="1" />
              <MetadataToken>100663308</MetadataToken>
              <Name>System.Void AttendanceListGenerator.Core.Tests.Unit.Pdf.AttendanceListDocumentGeneratorTests::GenerateDocument_January2019_GeneratesTableWith32Rows()</Name>
              <FileRef uid="1" />
              <SequencePoints>
                <SequencePoint vc="0" uspid="72" ordinal="0" offset="0" sl="133" sc="9" el="133" ec="10" bec="0" bev="0" fileid="1" />
                <SequencePoint vc="0" uspid="73" ordinal="1" offset="1" sl="134" sc="13" el="134" ec="102" bec="0" bev="0" fileid="1" />
                <SequencePoint vc="0" uspid="74" ordinal="2" offset="8" sl="136" sc="13" el="136" ec="70" bec="0" bev="0" fileid="1" />
                <SequencePoint vc="0" uspid="75" ordinal="3" offset="15" sl="138" sc="13" el="138" ec="74" bec="0" bev="0" fileid="1" />
                <SequencePoint vc="0" uspid="76" ordinal="4" offset="43" sl="139" sc="13" el="139" ec="55" bec="0" bev="0" fileid="1" />
                <SequencePoint vc="0" uspid="77" ordinal="5" offset="62" sl="140" sc="9" el="140" ec="10" bec="0" bev="0" fileid="1" />
              </SequencePoints>
              <BranchPoints />
              <MethodPoint xsi:type="SequencePoint" vc="0" uspid="72" ordinal="0" offset="0" sl="133" sc="9" el="133" ec="10" bec="0" bev="0" fileid="1" />
            </Method>
            <Method visited="false" cyclomaticComplexity="1" nPathComplexity="0" sequenceCoverage="0" branchCoverage="0" crapScore="2" isConstructor="false" isStatic="false" isGetter="false" isSetter="false">
              <Summary numSequencePoints="6" visitedSequencePoints="0" numBranchPoints="1" visitedBranchPoints="0" sequenceCoverage="0" branchCoverage="0" maxCyclomaticComplexity="1" minCyclomaticComplexity="1" maxCrapScore="2" minCrapScore="2" visitedClasses="0" numClasses="0" visitedMethods="0" numMethods="1" />
              <MetadataToken>100663309</MetadataToken>
              <Name>System.Void AttendanceListGenerator.Core.Tests.Unit.Pdf.AttendanceListDocumentGeneratorTests::GenerateDocument_January2019_FirstColumnInFourthRowIsEqualTo4WithDot()</Name>
              <FileRef uid="1" />
              <SequencePoints>
                <SequencePoint vc="0" uspid="78" ordinal="0" offset="0" sl="144" sc="9" el="144" ec="10" bec="0" bev="0" fileid="1" />
                <SequencePoint vc="0" uspid="79" ordinal="1" offset="1" sl="145" sc="13" el="145" ec="102" bec="0" bev="0" fileid="1" />
                <SequencePoint vc="0" uspid="80" ordinal="2" offset="8" sl="147" sc="13" el="147" ec="70" bec="0" bev="0" fileid="1" />
                <SequencePoint vc="0" uspid="81" ordinal="3" offset="15" sl="149" sc="13" el="149" ec="131" bec="0" bev="0" fileid="1" />
                <SequencePoint vc="0" uspid="82" ordinal="4" offset="92" sl="150" sc="13" el="150" ec="52" bec="0" bev="0" fileid="1" />
                <SequencePoint vc="0" uspid="83" ordinal="5" offset="109" sl="151" sc="9" el="151" ec="10" bec="0" bev="0" fileid="1" />
              </SequencePoints>
              <BranchPoints />
              <MethodPoint xsi:type="SequencePoint" vc="0" uspid="78" ordinal="0" offset="0" sl="144" sc="9" el="144" ec="10" bec="0" bev="0" fileid="1" />
            </Method>
            <Method visited="false" cyclomaticComplexity="1" nPathComplexity="0" sequenceCoverage="0" branchCoverage="0" crapScore="2" isConstructor="false" isStatic="false" isGetter="false" isSetter="false">
              <Summary numSequencePoints="6" visitedSequencePoints="0" numBranchPoints="1" visitedBranchPoints="0" sequenceCoverage="0" branchCoverage="0" maxCyclomaticComplexity="1" minCyclomaticComplexity="1" maxCrapScore="2" minCrapScore="2" visitedClasses="0" numClasses="0" visitedMethods="0" numMethods="1" />
              <MetadataToken>100663310</MetadataToken>
              <Name>System.Void AttendanceListGenerator.Core.Tests.Unit.Pdf.AttendanceListDocumentGeneratorTests::GenerateDocument_January2019_FirstColumnInThirtyFirstRowIsEqualTo4WithDot()</Name>
              <FileRef uid="1" />
              <SequencePoints>
                <SequencePoint vc="0" uspid="84" ordinal="0" offset="0" sl="155" sc="9" el="155" ec="10" bec="0" bev="0" fileid="1" />
                <SequencePoint vc="0" uspid="85" ordinal="1" offset="1" sl="156" sc="13" el="156" ec="102" bec="0" bev="0" fileid="1" />
                <SequencePoint vc="0" uspid="86" ordinal="2" offset="8" sl="158" sc="13" el="158" ec="70" bec="0" bev="0" fileid="1" />
                <SequencePoint vc="0" uspid="87" ordinal="3" offset="15" sl="160" sc="13" el="160" ec="132" bec="0" bev="0" fileid="1" />
                <SequencePoint vc="0" uspid="88" ordinal="4" offset="93" sl="161" sc="13" el="161" ec="53" bec="0" bev="0" fileid="1" />
                <SequencePoint vc="0" uspid="89" ordinal="5" offset="110" sl="162" sc="9" el="162" ec="10" bec="0" bev="0" fileid="1" />
              </SequencePoints>
              <BranchPoints />
              <MethodPoint xsi:type="SequencePoint" vc="0" uspid="84" ordinal="0" offset="0" sl="155" sc="9" el="155" ec="10" bec="0" bev="0" fileid="1" />
            </Method>
            <Method visited="false" cyclomaticComplexity="1" nPathComplexity="0" sequenceCoverage="0" branchCoverage="0" crapScore="2" isConstructor="false" isStatic="false" isGetter="false" isSetter="false">
              <Summary numSequencePoints="6" visitedSequencePoints="0" numBranchPoints="1" visitedBranchPoints="0" sequenceCoverage="0" branchCoverage="0" maxCyclomaticComplexity="1" minCyclomaticComplexity="1" maxCrapScore="2" minCrapScore="2" visitedClasses="0" numClasses="0" visitedMethods="0" numMethods="1" />
              <MetadataToken>100663311</MetadataToken>
              <Name>System.Void AttendanceListGenerator.Core.Tests.Unit.Pdf.AttendanceListDocumentGeneratorTests::GenerateDocument_January2019_SecondColumnInFourthRowIsEqualToFridayAbbreviation()</Name>
              <FileRef uid="1" />
              <SequencePoints>
                <SequencePoint vc="0" uspid="90" ordinal="0" offset="0" sl="166" sc="9" el="166" ec="10" bec="0" bev="0" fileid="1" />
                <SequencePoint vc="0" uspid="91" ordinal="1" offset="1" sl="167" sc="13" el="167" ec="102" bec="0" bev="0" fileid="1" />
                <SequencePoint vc="0" uspid="92" ordinal="2" offset="8" sl="169" sc="13" el="169" ec="70" bec="0" bev="0" fileid="1" />
                <SequencePoint vc="0" uspid="93" ordinal="3" offset="15" sl="171" sc="13" el="171" ec="131" bec="0" bev="0" fileid="1" />
                <SequencePoint vc="0" uspid="94" ordinal="4" offset="92" sl="172" sc="13" el="172" ec="54" bec="0" bev="0" fileid="1" />
                <SequencePoint vc="0" uspid="95" ordinal="5" offset="109" sl="173" sc="9" el="173" ec="10" bec="0" bev="0" fileid="1" />
              </SequencePoints>
              <BranchPoints />
              <MethodPoint xsi:type="SequencePoint" vc="0" uspid="90" ordinal="0" offset="0" sl="166" sc="9" el="166" ec="10" bec="0" bev="0" fileid="1" />
            </Method>
            <Method visited="false" cyclomaticComplexity="1" nPathComplexity="0" sequenceCoverage="0" branchCoverage="0" crapScore="2" isConstructor="false" isStatic="false" isGetter="false" isSetter="false">
              <Summary numSequencePoints="6" visitedSequencePoints="0" numBranchPoints="1" visitedBranchPoints="0" sequenceCoverage="0" branchCoverage="0" maxCyclomaticComplexity="1" minCyclomaticComplexity="1" maxCrapScore="2" minCrapScore="2" visitedClasses="0" numClasses="0" visitedMethods="0" numMethods="1" />
              <MetadataToken>100663312</MetadataToken>
              <Name>System.Void AttendanceListGenerator.Core.Tests.Unit.Pdf.AttendanceListDocumentGeneratorTests::GenerateDocument_January2019_SecondColumnInThirtyFirstRowIsEqualToThursdayAbbreviation()</Name>
              <FileRef uid="1" />
              <SequencePoints>
                <SequencePoint vc="0" uspid="96" ordinal="0" offset="0" sl="177" sc="9" el="177" ec="10" bec="0" bev="0" fileid="1" />
                <SequencePoint vc="0" uspid="97" ordinal="1" offset="1" sl="178" sc="13" el="178" ec="102" bec="0" bev="0" fileid="1" />
                <SequencePoint vc="0" uspid="98" ordinal="2" offset="8" sl="180" sc="13" el="180" ec="70" bec="0" bev="0" fileid="1" />
                <SequencePoint vc="0" uspid="99" ordinal="3" offset="15" sl="182" sc="13" el="182" ec="132" bec="0" bev="0" fileid="1" />
                <SequencePoint vc="0" uspid="100" ordinal="4" offset="93" sl="183" sc="13" el="183" ec="54" bec="0" bev="0" fileid="1" />
                <SequencePoint vc="0" uspid="101" ordinal="5" offset="110" sl="184" sc="9" el="184" ec="10" bec="0" bev="0" fileid="1" />
              </SequencePoints>
              <BranchPoints />
              <MethodPoint xsi:type="SequencePoint" vc="0" uspid="96" ordinal="0" offset="0" sl="177" sc="9" el="177" ec="10" bec="0" bev="0" fileid="1" />
            </Method>
            <Method visited="false" cyclomaticComplexity="1" nPathComplexity="0" sequenceCoverage="0" branchCoverage="0" crapScore="2" isConstructor="false" isStatic="false" isGetter="false" isSetter="false">
              <Summary numSequencePoints="6" visitedSequencePoints="0" numBranchPoints="1" visitedBranchPoints="0" sequenceCoverage="0" branchCoverage="0" maxCyclomaticComplexity="1" minCyclomaticComplexity="1" maxCrapScore="2" minCrapScore="2" visitedClasses="0" numClasses="0" visitedMethods="0" numMethods="1" />
              <MetadataToken>100663313</MetadataToken>
              <Name>System.Void AttendanceListGenerator.Core.Tests.Unit.Pdf.AttendanceListDocumentGeneratorTests::GenerateDocument_January2019_FullnamesRowsColorIsCorrect()</Name>
              <FileRef uid="1" />
              <SequencePoints>
                <SequencePoint vc="0" uspid="102" ordinal="0" offset="0" sl="188" sc="9" el="188" ec="10" bec="0" bev="0" fileid="1" />
                <SequencePoint vc="0" uspid="103" ordinal="1" offset="1" sl="189" sc="13" el="189" ec="102" bec="0" bev="0" fileid="1" />
                <SequencePoint vc="0" uspid="104" ordinal="2" offset="8" sl="191" sc="13" el="191" ec="70" bec="0" bev="0" fileid="1" />
                <SequencePoint vc="0" uspid="105" ordinal="3" offset="15" sl="193" sc="13" el="193" ec="90" bec="0" bev="0" fileid="1" />
                <SequencePoint vc="0" uspid="106" ordinal="4" offset="54" sl="194" sc="13" el="194" ec="98" bec="0" bev="0" fileid="1" />
                <SequencePoint vc="0" uspid="107" ordinal="5" offset="77" sl="195" sc="9" el="195" ec="10" bec="0" bev="0" fileid="1" />
              </SequencePoints>
              <BranchPoints />
              <MethodPoint xsi:type="SequencePoint" vc="0" uspid="102" ordinal="0" offset="0" sl="188" sc="9" el="188" ec="10" bec="0" bev="0" fileid="1" />
            </Method>
            <Method visited="false" cyclomaticComplexity="1" nPathComplexity="0" sequenceCoverage="0" branchCoverage="0" crapScore="2" isConstructor="false" isStatic="false" isGetter="false" isSetter="false">
              <Summary numSequencePoints="6" visitedSequencePoints="0" numBranchPoints="1" visitedBranchPoints="0" sequenceCoverage="0" branchCoverage="0" maxCyclomaticComplexity="1" minCyclomaticComplexity="1" maxCrapScore="2" minCrapScore="2" visitedClasses="0" numClasses="0" visitedMethods="0" numMethods="1" />
              <MetadataToken>100663314</MetadataToken>
              <Name>System.Void AttendanceListGenerator.Core.Tests.Unit.Pdf.AttendanceListDocumentGeneratorTests::GenerateDocument_January2019_SundayThe13thRowsColorIsCorrect()</Name>
              <FileRef uid="1" />
              <SequencePoints>
                <SequencePoint vc="0" uspid="108" ordinal="0" offset="0" sl="199" sc="9" el="199" ec="10" bec="0" bev="0" fileid="1" />
                <SequencePoint vc="0" uspid="109" ordinal="1" offset="1" sl="200" sc="13" el="200" ec="102" bec="0" bev="0" fileid="1" />
                <SequencePoint vc="0" uspid="110" ordinal="2" offset="8" sl="202" sc="13" el="202" ec="70" bec="0" bev="0" fileid="1" />
                <SequencePoint vc="0" uspid="111" ordinal="3" offset="15" sl="204" sc="13" el="204" ec="91" bec="0" bev="0" fileid="1" />
                <SequencePoint vc="0" uspid="112" ordinal="4" offset="55" sl="205" sc="13" el="205" ec="95" bec="0" bev="0" fileid="1" />
                <SequencePoint vc="0" uspid="113" ordinal="5" offset="78" sl="206" sc="9" el="206" ec="10" bec="0" bev="0" fileid="1" />
              </SequencePoints>
              <BranchPoints />
              <MethodPoint xsi:type="SequencePoint" vc="0" uspid="108" ordinal="0" offset="0" sl="199" sc="9" el="199" ec="10" bec="0" bev="0" fileid="1" />
            </Method>
            <Method visited="false" cyclomaticComplexity="1" nPathComplexity="0" sequenceCoverage="0" branchCoverage="0" crapScore="2" isConstructor="false" isStatic="false" isGetter="false" isSetter="false">
              <Summary numSequencePoints="6" visitedSequencePoints="0" numBranchPoints="1" visitedBranchPoints="0" sequenceCoverage="0" branchCoverage="0" maxCyclomaticComplexity="1" minCyclomaticComplexity="1" maxCrapScore="2" minCrapScore="2" visitedClasses="0" numClasses="0" visitedMethods="0" numMethods="1" />
              <MetadataToken>100663315</MetadataToken>
              <Name>System.Void AttendanceListGenerator.Core.Tests.Unit.Pdf.AttendanceListDocumentGeneratorTests::GenerateDocument_January2019_SaturdayThe19thRowsColorIsCorrect()</Name>
              <FileRef uid="1" />
              <SequencePoints>
                <SequencePoint vc="0" uspid="114" ordinal="0" offset="0" sl="210" sc="9" el="210" ec="10" bec="0" bev="0" fileid="1" />
                <SequencePoint vc="0" uspid="115" ordinal="1" offset="1" sl="211" sc="13" el="211" ec="102" bec="0" bev="0" fileid="1" />
                <SequencePoint vc="0" uspid="116" ordinal="2" offset="8" sl="213" sc="13" el="213" ec="70" bec="0" bev="0" fileid="1" />
                <SequencePoint vc="0" uspid="117" ordinal="3" offset="15" sl="215" sc="13" el="215" ec="91" bec="0" bev="0" fileid="1" />
                <SequencePoint vc="0" uspid="118" ordinal="4" offset="55" sl="216" sc="13" el="216" ec="97" bec="0" bev="0" fileid="1" />
                <SequencePoint vc="0" uspid="119" ordinal="5" offset="78" sl="217" sc="9" el="217" ec="10" bec="0" bev="0" fileid="1" />
              </SequencePoints>
              <BranchPoints />
              <MethodPoint xsi:type="SequencePoint" vc="0" uspid="114" ordinal="0" offset="0" sl="210" sc="9" el="210" ec="10" bec="0" bev="0" fileid="1" />
            </Method>
            <Method visited="false" cyclomaticComplexity="1" nPathComplexity="0" sequenceCoverage="0" branchCoverage="0" crapScore="2" isConstructor="false" isStatic="false" isGetter="false" isSetter="false">
              <Summary numSequencePoints="7" visitedSequencePoints="0" numBranchPoints="1" visitedBranchPoints="0" sequenceCoverage="0" branchCoverage="0" maxCyclomaticComplexity="1" minCyclomaticComplexity="1" maxCrapScore="2" minCrapScore="2" visitedClasses="0" numClasses="0" visitedMethods="0" numMethods="1" />
              <MetadataToken>100663316</MetadataToken>
              <Name>System.Void AttendanceListGenerator.Core.Tests.Unit.Pdf.AttendanceListDocumentGeneratorTests::GenerateDocument_January2019WithoutDocumentColors_FullnamesRowsColorIsEqualToZero()</Name>
              <FileRef uid="1" />
              <SequencePoints>
                <SequencePoint vc="0" uspid="120" ordinal="0" offset="0" sl="221" sc="9" el="221" ec="10" bec="0" bev="0" fileid="1" />
                <SequencePoint vc="0" uspid="121" ordinal="1" offset="1" sl="222" sc="13" el="222" ec="102" bec="0" bev="0" fileid="1" />
                <SequencePoint vc="0" uspid="122" ordinal="2" offset="8" sl="223" sc="13" el="223" ec="65" bec="0" bev="0" fileid="1" />
                <SequencePoint vc="0" uspid="123" ordinal="3" offset="16" sl="225" sc="13" el="225" ec="70" bec="0" bev="0" fileid="1" />
                <SequencePoint vc="0" uspid="124" ordinal="4" offset="23" sl="227" sc="13" el="227" ec="90" bec="0" bev="0" fileid="1" />
                <SequencePoint vc="0" uspid="125" ordinal="5" offset="62" sl="228" sc="13" el="228" ec="61" bec="0" bev="0" fileid="1" />
                <SequencePoint vc="0" uspid="126" ordinal="6" offset="86" sl="229" sc="9" el="229" ec="10" bec="0" bev="0" fileid="1" />
              </SequencePoints>
              <BranchPoints />
              <MethodPoint xsi:type="SequencePoint" vc="0" uspid="120" ordinal="0" offset="0" sl="221" sc="9" el="221" ec="10" bec="0" bev="0" fileid="1" />
            </Method>
            <Method visited="false" cyclomaticComplexity="1" nPathComplexity="0" sequenceCoverage="0" branchCoverage="0" crapScore="2" isConstructor="false" isStatic="false" isGetter="false" isSetter="false">
              <Summary numSequencePoints="7" visitedSequencePoints="0" numBranchPoints="1" visitedBranchPoints="0" sequenceCoverage="0" branchCoverage="0" maxCyclomaticComplexity="1" minCyclomaticComplexity="1" maxCrapScore="2" minCrapScore="2" visitedClasses="0" numClasses="0" visitedMethods="0" numMethods="1" />
              <MetadataToken>100663317</MetadataToken>
              <Name>System.Void AttendanceListGenerator.Core.Tests.Unit.Pdf.AttendanceListDocumentGeneratorTests::GenerateDocument_January2019WithoutDocumentColors_SundayThe13thRowsColorIsEqualToZero()</Name>
              <FileRef uid="1" />
              <SequencePoints>
                <SequencePoint vc="0" uspid="127" ordinal="0" offset="0" sl="233" sc="9" el="233" ec="10" bec="0" bev="0" fileid="1" />
                <SequencePoint vc="0" uspid="128" ordinal="1" offset="1" sl="234" sc="13" el="234" ec="102" bec="0" bev="0" fileid="1" />
                <SequencePoint vc="0" uspid="129" ordinal="2" offset="8" sl="235" sc="13" el="235" ec="65" bec="0" bev="0" fileid="1" />
                <SequencePoint vc="0" uspid="130" ordinal="3" offset="16" sl="237" sc="13" el="237" ec="70" bec="0" bev="0" fileid="1" />
                <SequencePoint vc="0" uspid="131" ordinal="4" offset="23" sl="239" sc="13" el="239" ec="91" bec="0" bev="0" fileid="1" />
                <SequencePoint vc="0" uspid="132" ordinal="5" offset="63" sl="240" sc="13" el="240" ec="61" bec="0" bev="0" fileid="1" />
                <SequencePoint vc="0" uspid="133" ordinal="6" offset="87" sl="241" sc="9" el="241" ec="10" bec="0" bev="0" fileid="1" />
              </SequencePoints>
              <BranchPoints />
              <MethodPoint xsi:type="SequencePoint" vc="0" uspid="127" ordinal="0" offset="0" sl="233" sc="9" el="233" ec="10" bec="0" bev="0" fileid="1" />
            </Method>
            <Method visited="false" cyclomaticComplexity="1" nPathComplexity="0" sequenceCoverage="0" branchCoverage="0" crapScore="2" isConstructor="false" isStatic="false" isGetter="false" isSetter="false">
              <Summary numSequencePoints="7" visitedSequencePoints="0" numBranchPoints="1" visitedBranchPoints="0" sequenceCoverage="0" branchCoverage="0" maxCyclomaticComplexity="1" minCyclomaticComplexity="1" maxCrapScore="2" minCrapScore="2" visitedClasses="0" numClasses="0" visitedMethods="0" numMethods="1" />
              <MetadataToken>100663318</MetadataToken>
              <Name>System.Void AttendanceListGenerator.Core.Tests.Unit.Pdf.AttendanceListDocumentGeneratorTests::GenerateDocument_January2019WithoutDocumentColors_SaturdayThe19thRowsColorIsEqualToZero()</Name>
              <FileRef uid="1" />
              <SequencePoints>
                <SequencePoint vc="0" uspid="134" ordinal="0" offset="0" sl="245" sc="9" el="245" ec="10" bec="0" bev="0" fileid="1" />
                <SequencePoint vc="0" uspid="135" ordinal="1" offset="1" sl="246" sc="13" el="246" ec="102" bec="0" bev="0" fileid="1" />
                <SequencePoint vc="0" uspid="136" ordinal="2" offset="8" sl="247" sc="13" el="247" ec="65" bec="0" bev="0" fileid="1" />
                <SequencePoint vc="0" uspid="137" ordinal="3" offset="16" sl="249" sc="13" el="249" ec="70" bec="0" bev="0" fileid="1" />
                <SequencePoint vc="0" uspid="138" ordinal="4" offset="23" sl="251" sc="13" el="251" ec="91" bec="0" bev="0" fileid="1" />
                <SequencePoint vc="0" uspid="139" ordinal="5" offset="63" sl="252" sc="13" el="252" ec="61" bec="0" bev="0" fileid="1" />
                <SequencePoint vc="0" uspid="140" ordinal="6" offset="87" sl="253" sc="9" el="253" ec="10" bec="0" bev="0" fileid="1" />
              </SequencePoints>
              <BranchPoints />
              <MethodPoint xsi:type="SequencePoint" vc="0" uspid="134" ordinal="0" offset="0" sl="245" sc="9" el="245" ec="10" bec="0" bev="0" fileid="1" />
            </Method>
            <Method visited="false" cyclomaticComplexity="1" nPathComplexity="0" sequenceCoverage="0" branchCoverage="0" crapScore="2" isConstructor="false" isStatic="false" isGetter="false" isSetter="false">
              <Summary numSequencePoints="13" visitedSequencePoints="0" numBranchPoints="1" visitedBranchPoints="0" sequenceCoverage="0" branchCoverage="0" maxCyclomaticComplexity="1" minCyclomaticComplexity="1" maxCrapScore="2" minCrapScore="2" visitedClasses="0" numClasses="0" visitedMethods="0" numMethods="1" />
              <MetadataToken>100663319</MetadataToken>
              <Name>System.Void AttendanceListGenerator.Core.Tests.Unit.Pdf.AttendanceListDocumentGeneratorTests::GenerateDocument_January2019_AllSundayThe20thColumnsContentAreEqualToSundayName()</Name>
              <FileRef uid="1" />
              <SequencePoints>
                <SequencePoint vc="0" uspid="141" ordinal="0" offset="0" sl="257" sc="9" el="257" ec="10" bec="0" bev="0" fileid="1" />
                <SequencePoint vc="0" uspid="142" ordinal="1" offset="1" sl="258" sc="13" el="258" ec="102" bec="0" bev="0" fileid="1" />
                <SequencePoint vc="0" uspid="143" ordinal="2" offset="8" sl="260" sc="13" el="260" ec="70" bec="0" bev="0" fileid="1" />
                <SequencePoint vc="0" uspid="144" ordinal="3" offset="15" sl="262" sc="13" el="262" ec="136" bec="0" bev="0" fileid="1" />
                <SequencePoint vc="0" uspid="145" ordinal="4" offset="93" sl="263" sc="13" el="263" ec="137" bec="0" bev="0" fileid="1" />
                <SequencePoint vc="0" uspid="146" ordinal="5" offset="171" sl="264" sc="13" el="264" ec="136" bec="0" bev="0" fileid="1" />
                <SequencePoint vc="0" uspid="147" ordinal="6" offset="250" sl="265" sc="13" el="265" ec="137" bec="0" bev="0" fileid="1" />
                <SequencePoint vc="0" uspid="148" ordinal="7" offset="329" sl="266" sc="13" el="266" ec="136" bec="0" bev="0" fileid="1" />
                <SequencePoint vc="0" uspid="149" ordinal="8" offset="408" sl="267" sc="13" el="267" ec="136" bec="0" bev="0" fileid="1" />
                <SequencePoint vc="0" uspid="150" ordinal="9" offset="487" sl="268" sc="13" el="268" ec="138" bec="0" bev="0" fileid="1" />
                <SequencePoint vc="0" uspid="151" ordinal="10" offset="566" sl="269" sc="13" el="269" ec="155" bec="0" bev="0" fileid="1" />
                <SequencePoint vc="0" uspid="152" ordinal="11" offset="634" sl="270" sc="13" el="270" ec="64" bec="0" bev="0" fileid="1" />
                <SequencePoint vc="0" uspid="153" ordinal="12" offset="657" sl="271" sc="9" el="271" ec="10" bec="0" bev="0" fileid="1" />
              </SequencePoints>
              <BranchPoints />
              <MethodPoint xsi:type="SequencePoint" vc="0" uspid="141" ordinal="0" offset="0" sl="257" sc="9" el="257" ec="10" bec="0" bev="0" fileid="1" />
            </Method>
            <Method visited="false" cyclomaticComplexity="1" nPathComplexity="0" sequenceCoverage="0" branchCoverage="0" crapScore="2" isConstructor="false" isStatic="false" isGetter="false" isSetter="false">
              <Summary numSequencePoints="13" visitedSequencePoints="0" numBranchPoints="1" visitedBranchPoints="0" sequenceCoverage="0" branchCoverage="0" maxCyclomaticComplexity="1" minCyclomaticComplexity="1" maxCrapScore="2" minCrapScore="2" visitedClasses="0" numClasses="0" visitedMethods="0" numMethods="1" />
              <MetadataToken>100663320</MetadataToken>
              <Name>System.Void AttendanceListGenerator.Core.Tests.Unit.Pdf.AttendanceListDocumentGeneratorTests::GenerateDocument_January2019_AllTuesdayThe1stColumnsContentAreEqualToNewYearsDayName()</Name>
              <FileRef uid="1" />
              <SequencePoints>
                <SequencePoint vc="0" uspid="154" ordinal="0" offset="0" sl="275" sc="9" el="275" ec="10" bec="0" bev="0" fileid="1" />
                <SequencePoint vc="0" uspid="155" ordinal="1" offset="1" sl="276" sc="13" el="276" ec="102" bec="0" bev="0" fileid="1" />
                <SequencePoint vc="0" uspid="156" ordinal="2" offset="8" sl="278" sc="13" el="278" ec="70" bec="0" bev="0" fileid="1" />
                <SequencePoint vc="0" uspid="157" ordinal="3" offset="15" sl="280" sc="13" el="280" ec="135" bec="0" bev="0" fileid="1" />
                <SequencePoint vc="0" uspid="158" ordinal="4" offset="92" sl="281" sc="13" el="281" ec="136" bec="0" bev="0" fileid="1" />
                <SequencePoint vc="0" uspid="159" ordinal="5" offset="169" sl="282" sc="13" el="282" ec="135" bec="0" bev="0" fileid="1" />
                <SequencePoint vc="0" uspid="160" ordinal="6" offset="247" sl="283" sc="13" el="283" ec="136" bec="0" bev="0" fileid="1" />
                <SequencePoint vc="0" uspid="161" ordinal="7" offset="325" sl="284" sc="13" el="284" ec="135" bec="0" bev="0" fileid="1" />
                <SequencePoint vc="0" uspid="162" ordinal="8" offset="403" sl="285" sc="13" el="285" ec="135" bec="0" bev="0" fileid="1" />
                <SequencePoint vc="0" uspid="163" ordinal="9" offset="481" sl="286" sc="13" el="286" ec="137" bec="0" bev="0" fileid="1" />
                <SequencePoint vc="0" uspid="164" ordinal="10" offset="559" sl="287" sc="13" el="287" ec="155" bec="0" bev="0" fileid="1" />
                <SequencePoint vc="0" uspid="165" ordinal="11" offset="627" sl="288" sc="13" el="288" ec="71" bec="0" bev="0" fileid="1" />
                <SequencePoint vc="0" uspid="166" ordinal="12" offset="650" sl="289" sc="9" el="289" ec="10" bec="0" bev="0" fileid="1" />
              </SequencePoints>
              <BranchPoints />
              <MethodPoint xsi:type="SequencePoint" vc="0" uspid="154" ordinal="0" offset="0" sl="275" sc="9" el="275" ec="10" bec="0" bev="0" fileid="1" />
            </Method>
            <Method visited="false" cyclomaticComplexity="1" nPathComplexity="0" sequenceCoverage="0" branchCoverage="0" crapScore="2" isConstructor="false" isStatic="false" isGetter="false" isSetter="false">
              <Summary numSequencePoints="15" visitedSequencePoints="0" numBranchPoints="1" visitedBranchPoints="0" sequenceCoverage="0" branchCoverage="0" maxCyclomaticComplexity="1" minCyclomaticComplexity="1" maxCrapScore="2" minCrapScore="2" visitedClasses="0" numClasses="0" visitedMethods="0" numMethods="1" />
              <MetadataToken>100663321</MetadataToken>
              <Name>System.Void AttendanceListGenerator.Core.Tests.Unit.Pdf.AttendanceListDocumentGeneratorTests::GenerateDocument_January2019_SundayThe6thEvenColumnsAreEqualToSundayNameAndOddColumnsAreEqualToEpiphanyName()</Name>
              <FileRef uid="1" />
              <SequencePoints>
                <SequencePoint vc="0" uspid="167" ordinal="0" offset="0" sl="293" sc="9" el="293" ec="10" bec="0" bev="0" fileid="1" />
                <SequencePoint vc="0" uspid="168" ordinal="1" offset="1" sl="294" sc="13" el="294" ec="102" bec="0" bev="0" fileid="1" />
                <SequencePoint vc="0" uspid="169" ordinal="2" offset="8" sl="296" sc="13" el="296" ec="70" bec="0" bev="0" fileid="1" />
                <SequencePoint vc="0" uspid="170" ordinal="3" offset="15" sl="298" sc="13" el="298" ec="135" bec="0" bev="0" fileid="1" />
                <SequencePoint vc="0" uspid="171" ordinal="4" offset="92" sl="299" sc="13" el="299" ec="136" bec="0" bev="0" fileid="1" />
                <SequencePoint vc="0" uspid="172" ordinal="5" offset="169" sl="300" sc="13" el="300" ec="135" bec="0" bev="0" fileid="1" />
                <SequencePoint vc="0" uspid="173" ordinal="6" offset="247" sl="301" sc="13" el="301" ec="136" bec="0" bev="0" fileid="1" />
                <SequencePoint vc="0" uspid="174" ordinal="7" offset="325" sl="302" sc="13" el="302" ec="135" bec="0" bev="0" fileid="1" />
                <SequencePoint vc="0" uspid="175" ordinal="8" offset="403" sl="303" sc="13" el="303" ec="135" bec="0" bev="0" fileid="1" />
                <SequencePoint vc="0" uspid="176" ordinal="9" offset="481" sl="304" sc="13" el="304" ec="137" bec="0" bev="0" fileid="1" />
                <SequencePoint vc="0" uspid="177" ordinal="10" offset="559" sl="305" sc="13" el="305" ec="113" bec="0" bev="0" fileid="1" />
                <SequencePoint vc="0" uspid="178" ordinal="11" offset="601" sl="306" sc="13" el="306" ec="102" bec="0" bev="0" fileid="1" />
                <SequencePoint vc="0" uspid="179" ordinal="12" offset="634" sl="307" sc="13" el="307" ec="63" bec="0" bev="0" fileid="1" />
                <SequencePoint vc="0" uspid="180" ordinal="13" offset="657" sl="308" sc="13" el="308" ec="67" bec="0" bev="0" fileid="1" />
                <SequencePoint vc="0" uspid="181" ordinal="14" offset="680" sl="309" sc="9" el="309" ec="10" bec="0" bev="0" fileid="1" />
              </SequencePoints>
              <BranchPoints />
              <MethodPoint xsi:type="SequencePoint" vc="0" uspid="167" ordinal="0" offset="0" sl="293" sc="9" el="293" ec="10" bec="0" bev="0" fileid="1" />
            </Method>
            <Method visited="false" cyclomaticComplexity="1" nPathComplexity="0" sequenceCoverage="0" branchCoverage="0" crapScore="2" isConstructor="false" isStatic="false" isGetter="false" isSetter="false">
              <Summary numSequencePoints="6" visitedSequencePoints="0" numBranchPoints="1" visitedBranchPoints="0" sequenceCoverage="0" branchCoverage="0" maxCyclomaticComplexity="1" minCyclomaticComplexity="1" maxCrapScore="2" minCrapScore="2" visitedClasses="0" numClasses="0" visitedMethods="0" numMethods="1" />
              <MetadataToken>100663322</MetadataToken>
              <Name>System.Void AttendanceListGenerator.Core.Tests.Unit.Pdf.AttendanceListDocumentGeneratorTests::GenerateDocument_January2019_SundayThe1stRowsColorIsCorrect()</Name>
              <FileRef uid="1" />
              <SequencePoints>
                <SequencePoint vc="0" uspid="182" ordinal="0" offset="0" sl="313" sc="9" el="313" ec="10" bec="0" bev="0" fileid="1" />
                <SequencePoint vc="0" uspid="183" ordinal="1" offset="1" sl="314" sc="13" el="314" ec="102" bec="0" bev="0" fileid="1" />
                <SequencePoint vc="0" uspid="184" ordinal="2" offset="8" sl="316" sc="13" el="316" ec="70" bec="0" bev="0" fileid="1" />
                <SequencePoint vc="0" uspid="185" ordinal="3" offset="15" sl="318" sc="13" el="318" ec="90" bec="0" bev="0" fileid="1" />
                <SequencePoint vc="0" uspid="186" ordinal="4" offset="54" sl="319" sc="13" el="319" ec="95" bec="0" bev="0" fileid="1" />
                <SequencePoint vc="0" uspid="187" ordinal="5" offset="77" sl="320" sc="9" el="320" ec="10" bec="0" bev="0" fileid="1" />
              </SequencePoints>
              <BranchPoints />
              <MethodPoint xsi:type="SequencePoint" vc="0" uspid="182" ordinal="0" offset="0" sl="313" sc="9" el="313" ec="10" bec="0" bev="0" fileid="1" />
            </Method>
            <Method visited="false" cyclomaticComplexity="1" nPathComplexity="0" sequenceCoverage="0" branchCoverage="0" crapScore="2" isConstructor="false" isStatic="false" isGetter="false" isSetter="false">
              <Summary numSequencePoints="7" visitedSequencePoints="0" numBranchPoints="1" visitedBranchPoints="0" sequenceCoverage="0" branchCoverage="0" maxCyclomaticComplexity="1" minCyclomaticComplexity="1" maxCrapScore="2" minCrapScore="2" visitedClasses="0" numClasses="0" visitedMethods="0" numMethods="1" />
              <MetadataToken>100663323</MetadataToken>
              <Name>AttendanceListGenerator.Core.Pdf.AttendanceListDocumentGenerator AttendanceListGenerator.Core.Tests.Unit.Pdf.AttendanceListDocumentGeneratorTests::GetAttendanceListDocumentGenerator()</Name>
              <FileRef uid="1" />
              <SequencePoints>
                <SequencePoint vc="0" uspid="188" ordinal="0" offset="6" sl="323" sc="9" el="323" ec="10" bec="0" bev="0" fileid="1" />
                <SequencePoint vc="0" uspid="189" ordinal="1" offset="7" sl="324" sc="13" el="329" ec="15" bec="0" bev="0" fileid="1" />
                <SequencePoint vc="0" uspid="190" ordinal="2" offset="467" sl="331" sc="13" el="364" ec="15" bec="0" bev="0" fileid="1" />
                <SequencePoint vc="0" uspid="191" ordinal="3" offset="7430" sl="366" sc="13" el="372" ec="86" bec="0" bev="0" fileid="1" />
                <SequencePoint vc="0" uspid="192" ordinal="4" offset="7773" sl="374" sc="13" el="386" ec="87" bec="0" bev="0" fileid="1" />
                <SequencePoint vc="0" uspid="193" ordinal="5" offset="8742" sl="388" sc="13" el="388" ec="87" bec="0" bev="0" fileid="1" />
                <SequencePoint vc="0" uspid="194" ordinal="6" offset="8753" sl="389" sc="9" el="389" ec="10" bec="0" bev="0" fileid="1" />
              </SequencePoints>
              <BranchPoints />
              <MethodPoint vc="0" uspid="195" ordinal="0" offset="0" />
            </Method>
            <Method visited="false" cyclomaticComplexity="1" nPathComplexity="0" sequenceCoverage="0" branchCoverage="0" crapScore="2" isConstructor="true" isStatic="false" isGetter="false" isSetter="false">
              <Summary numSequencePoints="0" visitedSequencePoints="0" numBranchPoints="0" visitedBranchPoints="0" sequenceCoverage="0" branchCoverage="0" maxCyclomaticComplexity="1" minCyclomaticComplexity="1" maxCrapScore="2" minCrapScore="2" visitedClasses="0" numClasses="0" visitedMethods="0" numMethods="0" />
              <MetadataToken>100663324</MetadataToken>
              <Name>System.Void AttendanceListGenerator.Core.Tests.Unit.Pdf.AttendanceListDocumentGeneratorTests::.ctor()</Name>
              <SequencePoints />
              <BranchPoints />
              <MethodPoint vc="0" uspid="196" ordinal="0" offset="0" />
            </Method>
          </Methods>
        </Class>
        <Class>
          <Summary numSequencePoints="3" visitedSequencePoints="0" numBranchPoints="3" visitedBranchPoints="0" sequenceCoverage="0" branchCoverage="0" maxCyclomaticComplexity="1" minCyclomaticComplexity="1" maxCrapScore="2" minCrapScore="2" visitedClasses="0" numClasses="1" visitedMethods="0" numMethods="3" />
          <FullName>AttendanceListGenerator.Core.Tests.Unit.Pdf.AttendanceListDocumentGeneratorTests/&lt;&gt;c</FullName>
          <Methods>
            <Method visited="false" cyclomaticComplexity="1" nPathComplexity="0" sequenceCoverage="0" branchCoverage="0" crapScore="2" isConstructor="true" isStatic="true" isGetter="false" isSetter="false">
              <Summary numSequencePoints="0" visitedSequencePoints="0" numBranchPoints="0" visitedBranchPoints="0" sequenceCoverage="0" branchCoverage="0" maxCyclomaticComplexity="1" minCyclomaticComplexity="1" maxCrapScore="2" minCrapScore="2" visitedClasses="0" numClasses="0" visitedMethods="0" numMethods="0" />
              <MetadataToken>100663407</MetadataToken>
              <Name>System.Void AttendanceListGenerator.Core.Tests.Unit.Pdf.AttendanceListDocumentGeneratorTests/&lt;&gt;c::.cctor()</Name>
              <SequencePoints />
              <BranchPoints />
              <MethodPoint vc="0" uspid="197" ordinal="0" offset="0" />
            </Method>
            <Method visited="false" cyclomaticComplexity="1" nPathComplexity="0" sequenceCoverage="0" branchCoverage="0" crapScore="2" isConstructor="true" isStatic="false" isGetter="false" isSetter="false">
              <Summary numSequencePoints="0" visitedSequencePoints="0" numBranchPoints="0" visitedBranchPoints="0" sequenceCoverage="0" branchCoverage="0" maxCyclomaticComplexity="1" minCyclomaticComplexity="1" maxCrapScore="2" minCrapScore="2" visitedClasses="0" numClasses="0" visitedMethods="0" numMethods="0" />
              <MetadataToken>100663408</MetadataToken>
              <Name>System.Void AttendanceListGenerator.Core.Tests.Unit.Pdf.AttendanceListDocumentGeneratorTests/&lt;&gt;c::.ctor()</Name>
              <SequencePoints />
              <BranchPoints />
              <MethodPoint vc="0" uspid="198" ordinal="0" offset="0" />
            </Method>
            <Method visited="false" cyclomaticComplexity="1" nPathComplexity="0" sequenceCoverage="0" branchCoverage="0" crapScore="2" isConstructor="false" isStatic="false" isGetter="false" isSetter="false">
              <Summary numSequencePoints="1" visitedSequencePoints="0" numBranchPoints="1" visitedBranchPoints="0" sequenceCoverage="0" branchCoverage="0" maxCyclomaticComplexity="1" minCyclomaticComplexity="1" maxCrapScore="2" minCrapScore="2" visitedClasses="0" numClasses="0" visitedMethods="0" numMethods="1" />
              <MetadataToken>100663409</MetadataToken>
              <Name>System.Void AttendanceListGenerator.Core.Tests.Unit.Pdf.AttendanceListDocumentGeneratorTests/&lt;&gt;c::&lt;Constructor_NullIAttendanceListData_ThrowsArgumentNullException&gt;b__0_0()</Name>
              <FileRef uid="1" />
              <SequencePoints>
                <SequencePoint vc="0" uspid="199" ordinal="0" offset="0" sl="17" sc="46" el="17" ec="115" bec="0" bev="0" fileid="1" />
              </SequencePoints>
              <BranchPoints />
              <MethodPoint xsi:type="SequencePoint" vc="0" uspid="199" ordinal="0" offset="0" sl="17" sc="46" el="17" ec="115" bec="0" bev="0" fileid="1" />
            </Method>
            <Method visited="false" cyclomaticComplexity="1" nPathComplexity="0" sequenceCoverage="0" branchCoverage="0" crapScore="2" isConstructor="false" isStatic="false" isGetter="false" isSetter="false">
              <Summary numSequencePoints="1" visitedSequencePoints="0" numBranchPoints="1" visitedBranchPoints="0" sequenceCoverage="0" branchCoverage="0" maxCyclomaticComplexity="1" minCyclomaticComplexity="1" maxCrapScore="2" minCrapScore="2" visitedClasses="0" numClasses="0" visitedMethods="0" numMethods="1" />
              <MetadataToken>100663410</MetadataToken>
              <Name>System.Void AttendanceListGenerator.Core.Tests.Unit.Pdf.AttendanceListDocumentGeneratorTests/&lt;&gt;c::&lt;Constructor_NullILocalizedNames_ThrowsArgumentNullException&gt;b__1_0()</Name>
              <FileRef uid="1" />
              <SequencePoints>
                <SequencePoint vc="0" uspid="200" ordinal="0" offset="0" sl="25" sc="46" el="25" ec="119" bec="0" bev="0" fileid="1" />
              </SequencePoints>
              <BranchPoints />
              <MethodPoint xsi:type="SequencePoint" vc="0" uspid="200" ordinal="0" offset="0" sl="25" sc="46" el="25" ec="119" bec="0" bev="0" fileid="1" />
            </Method>
            <Method visited="false" cyclomaticComplexity="1" nPathComplexity="0" sequenceCoverage="0" branchCoverage="0" crapScore="2" isConstructor="false" isStatic="false" isGetter="false" isSetter="false">
              <Summary numSequencePoints="1" visitedSequencePoints="0" numBranchPoints="1" visitedBranchPoints="0" sequenceCoverage="0" branchCoverage="0" maxCyclomaticComplexity="1" minCyclomaticComplexity="1" maxCrapScore="2" minCrapScore="2" visitedClasses="0" numClasses="0" visitedMethods="0" numMethods="1" />
              <MetadataToken>100663411</MetadataToken>
              <Name>System.Void AttendanceListGenerator.Core.Tests.Unit.Pdf.AttendanceListDocumentGeneratorTests/&lt;&gt;c::&lt;Constructor_NullArguments_ThrowsArgumentNullException&gt;b__2_0()</Name>
              <FileRef uid="1" />
              <SequencePoints>
                <SequencePoint vc="0" uspid="201" ordinal="0" offset="0" sl="33" sc="46" el="33" ec="93" bec="0" bev="0" fileid="1" />
              </SequencePoints>
              <BranchPoints />
              <MethodPoint xsi:type="SequencePoint" vc="0" uspid="201" ordinal="0" offset="0" sl="33" sc="46" el="33" ec="93" bec="0" bev="0" fileid="1" />
            </Method>
          </Methods>
        </Class>
        <Class>
          <Summary numSequencePoints="1" visitedSequencePoints="0" numBranchPoints="1" visitedBranchPoints="0" sequenceCoverage="0" branchCoverage="0" maxCyclomaticComplexity="1" minCyclomaticComplexity="1" maxCrapScore="2" minCrapScore="2" visitedClasses="0" numClasses="1" visitedMethods="0" numMethods="1" />
          <FullName>AttendanceListGenerator.Core.Tests.Unit.Pdf.AttendanceListDocumentGeneratorTests/&lt;&gt;c__DisplayClass10_0</FullName>
          <Methods>
            <Method visited="false" cyclomaticComplexity="1" nPathComplexity="0" sequenceCoverage="0" branchCoverage="0" crapScore="2" isConstructor="true" isStatic="false" isGetter="false" isSetter="false">
              <Summary numSequencePoints="0" visitedSequencePoints="0" numBranchPoints="0" visitedBranchPoints="0" sequenceCoverage="0" branchCoverage="0" maxCyclomaticComplexity="1" minCyclomaticComplexity="1" maxCrapScore="2" minCrapScore="2" visitedClasses="0" numClasses="0" visitedMethods="0" numMethods="0" />
              <MetadataToken>100663412</MetadataToken>
              <Name>System.Void AttendanceListGenerator.Core.Tests.Unit.Pdf.AttendanceListDocumentGeneratorTests/&lt;&gt;c__DisplayClass10_0::.ctor()</Name>
              <SequencePoints />
              <BranchPoints />
              <MethodPoint vc="0" uspid="202" ordinal="0" offset="0" />
            </Method>
            <Method visited="false" cyclomaticComplexity="1" nPathComplexity="0" sequenceCoverage="0" branchCoverage="0" crapScore="2" isConstructor="false" isStatic="false" isGetter="false" isSetter="false">
              <Summary numSequencePoints="1" visitedSequencePoints="0" numBranchPoints="1" visitedBranchPoints="0" sequenceCoverage="0" branchCoverage="0" maxCyclomaticComplexity="1" minCyclomaticComplexity="1" maxCrapScore="2" minCrapScore="2" visitedClasses="0" numClasses="0" visitedMethods="0" numMethods="1" />
              <MetadataToken>100663413</MetadataToken>
              <Name>System.Void AttendanceListGenerator.Core.Tests.Unit.Pdf.AttendanceListDocumentGeneratorTests/&lt;&gt;c__DisplayClass10_0::&lt;GenerateDocument_January2019_FourthFullnameInTheTableDoesNotExistAndThrowsAnException&gt;b__0()</Name>
              <FileRef uid="1" />
              <SequencePoints>
                <SequencePoint vc="0" uspid="203" ordinal="0" offset="0" sl="127" sc="45" el="127" ec="155" bec="0" bev="0" fileid="1" />
              </SequencePoints>
              <BranchPoints />
              <MethodPoint xsi:type="SequencePoint" vc="0" uspid="203" ordinal="0" offset="0" sl="127" sc="45" el="127" ec="155" bec="0" bev="0" fileid="1" />
            </Method>
          </Methods>
        </Class>
        <Class>
          <Summary numSequencePoints="0" visitedSequencePoints="0" numBranchPoints="0" visitedBranchPoints="0" sequenceCoverage="0" branchCoverage="0" maxCyclomaticComplexity="1" minCyclomaticComplexity="1" maxCrapScore="2" minCrapScore="2" visitedClasses="0" numClasses="0" visitedMethods="0" numMethods="0" />
          <FullName>AttendanceListGenerator.Core.Tests.Unit.Pdf.AttendanceListDocumentGeneratorTests/&lt;&gt;c__DisplayClass26_0</FullName>
          <Methods>
            <Method visited="false" cyclomaticComplexity="1" nPathComplexity="0" sequenceCoverage="0" branchCoverage="0" crapScore="2" isConstructor="true" isStatic="false" isGetter="false" isSetter="false">
              <Summary numSequencePoints="0" visitedSequencePoints="0" numBranchPoints="0" visitedBranchPoints="0" sequenceCoverage="0" branchCoverage="0" maxCyclomaticComplexity="1" minCyclomaticComplexity="1" maxCrapScore="2" minCrapScore="2" visitedClasses="0" numClasses="0" visitedMethods="0" numMethods="0" />
              <MetadataToken>100663414</MetadataToken>
              <Name>System.Void AttendanceListGenerator.Core.Tests.Unit.Pdf.AttendanceListDocumentGeneratorTests/&lt;&gt;c__DisplayClass26_0::.ctor()</Name>
              <SequencePoints />
              <BranchPoints />
              <MethodPoint vc="0" uspid="204" ordinal="0" offset="0" />
            </Method>
          </Methods>
        </Class>
        <Class>
          <Summary numSequencePoints="19" visitedSequencePoints="19" numBranchPoints="3" visitedBranchPoints="3" sequenceCoverage="100" branchCoverage="100" maxCyclomaticComplexity="2" minCyclomaticComplexity="1" maxCrapScore="2" minCrapScore="1" visitedClasses="1" numClasses="1" visitedMethods="3" numMethods="3" />
          <FullName>AttendanceListGenerator.Core.Tests.Unit.IO.ApplicationCatalogPathProviderTests</FullName>
          <Methods>
            <Method visited="true" cyclomaticComplexity="2" nPathComplexity="0" sequenceCoverage="100" branchCoverage="100" crapScore="2" isConstructor="false" isStatic="false" isGetter="false" isSetter="false">
              <Summary numSequencePoints="4" visitedSequencePoints="4" numBranchPoints="1" visitedBranchPoints="1" sequenceCoverage="100" branchCoverage="100" maxCyclomaticComplexity="2" minCyclomaticComplexity="2" maxCrapScore="2" minCrapScore="2" visitedClasses="0" numClasses="0" visitedMethods="1" numMethods="1" />
              <MetadataToken>100663325</MetadataToken>
              <Name>System.Void AttendanceListGenerator.Core.Tests.Unit.IO.ApplicationCatalogPathProviderTests::Constructor_NullILocalizedNames_ThrowsArgumentNullException()</Name>
              <FileRef uid="4" />
              <SequencePoints>
                <SequencePoint vc="1" uspid="205" ordinal="0" offset="0" sl="13" sc="9" el="13" ec="10" bec="0" bev="0" fileid="4">
                  <TrackedMethodRefs>
                    <TrackedMethodRef uid="27" vc="1" />
                  </TrackedMethodRefs>
                </SequencePoint>
                <SequencePoint vc="1" uspid="206" ordinal="1" offset="1" sl="14" sc="13" el="14" ec="87" bec="0" bev="0" fileid="4">
                  <TrackedMethodRefs>
                    <TrackedMethodRef uid="27" vc="1" />
                  </TrackedMethodRefs>
                </SequencePoint>
                <SequencePoint vc="1" uspid="207" ordinal="2" offset="33" sl="16" sc="13" el="16" ec="68" bec="0" bev="0" fileid="4">
                  <TrackedMethodRefs>
                    <TrackedMethodRef uid="27" vc="1" />
                  </TrackedMethodRefs>
                </SequencePoint>
                <SequencePoint vc="1" uspid="208" ordinal="3" offset="45" sl="17" sc="9" el="17" ec="10" bec="0" bev="0" fileid="4">
                  <TrackedMethodRefs>
                    <TrackedMethodRef uid="27" vc="1" />
                  </TrackedMethodRefs>
                </SequencePoint>
              </SequencePoints>
              <BranchPoints />
              <MethodPoint xsi:type="SequencePoint" vc="1" uspid="205" ordinal="0" offset="0" sl="13" sc="9" el="13" ec="10" bec="0" bev="0" fileid="4">
                <TrackedMethodRefs>
                  <TrackedMethodRef uid="27" vc="1" />
                </TrackedMethodRefs>
              </MethodPoint>
            </Method>
            <Method visited="true" cyclomaticComplexity="1" nPathComplexity="0" sequenceCoverage="100" branchCoverage="100" crapScore="1" isConstructor="false" isStatic="false" isGetter="false" isSetter="false">
              <Summary numSequencePoints="9" visitedSequencePoints="9" numBranchPoints="1" visitedBranchPoints="1" sequenceCoverage="100" branchCoverage="100" maxCyclomaticComplexity="1" minCyclomaticComplexity="1" maxCrapScore="1" minCrapScore="1" visitedClasses="0" numClasses="0" visitedMethods="1" numMethods="1" />
              <MetadataToken>100663326</MetadataToken>
              <Name>System.Void AttendanceListGenerator.Core.Tests.Unit.IO.ApplicationCatalogPathProviderTests::GetApplicationCatalogPath_CorrectILocalizedNames_ReturnsCorrectPath()</Name>
              <FileRef uid="4" />
              <SequencePoints>
                <SequencePoint vc="1" uspid="211" ordinal="0" offset="6" sl="21" sc="9" el="21" ec="10" bec="0" bev="0" fileid="4">
                  <TrackedMethodRefs>
                    <TrackedMethodRef uid="28" vc="1" />
                  </TrackedMethodRefs>
                </SequencePoint>
                <SequencePoint vc="1" uspid="212" ordinal="1" offset="7" sl="22" sc="13" el="22" ec="66" bec="0" bev="0" fileid="4">
                  <TrackedMethodRefs>
                    <TrackedMethodRef uid="28" vc="1" />
                  </TrackedMethodRefs>
                </SequencePoint>
                <SequencePoint vc="1" uspid="213" ordinal="2" offset="18" sl="23" sc="13" el="23" ec="114" bec="0" bev="0" fileid="4">
                  <TrackedMethodRefs>
                    <TrackedMethodRef uid="28" vc="1" />
                  </TrackedMethodRefs>
                </SequencePoint>
                <SequencePoint vc="1" uspid="214" ordinal="3" offset="120" sl="24" sc="13" el="24" ec="110" bec="0" bev="0" fileid="4">
                  <TrackedMethodRefs>
                    <TrackedMethodRef uid="28" vc="1" />
                  </TrackedMethodRefs>
                </SequencePoint>
                <SequencePoint vc="1" uspid="215" ordinal="4" offset="127" sl="26" sc="13" el="26" ec="86" bec="0" bev="0" fileid="4">
                  <TrackedMethodRefs>
                    <TrackedMethodRef uid="28" vc="1" />
                  </TrackedMethodRefs>
                </SequencePoint>
                <SequencePoint vc="1" uspid="216" ordinal="5" offset="134" sl="28" sc="13" el="28" ec="103" bec="0" bev="0" fileid="4">
                  <TrackedMethodRefs>
                    <TrackedMethodRef uid="28" vc="1" />
                  </TrackedMethodRefs>
                </SequencePoint>
                <SequencePoint vc="1" uspid="217" ordinal="6" offset="142" sl="29" sc="13" el="29" ec="78" bec="0" bev="0" fileid="4">
                  <TrackedMethodRefs>
                    <TrackedMethodRef uid="28" vc="1" />
                  </TrackedMethodRefs>
                </SequencePoint>
                <SequencePoint vc="1" uspid="218" ordinal="7" offset="162" sl="30" sc="13" el="30" ec="77" bec="0" bev="0" fileid="4">
                  <TrackedMethodRefs>
                    <TrackedMethodRef uid="28" vc="1" />
                  </TrackedMethodRefs>
                </SequencePoint>
                <SequencePoint vc="1" uspid="219" ordinal="8" offset="176" sl="31" sc="9" el="31" ec="10" bec="0" bev="0" fileid="4">
                  <TrackedMethodRefs>
                    <TrackedMethodRef uid="28" vc="1" />
                  </TrackedMethodRefs>
                </SequencePoint>
              </SequencePoints>
              <BranchPoints />
              <MethodPoint vc="1" uspid="220" ordinal="0" offset="0">
                <TrackedMethodRefs>
                  <TrackedMethodRef uid="28" vc="1" />
                </TrackedMethodRefs>
              </MethodPoint>
            </Method>
            <Method visited="true" cyclomaticComplexity="1" nPathComplexity="0" sequenceCoverage="100" branchCoverage="100" crapScore="1" isConstructor="false" isStatic="false" isGetter="false" isSetter="false">
              <Summary numSequencePoints="6" visitedSequencePoints="6" numBranchPoints="1" visitedBranchPoints="1" sequenceCoverage="100" branchCoverage="100" maxCyclomaticComplexity="1" minCyclomaticComplexity="1" maxCrapScore="1" minCrapScore="1" visitedClasses="0" numClasses="0" visitedMethods="1" numMethods="1" />
              <MetadataToken>100663327</MetadataToken>
              <Name>System.Void AttendanceListGenerator.Core.Tests.Unit.IO.ApplicationCatalogPathProviderTests::GetApplicationCatalogPath_NullApplicationName_ReturnsMyDocumentsPath()</Name>
              <FileRef uid="4" />
              <SequencePoints>
                <SequencePoint vc="1" uspid="221" ordinal="0" offset="0" sl="35" sc="9" el="35" ec="10" bec="0" bev="0" fileid="4">
                  <TrackedMethodRefs>
                    <TrackedMethodRef uid="29" vc="1" />
                  </TrackedMethodRefs>
                </SequencePoint>
                <SequencePoint vc="1" uspid="222" ordinal="1" offset="1" sl="36" sc="13" el="36" ec="122" bec="0" bev="0" fileid="4">
                  <TrackedMethodRefs>
                    <TrackedMethodRef uid="29" vc="1" />
                  </TrackedMethodRefs>
                </SequencePoint>
                <SequencePoint vc="1" uspid="223" ordinal="2" offset="12" sl="38" sc="13" el="38" ec="86" bec="0" bev="0" fileid="4">
                  <TrackedMethodRefs>
                    <TrackedMethodRef uid="29" vc="1" />
                  </TrackedMethodRefs>
                </SequencePoint>
                <SequencePoint vc="1" uspid="224" ordinal="3" offset="19" sl="40" sc="13" el="40" ec="103" bec="0" bev="0" fileid="4">
                  <TrackedMethodRefs>
                    <TrackedMethodRef uid="29" vc="1" />
                  </TrackedMethodRefs>
                </SequencePoint>
                <SequencePoint vc="1" uspid="225" ordinal="4" offset="26" sl="41" sc="13" el="41" ec="78" bec="0" bev="0" fileid="4">
                  <TrackedMethodRefs>
                    <TrackedMethodRef uid="29" vc="1" />
                  </TrackedMethodRefs>
                </SequencePoint>
                <SequencePoint vc="1" uspid="226" ordinal="5" offset="39" sl="42" sc="9" el="42" ec="10" bec="0" bev="0" fileid="4">
                  <TrackedMethodRefs>
                    <TrackedMethodRef uid="29" vc="1" />
                  </TrackedMethodRefs>
                </SequencePoint>
              </SequencePoints>
              <BranchPoints />
              <MethodPoint xsi:type="SequencePoint" vc="1" uspid="221" ordinal="0" offset="0" sl="35" sc="9" el="35" ec="10" bec="0" bev="0" fileid="4">
                <TrackedMethodRefs>
                  <TrackedMethodRef uid="29" vc="1" />
                </TrackedMethodRefs>
              </MethodPoint>
            </Method>
            <Method visited="false" cyclomaticComplexity="1" nPathComplexity="0" sequenceCoverage="0" branchCoverage="0" crapScore="2" isConstructor="true" isStatic="false" isGetter="false" isSetter="false">
              <Summary numSequencePoints="0" visitedSequencePoints="0" numBranchPoints="0" visitedBranchPoints="0" sequenceCoverage="0" branchCoverage="0" maxCyclomaticComplexity="1" minCyclomaticComplexity="1" maxCrapScore="2" minCrapScore="2" visitedClasses="0" numClasses="0" visitedMethods="0" numMethods="0" />
              <MetadataToken>100663328</MetadataToken>
              <Name>System.Void AttendanceListGenerator.Core.Tests.Unit.IO.ApplicationCatalogPathProviderTests::.ctor()</Name>
              <SequencePoints />
              <BranchPoints />
              <MethodPoint vc="0" uspid="227" ordinal="0" offset="0" />
            </Method>
          </Methods>
        </Class>
        <Class>
          <Summary numSequencePoints="1" visitedSequencePoints="1" numBranchPoints="1" visitedBranchPoints="1" sequenceCoverage="100" branchCoverage="100" maxCyclomaticComplexity="1" minCyclomaticComplexity="1" maxCrapScore="2" minCrapScore="1" visitedClasses="1" numClasses="1" visitedMethods="1" numMethods="1" />
          <FullName>AttendanceListGenerator.Core.Tests.Unit.IO.ApplicationCatalogPathProviderTests/&lt;&gt;c</FullName>
          <Methods>
            <Method visited="false" cyclomaticComplexity="1" nPathComplexity="0" sequenceCoverage="0" branchCoverage="0" crapScore="2" isConstructor="true" isStatic="true" isGetter="false" isSetter="false">
[...]
              <Summary numSequencePoints="5" visitedSequencePoints="0" numBranchPoints="3" visitedBranchPoints="0" sequenceCoverage="0" branchCoverage="0" maxCyclomaticComplexity="2" minCyclomaticComplexity="2" maxCrapScore="6" minCrapScore="6" visitedClasses="0" numClasses="0" visitedMethods="0" numMethods="1" />
              <MetadataToken>100663365</MetadataToken>
              <Name>System.Collections.Generic.IList`1&lt;AttendanceListGenerator.Core.Data.IDayOff&gt; AttendanceListGenerator.Core.Data.DaysOffData::GetDaysOff(AttendanceListGenerator.Core.Data.Month)</Name>
              <FileRef uid="64" />
              <SequencePoints>
                <SequencePoint vc="0" uspid="1046" ordinal="0" offset="13" sl="14" sc="9" el="14" ec="10" bec="0" bev="0" fileid="64" />
                <SequencePoint vc="0" uspid="1047" ordinal="1" offset="14" sl="15" sc="13" el="15" ec="37" bec="2" bev="0" fileid="64" />
                <SequencePoint vc="0" uspid="1048" ordinal="2" offset="27" sl="16" sc="17" el="16" ec="71" bec="0" bev="0" fileid="64" />
                <SequencePoint vc="0" uspid="1049" ordinal="3" offset="38" sl="18" sc="13" el="18" ec="76" bec="0" bev="0" fileid="64" />
                <SequencePoint vc="0" uspid="1050" ordinal="4" offset="69" sl="19" sc="9" el="19" ec="10" bec="0" bev="0" fileid="64" />
              </SequencePoints>
              <BranchPoints>
                <BranchPoint vc="0" uspid="1051" ordinal="0" offset="25" sl="15" path="0" offsetend="27" fileid="64" />
                <BranchPoint vc="0" uspid="1052" ordinal="1" offset="25" sl="15" path="1" offsetend="38" fileid="64" />
              </BranchPoints>
              <MethodPoint vc="0" uspid="1053" ordinal="0" offset="0" />
            </Method>
            <Method visited="false" cyclomaticComplexity="3" nPathComplexity="2" sequenceCoverage="0" branchCoverage="0" crapScore="12" isConstructor="true" isStatic="false" isGetter="false" isSetter="false">
              <Summary numSequencePoints="11" visitedSequencePoints="0" numBranchPoints="3" visitedBranchPoints="0" sequenceCoverage="0" branchCoverage="0" maxCyclomaticComplexity="3" minCyclomaticComplexity="3" maxCrapScore="12" minCrapScore="12" visitedClasses="0" numClasses="0" visitedMethods="0" numMethods="1" />
              <MetadataToken>100663366</MetadataToken>
              <Name>System.Void AttendanceListGenerator.Core.Data.DaysOffData::.ctor(System.Int32)</Name>
              <FileRef uid="64" />
              <SequencePoints>
                <SequencePoint vc="0" uspid="1054" ordinal="0" offset="0" sl="21" sc="9" el="21" ec="37" bec="0" bev="0" fileid="64" />
                <SequencePoint vc="0" uspid="1055" ordinal="1" offset="7" sl="22" sc="9" el="22" ec="10" bec="0" bev="0" fileid="64" />
                <SequencePoint vc="0" uspid="1056" ordinal="2" offset="8" sl="23" sc="13" el="23" ec="44" bec="2" bev="0" fileid="64" />
                <SequencePoint vc="0" uspid="1057" ordinal="3" offset="33" sl="24" sc="17" el="24" ec="95" bec="0" bev="0" fileid="64" />
                <SequencePoint vc="0" uspid="1058" ordinal="4" offset="44" sl="26" sc="13" el="26" ec="25" bec="0" bev="0" fileid="64" />
                <SequencePoint vc="0" uspid="1059" ordinal="5" offset="52" sl="29" sc="13" el="29" ec="67" bec="0" bev="0" fileid="64" />
                <SequencePoint vc="0" uspid="1060" ordinal="6" offset="65" sl="30" sc="13" el="30" ec="81" bec="0" bev="0" fileid="64" />
                <SequencePoint vc="0" uspid="1061" ordinal="7" offset="86" sl="33" sc="13" el="33" ec="92" bec="0" bev="0" fileid="64" />
                <SequencePoint vc="0" uspid="1062" ordinal="8" offset="107" sl="34" sc="13" el="34" ec="86" bec="0" bev="0" fileid="64" />
                <SequencePoint vc="0" uspid="1063" ordinal="9" offset="128" sl="37" sc="13" el="52" ec="15" bec="0" bev="0" fileid="64" />
                <SequencePoint vc="0" uspid="1064" ordinal="10" offset="443" sl="53" sc="9" el="53" ec="10" bec="0" bev="0" fileid="64" />
              </SequencePoints>
              <BranchPoints>
                <BranchPoint vc="0" uspid="1067" ordinal="2" offset="31" sl="23" path="0" offsetend="33" fileid="64" />
                <BranchPoint vc="0" uspid="1068" ordinal="3" offset="31" sl="23" path="1" offsetend="44" fileid="64" />
              </BranchPoints>
              <MethodPoint xsi:type="SequencePoint" vc="0" uspid="1054" ordinal="0" offset="0" sl="21" sc="9" el="21" ec="37" bec="0" bev="0" fileid="64" />
            </Method>
            <Method visited="false" cyclomaticComplexity="2" nPathComplexity="2" sequenceCoverage="0" branchCoverage="0" crapScore="6" isConstructor="false" isStatic="false" isGetter="false" isSetter="false">
              <Summary numSequencePoints="16" visitedSequencePoints="0" numBranchPoints="3" visitedBranchPoints="0" sequenceCoverage="0" branchCoverage="0" maxCyclomaticComplexity="2" minCyclomaticComplexity="2" maxCrapScore="6" minCrapScore="6" visitedClasses="0" numClasses="0" visitedMethods="0" numMethods="1" />
              <MetadataToken>100663367</MetadataToken>
              <Name>System.DateTime AttendanceListGenerator.Core.Data.DaysOffData::GetEasterSundayDate(System.Int32)</Name>
              <FileRef uid="64" />
              <SequencePoints>
                <SequencePoint vc="0" uspid="1069" ordinal="0" offset="0" sl="56" sc="9" el="56" ec="10" bec="0" bev="0" fileid="64" />
                <SequencePoint vc="0" uspid="1070" ordinal="1" offset="1" sl="57" sc="13" el="57" ec="25" bec="0" bev="0" fileid="64" />
                <SequencePoint vc="0" uspid="1071" ordinal="2" offset="3" sl="58" sc="13" el="58" ec="27" bec="0" bev="0" fileid="64" />
                <SequencePoint vc="0" uspid="1072" ordinal="3" offset="5" sl="60" sc="13" el="60" ec="31" bec="0" bev="0" fileid="64" />
                <SequencePoint vc="0" uspid="1073" ordinal="4" offset="10" sl="61" sc="13" el="61" ec="32" bec="0" bev="0" fileid="64" />
                <SequencePoint vc="0" uspid="1074" ordinal="5" offset="15" sl="62" sc="13" el="62" ec="76" bec="0" bev="0" fileid="64" />
                <SequencePoint vc="0" uspid="1075" ordinal="6" offset="43" sl="63" sc="13" el="63" ec="86" bec="0" bev="0" fileid="64" />
                <SequencePoint vc="0" uspid="1076" ordinal="7" offset="77" sl="65" sc="13" el="65" ec="76" bec="0" bev="0" fileid="64" />
                <SequencePoint vc="0" uspid="1077" ordinal="8" offset="102" sl="66" sc="13" el="66" ec="23" bec="0" bev="0" fileid="64" />
                <SequencePoint vc="0" uspid="1078" ordinal="9" offset="104" sl="68" sc="13" el="68" ec="26" bec="2" bev="0" fileid="64" />
                <SequencePoint vc="0" uspid="1079" ordinal="10" offset="115" sl="69" sc="13" el="69" ec="14" bec="0" bev="0" fileid="64" />
                <SequencePoint vc="0" uspid="1080" ordinal="11" offset="116" sl="70" sc="17" el="70" ec="25" bec="0" bev="0" fileid="64" />
                <SequencePoint vc="0" uspid="1081" ordinal="12" offset="120" sl="71" sc="17" el="71" ec="27" bec="0" bev="0" fileid="64" />
                <SequencePoint vc="0" uspid="1082" ordinal="13" offset="125" sl="72" sc="13" el="72" ec="14" bec="0" bev="0" fileid="64" />
                <SequencePoint vc="0" uspid="1083" ordinal="14" offset="126" sl="74" sc="13" el="74" ec="51" bec="0" bev="0" fileid="64" />
                <SequencePoint vc="0" uspid="1084" ordinal="15" offset="138" sl="75" sc="9" el="75" ec="10" bec="0" bev="0" fileid="64" />
              </SequencePoints>
              <BranchPoints>
                <BranchPoint vc="0" uspid="1085" ordinal="0" offset="113" sl="68" path="0" offsetend="115" fileid="64" />
                <BranchPoint vc="0" uspid="1086" ordinal="1" offset="113" sl="68" path="1" offsetend="126" fileid="64" />
              </BranchPoints>
              <MethodPoint xsi:type="SequencePoint" vc="0" uspid="1069" ordinal="0" offset="0" sl="56" sc="9" el="56" ec="10" bec="0" bev="0" fileid="64" />
            </Method>
          </Methods>
        </Class>
        <Class>
          <Summary numSequencePoints="1" visitedSequencePoints="0" numBranchPoints="1" visitedBranchPoints="0" sequenceCoverage="0" branchCoverage="0" maxCyclomaticComplexity="1" minCyclomaticComplexity="1" maxCrapScore="2" minCrapScore="2" visitedClasses="0" numClasses="1" visitedMethods="0" numMethods="1" />
          <FullName>AttendanceListGenerator.Core.Data.DaysOffData/&lt;&gt;c__DisplayClass8_0</FullName>
          <Methods>
            <Method visited="false" cyclomaticComplexity="1" nPathComplexity="0" sequenceCoverage="0" branchCoverage="0" crapScore="2" isConstructor="true" isStatic="false" isGetter="false" isSetter="false">
              <Summary numSequencePoints="0" visitedSequencePoints="0" numBranchPoints="0" visitedBranchPoints="0" sequenceCoverage="0" branchCoverage="0" maxCyclomaticComplexity="1" minCyclomaticComplexity="1" maxCrapScore="2" minCrapScore="2" visitedClasses="0" numClasses="0" visitedMethods="0" numMethods="0" />
              <MetadataToken>100663404</MetadataToken>
              <Name>System.Void AttendanceListGenerator.Core.Data.DaysOffData/&lt;&gt;c__DisplayClass8_0::.ctor()</Name>
              <SequencePoints />
              <BranchPoints />
              <MethodPoint vc="0" uspid="1087" ordinal="0" offset="0" />
            </Method>
            <Method visited="false" cyclomaticComplexity="1" nPathComplexity="0" sequenceCoverage="0" branchCoverage="0" crapScore="2" isConstructor="false" isStatic="false" isGetter="false" isSetter="false">
              <Summary numSequencePoints="1" visitedSequencePoints="0" numBranchPoints="1" visitedBranchPoints="0" sequenceCoverage="0" branchCoverage="0" maxCyclomaticComplexity="1" minCyclomaticComplexity="1" maxCrapScore="2" minCrapScore="2" visitedClasses="0" numClasses="0" visitedMethods="0" numMethods="1" />
              <MetadataToken>100663405</MetadataToken>
              <Name>System.Boolean AttendanceListGenerator.Core.Data.DaysOffData/&lt;&gt;c__DisplayClass8_0::&lt;GetDaysOff&gt;b__0(AttendanceListGenerator.Core.Data.IDayOff)</Name>
              <FileRef uid="64" />
              <SequencePoints>
                <SequencePoint vc="0" uspid="1088" ordinal="0" offset="0" sl="18" sc="39" el="18" ec="65" bec="0" bev="0" fileid="64" />
              </SequencePoints>
              <BranchPoints />
              <MethodPoint xsi:type="SequencePoint" vc="0" uspid="1088" ordinal="0" offset="0" sl="18" sc="39" el="18" ec="65" bec="0" bev="0" fileid="64" />
            </Method>
          </Methods>
        </Class>
        <Class>
          <Summary numSequencePoints="26" visitedSequencePoints="0" numBranchPoints="10" visitedBranchPoints="0" sequenceCoverage="0" branchCoverage="0" maxCyclomaticComplexity="4" minCyclomaticComplexity="3" maxCrapScore="20" minCrapScore="12" visitedClasses="0" numClasses="1" visitedMethods="0" numMethods="2" />
          <FullName>AttendanceListGenerator.Core.Data.Person</FullName>
          <Methods>
            <Method skippedDueTo="AutoImplementedProperty" visited="false" cyclomaticComplexity="1" nPathComplexity="0" sequenceCoverage="0" branchCoverage="0" crapScore="0" isConstructor="false" isStatic="false" isGetter="true" isSetter="false">
              <MetadataToken>100663393</MetadataToken>
              <Name>System.String AttendanceListGenerator.Core.Data.Person::get_FirstName()</Name>
              <FileRef uid="66" />
              <SequencePoints />
              <BranchPoints />
            </Method>
            <Method skippedDueTo="AutoImplementedProperty" visited="false" cyclomaticComplexity="1" nPathComplexity="0" sequenceCoverage="0" branchCoverage="0" crapScore="0" isConstructor="false" isStatic="false" isGetter="false" isSetter="true">
              <MetadataToken>100663394</MetadataToken>
              <Name>System.Void AttendanceListGenerator.Core.Data.Person::set_FirstName(System.String)</Name>
              <FileRef uid="66" />
              <SequencePoints />
              <BranchPoints />
            </Method>
            <Method skippedDueTo="AutoImplementedProperty" visited="false" cyclomaticComplexity="1" nPathComplexity="0" sequenceCoverage="0" branchCoverage="0" crapScore="0" isConstructor="false" isStatic="false" isGetter="true" isSetter="false">
              <MetadataToken>100663395</MetadataToken>
              <Name>System.String AttendanceListGenerator.Core.Data.Person::get_LastName()</Name>
              <FileRef uid="66" />
              <SequencePoints />
              <BranchPoints />
            </Method>
            <Method skippedDueTo="AutoImplementedProperty" visited="false" cyclomaticComplexity="1" nPathComplexity="0" sequenceCoverage="0" branchCoverage="0" crapScore="0" isConstructor="false" isStatic="false" isGetter="false" isSetter="true">
              <MetadataToken>100663396</MetadataToken>
              <Name>System.Void AttendanceListGenerator.Core.Data.Person::set_LastName(System.String)</Name>
              <FileRef uid="66" />
              <SequencePoints />
              <BranchPoints />
            </Method>
            <Method visited="false" cyclomaticComplexity="3" nPathComplexity="2" sequenceCoverage="0" branchCoverage="0" crapScore="12" isConstructor="true" isStatic="false" isGetter="false" isSetter="false">
              <Summary numSequencePoints="7" visitedSequencePoints="0" numBranchPoints="3" visitedBranchPoints="0" sequenceCoverage="0" branchCoverage="0" maxCyclomaticComplexity="3" minCyclomaticComplexity="3" maxCrapScore="12" minCrapScore="12" visitedClasses="0" numClasses="0" visitedMethods="0" numMethods="1" />
              <MetadataToken>100663397</MetadataToken>
              <Name>System.Void AttendanceListGenerator.Core.Data.Person::.ctor(System.String,System.String)</Name>
              <FileRef uid="66" />
              <SequencePoints>
                <SequencePoint vc="0" uspid="1089" ordinal="0" offset="0" sl="10" sc="9" el="10" ec="57" bec="0" bev="0" fileid="66" />
                <SequencePoint vc="0" uspid="1090" ordinal="1" offset="7" sl="11" sc="9" el="11" ec="10" bec="0" bev="0" fileid="66" />
                <SequencePoint vc="0" uspid="1091" ordinal="2" offset="8" sl="12" sc="13" el="12" ec="55" bec="2" bev="0" fileid="66" />
                <SequencePoint vc="0" uspid="1092" ordinal="3" offset="22" sl="13" sc="17" el="13" ec="51" bec="0" bev="0" fileid="66" />
                <SequencePoint vc="0" uspid="1093" ordinal="4" offset="28" sl="15" sc="13" el="15" ec="35" bec="0" bev="0" fileid="66" />
                <SequencePoint vc="0" uspid="1094" ordinal="5" offset="36" sl="16" sc="13" el="16" ec="33" bec="0" bev="0" fileid="66" />
                <SequencePoint vc="0" uspid="1095" ordinal="6" offset="44" sl="17" sc="9" el="17" ec="10" bec="0" bev="0" fileid="66" />
              </SequencePoints>
              <BranchPoints>
                <BranchPoint vc="0" uspid="1098" ordinal="2" offset="20" sl="12" path="0" offsetend="22" fileid="66" />
                <BranchPoint vc="0" uspid="1099" ordinal="3" offset="20" sl="12" path="1" offsetend="28" fileid="66" />
              </BranchPoints>
              <MethodPoint xsi:type="SequencePoint" vc="0" uspid="1089" ordinal="0" offset="0" sl="10" sc="9" el="10" ec="57" bec="0" bev="0" fileid="66" />
            </Method>
            <Method visited="false" cyclomaticComplexity="4" nPathComplexity="8" sequenceCoverage="0" branchCoverage="0" crapScore="20" isConstructor="true" isStatic="false" isGetter="false" isSetter="false">
              <Summary numSequencePoints="19" visitedSequencePoints="0" numBranchPoints="7" visitedBranchPoints="0" sequenceCoverage="0" branchCoverage="0" maxCyclomaticComplexity="4" minCyclomaticComplexity="4" maxCrapScore="20" minCrapScore="20" visitedClasses="0" numClasses="0" visitedMethods="0" numMethods="1" />
              <MetadataToken>100663398</MetadataToken>
              <Name>System.Void AttendanceListGenerator.Core.Data.Person::.ctor(System.String)</Name>
              <FileRef uid="66" />
              <SequencePoints>
                <SequencePoint vc="0" uspid="1100" ordinal="0" offset="0" sl="19" sc="9" el="19" ec="39" bec="0" bev="0" fileid="66" />
                <SequencePoint vc="0" uspid="1101" ordinal="1" offset="7" sl="20" sc="9" el="20" ec="10" bec="0" bev="0" fileid="66" />
                <SequencePoint vc="0" uspid="1102" ordinal="2" offset="8" sl="21" sc="13" el="21" ec="34" bec="2" bev="0" fileid="66" />
                <SequencePoint vc="0" uspid="1103" ordinal="3" offset="16" sl="22" sc="17" el="22" ec="51" bec="0" bev="0" fileid="66" />
                <SequencePoint vc="0" uspid="1104" ordinal="4" offset="22" sl="24" sc="13" el="24" ec="61" bec="0" bev="0" fileid="66" />
                <SequencePoint vc="0" uspid="1105" ordinal="5" offset="40" sl="26" sc="13" el="26" ec="45" bec="0" bev="0" fileid="66" />
                <SequencePoint vc="0" uspid="1106" ordinal="6" offset="46" sl="27" sc="13" el="27" ec="44" bec="0" bev="0" fileid="66" />
                <SequencePoint vc="0" uspid="1107" ordinal="7" offset="52" sl="29" sc="13" el="29" ec="45" bec="0" bev="0" fileid="66" />
                <SequencePoint vc="0" uspid="1108" ordinal="8" offset="56" sl="30" sc="18" el="30" ec="27" bec="0" bev="0" fileid="66" />
                <SequencePoint vc="0" uspid="1109" ordinal="9" offset="61" sl="31" sc="13" el="31" ec="14" bec="0" bev="0" fileid="66" />
                <SequencePoint vc="0" uspid="1110" ordinal="10" offset="62" sl="33" sc="17" el="33" ec="49" bec="0" bev="0" fileid="66" />
                <SequencePoint vc="0" uspid="1111" ordinal="11" offset="73" sl="36" sc="17" el="36" ec="53" bec="2" bev="0" fileid="66" />
                <SequencePoint vc="0" uspid="1112" ordinal="12" offset="88" sl="37" sc="21" el="37" ec="37" bec="0" bev="0" fileid="66" />
                <SequencePoint vc="0" uspid="1113" ordinal="13" offset="100" sl="38" sc="13" el="38" ec="14" bec="0" bev="0" fileid="66" />
                <SequencePoint vc="0" uspid="1114" ordinal="14" offset="101" sl="30" sc="58" el="30" ec="61" bec="0" bev="0" fileid="66" />
                <SequencePoint vc="0" uspid="1115" ordinal="15" offset="107" sl="30" sc="29" el="30" ec="56" bec="2" bev="0" fileid="66" />
                <SequencePoint vc="0" uspid="1116" ordinal="16" offset="120" sl="40" sc="13" el="40" ec="35" bec="0" bev="0" fileid="66" />
                <SequencePoint vc="0" uspid="1117" ordinal="17" offset="128" sl="41" sc="13" el="41" ec="33" bec="0" bev="0" fileid="66" />
                <SequencePoint vc="0" uspid="1118" ordinal="18" offset="136" sl="42" sc="9" el="42" ec="10" bec="0" bev="0" fileid="66" />
              </SequencePoints>
              <BranchPoints>
                <BranchPoint vc="0" uspid="1119" ordinal="0" offset="14" sl="21" path="0" offsetend="16" fileid="66" />
                <BranchPoint vc="0" uspid="1120" ordinal="1" offset="14" sl="21" path="1" offsetend="22" fileid="66" />
                <BranchPoint vc="0" uspid="1121" ordinal="2" offset="86" sl="36" path="0" offsetend="88" fileid="66" />
                <BranchPoint vc="0" uspid="1122" ordinal="3" offset="86" sl="36" path="1" offsetend="100" fileid="66" />
                <BranchPoint vc="0" uspid="1123" ordinal="4" offset="118" sl="30" path="0" offsetend="120" fileid="66" />
                <BranchPoint vc="0" uspid="1124" ordinal="5" offset="118" sl="30" path="1" offsetend="61" fileid="66" />
              </BranchPoints>
              <MethodPoint xsi:type="SequencePoint" vc="0" uspid="1100" ordinal="0" offset="0" sl="19" sc="9" el="19" ec="39" bec="0" bev="0" fileid="66" />
            </Method>
          </Methods>
        </Class>
      </Classes>
      <TrackedMethods />
    </Module>
  </Modules>
</CoverageSession>