<?xml version="1.0" encoding="utf-8"?>
<CoverageSession xmlns:xsd="http://www.w3.org/2001/XMLSchema" xmlns:xsi="http://www.w3.org/2001/XMLSchema-instance" Version="4.6.0.0">
  <Summary numSequencePoints="120" visitedSequencePoints="85" numBranchPoints="35" visitedBranchPoints="33" sequenceCoverage="70.83" branchCoverage="94.29" maxCyclomaticComplexity="3" minCyclomaticComplexity="1" maxCrapScore="3" minCrapScore="1" visitedClasses="9" numClasses="11" visitedMethods="23" numMethods="25" />
  <Modules>
    <Module hash="14-31-B0-C3-02-B5-D5-9C-A8-A0-9D-00-D2-3C-A3-0C-FE-D6-E4-53">
      <Summary numSequencePoints="48" visitedSequencePoints="48" numBranchPoints="15" visitedBranchPoints="15" sequenceCoverage="100" branchCoverage="100" maxCyclomaticComplexity="2" minCyclomaticComplexity="1" maxCrapScore="2" minCrapScore="1" visitedClasses="6" numClasses="6" visitedMethods="15" numMethods="15" />
      <ModulePath>E:\Moje\AttendanceListGenerator\AttendanceListGenerator\AttendanceListGenerator.Core.Tests.Unit\bin\Debug\AttendanceListGenerator.Core.Tests.Unit.dll</ModulePath>
      <ModuleTime>2019-01-20T16:58:59.1090555Z</ModuleTime>
      <ModuleName>AttendanceListGenerator.Core.Tests.Unit</ModuleName>
      <Files>
        <File uid="1" fullPath="E:\Moje\AttendanceListGenerator\AttendanceListGenerator\AttendanceListGenerator.Core.Tests.Unit\Helpers\EnumNavigatorTests.cs" />
        <File uid="3" fullPath="E:\Moje\AttendanceListGenerator\AttendanceListGenerator\AttendanceListGenerator.Core.Tests.Unit\Data\DayOfWeekNavigatorTests.cs" />
        <File uid="4" fullPath="E:\Moje\AttendanceListGenerator\AttendanceListGenerator\AttendanceListGenerator.Core.Tests.Unit\Data\MonthDataTests.cs" />
      </Files>
      <Classes>
        <Class>
          <Summary numSequencePoints="16" visitedSequencePoints="16" numBranchPoints="4" visitedBranchPoints="4" sequenceCoverage="100" branchCoverage="100" maxCyclomaticComplexity="2" minCyclomaticComplexity="1" maxCrapScore="2" minCrapScore="1" visitedClasses="1" numClasses="1" visitedMethods="4" numMethods="4" />
          <FullName>AttendanceListGenerator.Core.Tests.Unit.Helpers.EnumNavigatorTests</FullName>
          <Methods>
            <Method visited="true" cyclomaticComplexity="1" nPathComplexity="0" sequenceCoverage="100" branchCoverage="100" crapScore="1" isConstructor="false" isStatic="false" isGetter="false" isSetter="false">
              <Summary numSequencePoints="4" visitedSequencePoints="4" numBranchPoints="1" visitedBranchPoints="1" sequenceCoverage="100" branchCoverage="100" maxCyclomaticComplexity="1" minCyclomaticComplexity="1" maxCrapScore="1" minCrapScore="1" visitedClasses="0" numClasses="0" visitedMethods="1" numMethods="1" />
              <MetadataToken>100663297</MetadataToken>
              <Name>System.Void AttendanceListGenerator.Core.Tests.Unit.Helpers.EnumNavigatorTests::Next_DayOfWeek_ReturnsProperNextDay(System.DayOfWeek,System.DayOfWeek)</Name>
              <FileRef uid="1" />
              <SequencePoints>
                <SequencePoint vc="7" uspid="1" ordinal="0" offset="0" sl="18" sc="9" el="18" ec="10" bec="0" bev="0" fileid="1">
                  <TrackedMethodRefs>
                    <TrackedMethodRef uid="1" vc="7" />
                  </TrackedMethodRefs>
                </SequencePoint>
                <SequencePoint vc="7" uspid="2" ordinal="1" offset="1" sl="19" sc="13" el="19" ec="78" bec="0" bev="0" fileid="1">
                  <TrackedMethodRefs>
                    <TrackedMethodRef uid="1" vc="7" />
                  </TrackedMethodRefs>
                </SequencePoint>
                <SequencePoint vc="7" uspid="3" ordinal="2" offset="8" sl="21" sc="13" el="21" ec="62" bec="0" bev="0" fileid="1">
                  <TrackedMethodRefs>
                    <TrackedMethodRef uid="1" vc="7" />
                  </TrackedMethodRefs>
                </SequencePoint>
                <SequencePoint vc="7" uspid="4" ordinal="3" offset="26" sl="22" sc="9" el="22" ec="10" bec="0" bev="0" fileid="1">
                  <TrackedMethodRefs>
                    <TrackedMethodRef uid="1" vc="7" />
                  </TrackedMethodRefs>
                </SequencePoint>
              </SequencePoints>
              <BranchPoints />
              <MethodPoint xsi:type="SequencePoint" vc="7" uspid="1" ordinal="0" offset="0" sl="18" sc="9" el="18" ec="10" bec="0" bev="0" fileid="1">
                <TrackedMethodRefs>
                  <TrackedMethodRef uid="1" vc="7" />
                </TrackedMethodRefs>
              </MethodPoint>
            </Method>
            <Method visited="true" cyclomaticComplexity="1" nPathComplexity="0" sequenceCoverage="100" branchCoverage="100" crapScore="1" isConstructor="false" isStatic="false" isGetter="false" isSetter="false">
              <Summary numSequencePoints="4" visitedSequencePoints="4" numBranchPoints="1" visitedBranchPoints="1" sequenceCoverage="100" branchCoverage="100" maxCyclomaticComplexity="1" minCyclomaticComplexity="1" maxCrapScore="1" minCrapScore="1" visitedClasses="0" numClasses="0" visitedMethods="1" numMethods="1" />
              <MetadataToken>100663298</MetadataToken>
              <Name>System.Void AttendanceListGenerator.Core.Tests.Unit.Helpers.EnumNavigatorTests::Previous_DayOfWeek_ReturnsProperNextDay(System.DayOfWeek,System.DayOfWeek)</Name>
              <FileRef uid="1" />
              <SequencePoints>
                <SequencePoint vc="7" uspid="5" ordinal="0" offset="0" sl="32" sc="9" el="32" ec="10" bec="0" bev="0" fileid="1">
                  <TrackedMethodRefs>
                    <TrackedMethodRef uid="8" vc="7" />
                  </TrackedMethodRefs>
                </SequencePoint>
                <SequencePoint vc="7" uspid="6" ordinal="1" offset="1" sl="33" sc="13" el="33" ec="86" bec="0" bev="0" fileid="1">
                  <TrackedMethodRefs>
                    <TrackedMethodRef uid="8" vc="7" />
                  </TrackedMethodRefs>
                </SequencePoint>
                <SequencePoint vc="7" uspid="7" ordinal="2" offset="8" sl="35" sc="13" el="35" ec="66" bec="0" bev="0" fileid="1">
                  <TrackedMethodRefs>
                    <TrackedMethodRef uid="8" vc="7" />
                  </TrackedMethodRefs>
                </SequencePoint>
                <SequencePoint vc="7" uspid="8" ordinal="3" offset="26" sl="36" sc="9" el="36" ec="10" bec="0" bev="0" fileid="1">
                  <TrackedMethodRefs>
                    <TrackedMethodRef uid="8" vc="7" />
                  </TrackedMethodRefs>
                </SequencePoint>
              </SequencePoints>
              <BranchPoints />
              <MethodPoint xsi:type="SequencePoint" vc="7" uspid="5" ordinal="0" offset="0" sl="32" sc="9" el="32" ec="10" bec="0" bev="0" fileid="1">
                <TrackedMethodRefs>
                  <TrackedMethodRef uid="8" vc="7" />
                </TrackedMethodRefs>
              </MethodPoint>
            </Method>
            <Method visited="true" cyclomaticComplexity="2" nPathComplexity="0" sequenceCoverage="100" branchCoverage="100" crapScore="2" isConstructor="false" isStatic="false" isGetter="false" isSetter="false">
              <Summary numSequencePoints="4" visitedSequencePoints="4" numBranchPoints="1" visitedBranchPoints="1" sequenceCoverage="100" branchCoverage="100" maxCyclomaticComplexity="2" minCyclomaticComplexity="2" maxCrapScore="2" minCrapScore="2" visitedClasses="0" numClasses="0" visitedMethods="1" numMethods="1" />
              <MetadataToken>100663299</MetadataToken>
              <Name>System.Void AttendanceListGenerator.Core.Tests.Unit.Helpers.EnumNavigatorTests::Next_TypeThatIsNotAnEnum_ThrowsTypeInitializationException()</Name>
              <FileRef uid="1" />
              <SequencePoints>
                <SequencePoint vc="1" uspid="9" ordinal="0" offset="0" sl="40" sc="9" el="40" ec="10" bec="0" bev="0" fileid="1">
                  <TrackedMethodRefs>
                    <TrackedMethodRef uid="15" vc="1" />
                  </TrackedMethodRefs>
                </SequencePoint>
                <SequencePoint vc="1" uspid="10" ordinal="1" offset="1" sl="41" sc="13" el="41" ec="95" bec="0" bev="0" fileid="1">
                  <TrackedMethodRefs>
                    <TrackedMethodRef uid="15" vc="1" />
                  </TrackedMethodRefs>
                </SequencePoint>
                <SequencePoint vc="1" uspid="11" ordinal="2" offset="33" sl="43" sc="13" el="43" ec="94" bec="0" bev="0" fileid="1">
                  <TrackedMethodRefs>
                    <TrackedMethodRef uid="15" vc="1" />
                  </TrackedMethodRefs>
                </SequencePoint>
                <SequencePoint vc="1" uspid="12" ordinal="3" offset="45" sl="44" sc="9" el="44" ec="10" bec="0" bev="0" fileid="1">
                  <TrackedMethodRefs>
                    <TrackedMethodRef uid="15" vc="1" />
                  </TrackedMethodRefs>
                </SequencePoint>
              </SequencePoints>
              <BranchPoints />
              <MethodPoint xsi:type="SequencePoint" vc="1" uspid="9" ordinal="0" offset="0" sl="40" sc="9" el="40" ec="10" bec="0" bev="0" fileid="1">
                <TrackedMethodRefs>
                  <TrackedMethodRef uid="15" vc="1" />
                </TrackedMethodRefs>
              </MethodPoint>
            </Method>
            <Method visited="true" cyclomaticComplexity="2" nPathComplexity="0" sequenceCoverage="100" branchCoverage="100" crapScore="2" isConstructor="false" isStatic="false" isGetter="false" isSetter="false">
              <Summary numSequencePoints="4" visitedSequencePoints="4" numBranchPoints="1" visitedBranchPoints="1" sequenceCoverage="100" branchCoverage="100" maxCyclomaticComplexity="2" minCyclomaticComplexity="2" maxCrapScore="2" minCrapScore="2" visitedClasses="0" numClasses="0" visitedMethods="1" numMethods="1" />
              <MetadataToken>100663300</MetadataToken>
              <Name>System.Void AttendanceListGenerator.Core.Tests.Unit.Helpers.EnumNavigatorTests::Previous_TypeThatIsNotAnEnum_ThrowsTypeInitializationException()</Name>
              <FileRef uid="1" />
              <SequencePoints>
                <SequencePoint vc="1" uspid="15" ordinal="0" offset="0" sl="48" sc="9" el="48" ec="10" bec="0" bev="0" fileid="1">
                  <TrackedMethodRefs>
                    <TrackedMethodRef uid="16" vc="1" />
                  </TrackedMethodRefs>
                </SequencePoint>
                <SequencePoint vc="1" uspid="16" ordinal="1" offset="1" sl="49" sc="13" el="49" ec="103" bec="0" bev="0" fileid="1">
                  <TrackedMethodRefs>
                    <TrackedMethodRef uid="16" vc="1" />
                  </TrackedMethodRefs>
                </SequencePoint>
                <SequencePoint vc="1" uspid="17" ordinal="2" offset="33" sl="51" sc="13" el="51" ec="98" bec="0" bev="0" fileid="1">
                  <TrackedMethodRefs>
                    <TrackedMethodRef uid="16" vc="1" />
                  </TrackedMethodRefs>
                </SequencePoint>
                <SequencePoint vc="1" uspid="18" ordinal="3" offset="45" sl="52" sc="9" el="52" ec="10" bec="0" bev="0" fileid="1">
                  <TrackedMethodRefs>
                    <TrackedMethodRef uid="16" vc="1" />
                  </TrackedMethodRefs>
                </SequencePoint>
              </SequencePoints>
              <BranchPoints />
              <MethodPoint xsi:type="SequencePoint" vc="1" uspid="15" ordinal="0" offset="0" sl="48" sc="9" el="48" ec="10" bec="0" bev="0" fileid="1">
                <TrackedMethodRefs>
                  <TrackedMethodRef uid="16" vc="1" />
                </TrackedMethodRefs>
              </MethodPoint>
            </Method>
            <Method visited="false" cyclomaticComplexity="1" nPathComplexity="0" sequenceCoverage="0" branchCoverage="0" crapScore="2" isConstructor="true" isStatic="false" isGetter="false" isSetter="false">
              <Summary numSequencePoints="0" visitedSequencePoints="0" numBranchPoints="0" visitedBranchPoints="0" sequenceCoverage="0" branchCoverage="0" maxCyclomaticComplexity="1" minCyclomaticComplexity="1" maxCrapScore="2" minCrapScore="2" visitedClasses="0" numClasses="0" visitedMethods="0" numMethods="0" />
              <MetadataToken>100663301</MetadataToken>
              <Name>System.Void AttendanceListGenerator.Core.Tests.Unit.Helpers.EnumNavigatorTests::.ctor()</Name>
              <SequencePoints />
              <BranchPoints />
              <MethodPoint vc="0" uspid="21" ordinal="0" offset="0" />
            </Method>
          </Methods>
        </Class>
        <Class>
          <Summary numSequencePoints="2" visitedSequencePoints="2" numBranchPoints="2" visitedBranchPoints="2" sequenceCoverage="100" branchCoverage="100" maxCyclomaticComplexity="1" minCyclomaticComplexity="1" maxCrapScore="2" minCrapScore="1" visitedClasses="1" numClasses="1" visitedMethods="2" numMethods="2" />
          <FullName>AttendanceListGenerator.Core.Tests.Unit.Helpers.EnumNavigatorTests/&lt;&gt;c</FullName>
          <Methods>
            <Method visited="false" cyclomaticComplexity="1" nPathComplexity="0" sequenceCoverage="0" branchCoverage="0" crapScore="2" isConstructor="true" isStatic="true" isGetter="false" isSetter="false">
              <Summary numSequencePoints="0" visitedSequencePoints="0" numBranchPoints="0" visitedBranchPoints="0" sequenceCoverage="0" branchCoverage="0" maxCyclomaticComplexity="1" minCyclomaticComplexity="1" maxCrapScore="2" minCrapScore="2" visitedClasses="0" numClasses="0" visitedMethods="0" numMethods="0" />
              <MetadataToken>100663311</MetadataToken>
              <Name>System.Void AttendanceListGenerator.Core.Tests.Unit.Helpers.EnumNavigatorTests/&lt;&gt;c::.cctor()</Name>
              <SequencePoints />
              <BranchPoints />
              <MethodPoint vc="0" uspid="22" ordinal="0" offset="0" />
            </Method>
            <Method visited="false" cyclomaticComplexity="1" nPathComplexity="0" sequenceCoverage="0" branchCoverage="0" crapScore="2" isConstructor="true" isStatic="false" isGetter="false" isSetter="false">
              <Summary numSequencePoints="0" visitedSequencePoints="0" numBranchPoints="0" visitedBranchPoints="0" sequenceCoverage="0" branchCoverage="0" maxCyclomaticComplexity="1" minCyclomaticComplexity="1" maxCrapScore="2" minCrapScore="2" visitedClasses="0" numClasses="0" visitedMethods="0" numMethods="0" />
              <MetadataToken>100663312</MetadataToken>
              <Name>System.Void AttendanceListGenerator.Core.Tests.Unit.Helpers.EnumNavigatorTests/&lt;&gt;c::.ctor()</Name>
              <SequencePoints />
              <BranchPoints />
              <MethodPoint vc="0" uspid="23" ordinal="0" offset="0" />
            </Method>
            <Method visited="true" cyclomaticComplexity="1" nPathComplexity="0" sequenceCoverage="100" branchCoverage="100" crapScore="1" isConstructor="false" isStatic="false" isGetter="false" isSetter="false">
              <Summary numSequencePoints="1" visitedSequencePoints="1" numBranchPoints="1" visitedBranchPoints="1" sequenceCoverage="100" branchCoverage="100" maxCyclomaticComplexity="1" minCyclomaticComplexity="1" maxCrapScore="1" minCrapScore="1" visitedClasses="0" numClasses="0" visitedMethods="1" numMethods="1" />
              <MetadataToken>100663313</MetadataToken>
              <Name>System.Void AttendanceListGenerator.Core.Tests.Unit.Helpers.EnumNavigatorTests/&lt;&gt;c::&lt;Next_TypeThatIsNotAnEnum_ThrowsTypeInitializationException&gt;b__2_0()</Name>
              <FileRef uid="1" />
              <SequencePoints>
                <SequencePoint vc="1" uspid="24" ordinal="0" offset="0" sl="41" sc="52" el="41" ec="94" bec="0" bev="0" fileid="1">
                  <TrackedMethodRefs>
                    <TrackedMethodRef uid="15" vc="1" />
                  </TrackedMethodRefs>
                </SequencePoint>
              </SequencePoints>
              <BranchPoints />
              <MethodPoint xsi:type="SequencePoint" vc="1" uspid="24" ordinal="0" offset="0" sl="41" sc="52" el="41" ec="94" bec="0" bev="0" fileid="1">
                <TrackedMethodRefs>
                  <TrackedMethodRef uid="15" vc="1" />
                </TrackedMethodRefs>
              </MethodPoint>
            </Method>
            <Method visited="true" cyclomaticComplexity="1" nPathComplexity="0" sequenceCoverage="100" branchCoverage="100" crapScore="1" isConstructor="false" isStatic="false" isGetter="false" isSetter="false">
              <Summary numSequencePoints="1" visitedSequencePoints="1" numBranchPoints="1" visitedBranchPoints="1" sequenceCoverage="100" branchCoverage="100" maxCyclomaticComplexity="1" minCyclomaticComplexity="1" maxCrapScore="1" minCrapScore="1" visitedClasses="0" numClasses="0" visitedMethods="1" numMethods="1" />
              <MetadataToken>100663314</MetadataToken>
              <Name>System.Void AttendanceListGenerator.Core.Tests.Unit.Helpers.EnumNavigatorTests/&lt;&gt;c::&lt;Previous_TypeThatIsNotAnEnum_ThrowsTypeInitializationException&gt;b__3_0()</Name>
              <FileRef uid="1" />
              <SequencePoints>
                <SequencePoint vc="1" uspid="25" ordinal="0" offset="0" sl="49" sc="56" el="49" ec="102" bec="0" bev="0" fileid="1">
                  <TrackedMethodRefs>
                    <TrackedMethodRef uid="16" vc="1" />
                  </TrackedMethodRefs>
                </SequencePoint>
              </SequencePoints>
              <BranchPoints />
              <MethodPoint xsi:type="SequencePoint" vc="1" uspid="25" ordinal="0" offset="0" sl="49" sc="56" el="49" ec="102" bec="0" bev="0" fileid="1">
                <TrackedMethodRefs>
                  <TrackedMethodRef uid="16" vc="1" />
                </TrackedMethodRefs>
              </MethodPoint>
            </Method>
          </Methods>
        </Class>
        <Class>
          <Summary numSequencePoints="8" visitedSequencePoints="8" numBranchPoints="2" visitedBranchPoints="2" sequenceCoverage="100" branchCoverage="100" maxCyclomaticComplexity="1" minCyclomaticComplexity="1" maxCrapScore="2" minCrapScore="1" visitedClasses="1" numClasses="1" visitedMethods="2" numMethods="2" />
          <FullName>AttendanceListGenerator.Core.Tests.Unit.Data.DayOfWeekNavigatorTests</FullName>
          <Methods>
            <Method visited="true" cyclomaticComplexity="1" nPathComplexity="0" sequenceCoverage="100" branchCoverage="100" crapScore="1" isConstructor="false" isStatic="false" isGetter="false" isSetter="false">
              <Summary numSequencePoints="4" visitedSequencePoints="4" numBranchPoints="1" visitedBranchPoints="1" sequenceCoverage="100" branchCoverage="100" maxCyclomaticComplexity="1" minCyclomaticComplexity="1" maxCrapScore="1" minCrapScore="1" visitedClasses="0" numClasses="0" visitedMethods="1" numMethods="1" />
              <MetadataToken>100663302</MetadataToken>
              <Name>System.Void AttendanceListGenerator.Core.Tests.Unit.Data.DayOfWeekNavigatorTests::Next_ReturnsProperNextDay(System.DayOfWeek,System.DayOfWeek)</Name>
              <FileRef uid="3" />
              <SequencePoints>
                <SequencePoint vc="7" uspid="26" ordinal="0" offset="0" sl="17" sc="9" el="17" ec="10" bec="0" bev="0" fileid="3">
                  <TrackedMethodRefs>
                    <TrackedMethodRef uid="17" vc="7" />
                  </TrackedMethodRefs>
                </SequencePoint>
                <SequencePoint vc="7" uspid="27" ordinal="1" offset="1" sl="18" sc="13" el="18" ec="54" bec="0" bev="0" fileid="3">
                  <TrackedMethodRefs>
                    <TrackedMethodRef uid="17" vc="7" />
                  </TrackedMethodRefs>
                </SequencePoint>
                <SequencePoint vc="7" uspid="28" ordinal="2" offset="8" sl="20" sc="13" el="20" ec="62" bec="0" bev="0" fileid="3">
                  <TrackedMethodRefs>
                    <TrackedMethodRef uid="17" vc="7" />
                  </TrackedMethodRefs>
                </SequencePoint>
                <SequencePoint vc="7" uspid="29" ordinal="3" offset="26" sl="21" sc="9" el="21" ec="10" bec="0" bev="0" fileid="3">
                  <TrackedMethodRefs>
                    <TrackedMethodRef uid="17" vc="7" />
                  </TrackedMethodRefs>
                </SequencePoint>
              </SequencePoints>
              <BranchPoints />
              <MethodPoint xsi:type="SequencePoint" vc="7" uspid="26" ordinal="0" offset="0" sl="17" sc="9" el="17" ec="10" bec="0" bev="0" fileid="3">
                <TrackedMethodRefs>
                  <TrackedMethodRef uid="17" vc="7" />
                </TrackedMethodRefs>
              </MethodPoint>
            </Method>
            <Method visited="true" cyclomaticComplexity="1" nPathComplexity="0" sequenceCoverage="100" branchCoverage="100" crapScore="1" isConstructor="false" isStatic="false" isGetter="false" isSetter="false">
              <Summary numSequencePoints="4" visitedSequencePoints="4" numBranchPoints="1" visitedBranchPoints="1" sequenceCoverage="100" branchCoverage="100" maxCyclomaticComplexity="1" minCyclomaticComplexity="1" maxCrapScore="1" minCrapScore="1" visitedClasses="0" numClasses="0" visitedMethods="1" numMethods="1" />
              <MetadataToken>100663303</MetadataToken>
              <Name>System.Void AttendanceListGenerator.Core.Tests.Unit.Data.DayOfWeekNavigatorTests::Previous_ReturnsProperNextDay(System.DayOfWeek,System.DayOfWeek)</Name>
              <FileRef uid="3" />
              <SequencePoints>
                <SequencePoint vc="7" uspid="30" ordinal="0" offset="0" sl="31" sc="9" el="31" ec="10" bec="0" bev="0" fileid="3">
                  <TrackedMethodRefs>
                    <TrackedMethodRef uid="24" vc="7" />
                  </TrackedMethodRefs>
                </SequencePoint>
                <SequencePoint vc="7" uspid="31" ordinal="1" offset="1" sl="32" sc="13" el="32" ec="62" bec="0" bev="0" fileid="3">
                  <TrackedMethodRefs>
                    <TrackedMethodRef uid="24" vc="7" />
                  </TrackedMethodRefs>
                </SequencePoint>
                <SequencePoint vc="7" uspid="32" ordinal="2" offset="8" sl="34" sc="13" el="34" ec="66" bec="0" bev="0" fileid="3">
                  <TrackedMethodRefs>
                    <TrackedMethodRef uid="24" vc="7" />
                  </TrackedMethodRefs>
                </SequencePoint>
                <SequencePoint vc="7" uspid="33" ordinal="3" offset="26" sl="35" sc="9" el="35" ec="10" bec="0" bev="0" fileid="3">
                  <TrackedMethodRefs>
                    <TrackedMethodRef uid="24" vc="7" />
                  </TrackedMethodRefs>
                </SequencePoint>
              </SequencePoints>
              <BranchPoints />
              <MethodPoint xsi:type="SequencePoint" vc="7" uspid="30" ordinal="0" offset="0" sl="31" sc="9" el="31" ec="10" bec="0" bev="0" fileid="3">
                <TrackedMethodRefs>
                  <TrackedMethodRef uid="24" vc="7" />
                </TrackedMethodRefs>
              </MethodPoint>
            </Method>
            <Method visited="false" cyclomaticComplexity="1" nPathComplexity="0" sequenceCoverage="0" branchCoverage="0" crapScore="2" isConstructor="true" isStatic="false" isGetter="false" isSetter="false">
              <Summary numSequencePoints="0" visitedSequencePoints="0" numBranchPoints="0" visitedBranchPoints="0" sequenceCoverage="0" branchCoverage="0" maxCyclomaticComplexity="1" minCyclomaticComplexity="1" maxCrapScore="2" minCrapScore="2" visitedClasses="0" numClasses="0" visitedMethods="0" numMethods="0" />
              <MetadataToken>100663304</MetadataToken>
              <Name>System.Void AttendanceListGenerator.Core.Tests.Unit.Data.DayOfWeekNavigatorTests::.ctor()</Name>
              <SequencePoints />
              <BranchPoints />
              <MethodPoint vc="0" uspid="34" ordinal="0" offset="0" />
            </Method>
          </Methods>
        </Class>
        <Class>
          <Summary numSequencePoints="20" visitedSequencePoints="20" numBranchPoints="5" visitedBranchPoints="5" sequenceCoverage="100" branchCoverage="100" maxCyclomaticComplexity="1" minCyclomaticComplexity="1" maxCrapScore="2" minCrapScore="1" visitedClasses="1" numClasses="1" visitedMethods="5" numMethods="5" />
          <FullName>AttendanceListGenerator.Core.Tests.Unit.Data.MonthDataTests</FullName>
          <Methods>
            <Method visited="true" cyclomaticComplexity="1" nPathComplexity="0" sequenceCoverage="100" branchCoverage="100" crapScore="1" isConstructor="false" isStatic="false" isGetter="false" isSetter="false">
              <Summary numSequencePoints="4" visitedSequencePoints="4" numBranchPoints="1" visitedBranchPoints="1" sequenceCoverage="100" branchCoverage="100" maxCyclomaticComplexity="1" minCyclomaticComplexity="1" maxCrapScore="1" minCrapScore="1" visitedClasses="0" numClasses="0" visitedMethods="1" numMethods="1" />
              <MetadataToken>100663305</MetadataToken>
              <Name>System.Void AttendanceListGenerator.Core.Tests.Unit.Data.MonthDataTests::Constructor_Month_MonthIsEqualToGivenMonth(AttendanceListGenerator.Core.Data.Month)</Name>
              <FileRef uid="4" />
              <SequencePoints>
                <SequencePoint vc="4" uspid="35" ordinal="0" offset="0" sl="14" sc="9" el="14" ec="10" bec="0" bev="0" fileid="4">
                  <TrackedMethodRefs>
                    <TrackedMethodRef uid="31" vc="4" />
                  </TrackedMethodRefs>
                </SequencePoint>
                <SequencePoint vc="4" uspid="36" ordinal="1" offset="1" sl="15" sc="13" el="15" ec="62" bec="0" bev="0" fileid="4">
                  <TrackedMethodRefs>
                    <TrackedMethodRef uid="31" vc="4" />
                  </TrackedMethodRefs>
                </SequencePoint>
                <SequencePoint vc="4" uspid="37" ordinal="2" offset="13" sl="17" sc="13" el="17" ec="61" bec="0" bev="0" fileid="4">
                  <TrackedMethodRefs>
                    <TrackedMethodRef uid="31" vc="4" />
                  </TrackedMethodRefs>
                </SequencePoint>
                <SequencePoint vc="4" uspid="38" ordinal="3" offset="36" sl="18" sc="9" el="18" ec="10" bec="0" bev="0" fileid="4">
                  <TrackedMethodRefs>
                    <TrackedMethodRef uid="31" vc="4" />
                  </TrackedMethodRefs>
                </SequencePoint>
              </SequencePoints>
              <BranchPoints />
              <MethodPoint xsi:type="SequencePoint" vc="4" uspid="35" ordinal="0" offset="0" sl="14" sc="9" el="14" ec="10" bec="0" bev="0" fileid="4">
                <TrackedMethodRefs>
                  <TrackedMethodRef uid="31" vc="4" />
                </TrackedMethodRefs>
              </MethodPoint>
            </Method>
            <Method visited="true" cyclomaticComplexity="1" nPathComplexity="0" sequenceCoverage="100" branchCoverage="100" crapScore="1" isConstructor="false" isStatic="false" isGetter="false" isSetter="false">
              <Summary numSequencePoints="4" visitedSequencePoints="4" numBranchPoints="1" visitedBranchPoints="1" sequenceCoverage="100" branchCoverage="100" maxCyclomaticComplexity="1" minCyclomaticComplexity="1" maxCrapScore="1" minCrapScore="1" visitedClasses="0" numClasses="0" visitedMethods="1" numMethods="1" />
              <MetadataToken>100663306</MetadataToken>
              <Name>System.Void AttendanceListGenerator.Core.Tests.Unit.Data.MonthDataTests::Constructor_Year_YearIsEqualToGivenYear(System.Int32)</Name>
              <FileRef uid="4" />
              <SequencePoints>
                <SequencePoint vc="4" uspid="39" ordinal="0" offset="0" sl="25" sc="9" el="25" ec="10" bec="0" bev="0" fileid="4">
                  <TrackedMethodRefs>
                    <TrackedMethodRef uid="35" vc="4" />
                  </TrackedMethodRefs>
                </SequencePoint>
                <SequencePoint vc="4" uspid="40" ordinal="1" offset="1" sl="26" sc="13" el="26" ec="70" bec="0" bev="0" fileid="4">
                  <TrackedMethodRefs>
                    <TrackedMethodRef uid="35" vc="4" />
                  </TrackedMethodRefs>
                </SequencePoint>
                <SequencePoint vc="4" uspid="41" ordinal="2" offset="9" sl="28" sc="13" el="28" ec="59" bec="0" bev="0" fileid="4">
                  <TrackedMethodRefs>
                    <TrackedMethodRef uid="35" vc="4" />
                  </TrackedMethodRefs>
                </SequencePoint>
                <SequencePoint vc="4" uspid="42" ordinal="3" offset="32" sl="29" sc="9" el="29" ec="10" bec="0" bev="0" fileid="4">
                  <TrackedMethodRefs>
                    <TrackedMethodRef uid="35" vc="4" />
                  </TrackedMethodRefs>
                </SequencePoint>
              </SequencePoints>
              <BranchPoints />
              <MethodPoint xsi:type="SequencePoint" vc="4" uspid="39" ordinal="0" offset="0" sl="25" sc="9" el="25" ec="10" bec="0" bev="0" fileid="4">
                <TrackedMethodRefs>
                  <TrackedMethodRef uid="35" vc="4" />
                </TrackedMethodRefs>
              </MethodPoint>
            </Method>
            <Method visited="true" cyclomaticComplexity="1" nPathComplexity="0" sequenceCoverage="100" branchCoverage="100" crapScore="1" isConstructor="false" isStatic="false" isGetter="false" isSetter="false">
              <Summary numSequencePoints="4" visitedSequencePoints="4" numBranchPoints="1" visitedBranchPoints="1" sequenceCoverage="100" branchCoverage="100" maxCyclomaticComplexity="1" minCyclomaticComplexity="1" maxCrapScore="1" minCrapScore="1" visitedClasses="0" numClasses="0" visitedMethods="1" numMethods="1" />
              <MetadataToken>100663307</MetadataToken>
              <Name>System.Void AttendanceListGenerator.Core.Tests.Unit.Data.MonthDataTests::Constructor_YearLessThan1900OrAbove2100_ThrowArgumentOutOfRangeException(System.Int32)</Name>
              <FileRef uid="4" />
              <SequencePoints>
                <SequencePoint vc="6" uspid="43" ordinal="0" offset="13" sl="38" sc="9" el="38" ec="10" bec="0" bev="0" fileid="4">
                  <TrackedMethodRefs>
                    <TrackedMethodRef uid="39" vc="6" />
                  </TrackedMethodRefs>
                </SequencePoint>
                <SequencePoint vc="6" uspid="44" ordinal="1" offset="14" sl="39" sc="13" el="39" ec="81" bec="0" bev="0" fileid="4">
                  <TrackedMethodRefs>
                    <TrackedMethodRef uid="39" vc="6" />
                  </TrackedMethodRefs>
                </SequencePoint>
                <SequencePoint vc="6" uspid="45" ordinal="2" offset="27" sl="41" sc="13" el="41" ec="88" bec="0" bev="0" fileid="4">
                  <TrackedMethodRefs>
                    <TrackedMethodRef uid="39" vc="6" />
                  </TrackedMethodRefs>
                </SequencePoint>
                <SequencePoint vc="6" uspid="46" ordinal="3" offset="39" sl="42" sc="9" el="42" ec="10" bec="0" bev="0" fileid="4">
                  <TrackedMethodRefs>
                    <TrackedMethodRef uid="39" vc="6" />
                  </TrackedMethodRefs>
                </SequencePoint>
              </SequencePoints>
              <BranchPoints />
              <MethodPoint vc="6" uspid="47" ordinal="0" offset="0">
                <TrackedMethodRefs>
                  <TrackedMethodRef uid="39" vc="6" />
                </TrackedMethodRefs>
              </MethodPoint>
            </Method>
            <Method visited="true" cyclomaticComplexity="1" nPathComplexity="0" sequenceCoverage="100" branchCoverage="100" crapScore="1" isConstructor="false" isStatic="false" isGetter="false" isSetter="false">
              <Summary numSequencePoints="4" visitedSequencePoints="4" numBranchPoints="1" visitedBranchPoints="1" sequenceCoverage="100" branchCoverage="100" maxCyclomaticComplexity="1" minCyclomaticComplexity="1" maxCrapScore="1" minCrapScore="1" visitedClasses="0" numClasses="0" visitedMethods="1" numMethods="1" />
              <MetadataToken>100663308</MetadataToken>
              <Name>System.Void AttendanceListGenerator.Core.Tests.Unit.Data.MonthDataTests::Constructor_Year1900And2100_DoNotThrowArgumentOutOfRangeException(System.Int32)</Name>
              <FileRef uid="4" />
              <SequencePoints>
                <SequencePoint vc="2" uspid="48" ordinal="0" offset="13" sl="47" sc="9" el="47" ec="10" bec="0" bev="0" fileid="4">
                  <TrackedMethodRefs>
                    <TrackedMethodRef uid="45" vc="2" />
                  </TrackedMethodRefs>
                </SequencePoint>
                <SequencePoint vc="2" uspid="49" ordinal="1" offset="14" sl="48" sc="13" el="48" ec="81" bec="0" bev="0" fileid="4">
                  <TrackedMethodRefs>
                    <TrackedMethodRef uid="45" vc="2" />
                  </TrackedMethodRefs>
                </SequencePoint>
                <SequencePoint vc="2" uspid="50" ordinal="2" offset="27" sl="50" sc="13" el="50" ec="54" bec="0" bev="0" fileid="4">
                  <TrackedMethodRefs>
                    <TrackedMethodRef uid="45" vc="2" />
                  </TrackedMethodRefs>
                </SequencePoint>
                <SequencePoint vc="2" uspid="51" ordinal="3" offset="39" sl="51" sc="9" el="51" ec="10" bec="0" bev="0" fileid="4">
                  <TrackedMethodRefs>
                    <TrackedMethodRef uid="45" vc="2" />
                  </TrackedMethodRefs>
                </SequencePoint>
              </SequencePoints>
              <BranchPoints />
              <MethodPoint vc="2" uspid="52" ordinal="0" offset="0">
                <TrackedMethodRefs>
                  <TrackedMethodRef uid="45" vc="2" />
                </TrackedMethodRefs>
              </MethodPoint>
            </Method>
            <Method visited="true" cyclomaticComplexity="1" nPathComplexity="0" sequenceCoverage="100" branchCoverage="100" crapScore="1" isConstructor="false" isStatic="false" isGetter="false" isSetter="false">
              <Summary numSequencePoints="4" visitedSequencePoints="4" numBranchPoints="1" visitedBranchPoints="1" sequenceCoverage="100" branchCoverage="100" maxCyclomaticComplexity="1" minCyclomaticComplexity="1" maxCrapScore="1" minCrapScore="1" visitedClasses="0" numClasses="0" visitedMethods="1" numMethods="1" />
              <MetadataToken>100663309</MetadataToken>
              <Name>System.Void AttendanceListGenerator.Core.Tests.Unit.Data.MonthDataTests::Constructor_February2019_CreateListOf28Days()</Name>
              <FileRef uid="4" />
              <SequencePoints>
                <SequencePoint vc="1" uspid="53" ordinal="0" offset="0" sl="55" sc="9" el="55" ec="10" bec="0" bev="0" fileid="4">
                  <TrackedMethodRefs>
                    <TrackedMethodRef uid="47" vc="1" />
                  </TrackedMethodRefs>
                </SequencePoint>
                <SequencePoint vc="1" uspid="54" ordinal="1" offset="1" sl="56" sc="13" el="56" ec="71" bec="0" bev="0" fileid="4">
                  <TrackedMethodRefs>
                    <TrackedMethodRef uid="47" vc="1" />
                  </TrackedMethodRefs>
                </SequencePoint>
                <SequencePoint vc="1" uspid="55" ordinal="2" offset="13" sl="58" sc="13" el="58" ec="63" bec="0" bev="0" fileid="4">
                  <TrackedMethodRefs>
                    <TrackedMethodRef uid="47" vc="1" />
                  </TrackedMethodRefs>
                </SequencePoint>
                <SequencePoint vc="1" uspid="56" ordinal="3" offset="42" sl="59" sc="9" el="59" ec="10" bec="0" bev="0" fileid="4">
                  <TrackedMethodRefs>
                    <TrackedMethodRef uid="47" vc="1" />
                  </TrackedMethodRefs>
                </SequencePoint>
              </SequencePoints>
              <BranchPoints />
              <MethodPoint xsi:type="SequencePoint" vc="1" uspid="53" ordinal="0" offset="0" sl="55" sc="9" el="55" ec="10" bec="0" bev="0" fileid="4">
                <TrackedMethodRefs>
                  <TrackedMethodRef uid="47" vc="1" />
                </TrackedMethodRefs>
              </MethodPoint>
            </Method>
            <Method visited="false" cyclomaticComplexity="1" nPathComplexity="0" sequenceCoverage="0" branchCoverage="0" crapScore="2" isConstructor="true" isStatic="false" isGetter="false" isSetter="false">
              <Summary numSequencePoints="0" visitedSequencePoints="0" numBranchPoints="0" visitedBranchPoints="0" sequenceCoverage="0" branchCoverage="0" maxCyclomaticComplexity="1" minCyclomaticComplexity="1" maxCrapScore="2" minCrapScore="2" visitedClasses="0" numClasses="0" visitedMethods="0" numMethods="0" />
              <MetadataToken>100663310</MetadataToken>
              <Name>System.Void AttendanceListGenerator.Core.Tests.Unit.Data.MonthDataTests::.ctor()</Name>
              <SequencePoints />
              <BranchPoints />
              <MethodPoint vc="0" uspid="57" ordinal="0" offset="0" />
            </Method>
          </Methods>
        </Class>
        <Class>
          <Summary numSequencePoints="1" visitedSequencePoints="1" numBranchPoints="1" visitedBranchPoints="1" sequenceCoverage="100" branchCoverage="100" maxCyclomaticComplexity="1" minCyclomaticComplexity="1" maxCrapScore="2" minCrapScore="1" visitedClasses="1" numClasses="1" visitedMethods="1" numMethods="1" />
          <FullName>AttendanceListGenerator.Core.Tests.Unit.Data.MonthDataTests/&lt;&gt;c__DisplayClass2_0</FullName>
          <Methods>
            <Method visited="false" cyclomaticComplexity="1" nPathComplexity="0" sequenceCoverage="0" branchCoverage="0" crapScore="2" isConstructor="true" isStatic="false" isGetter="false" isSetter="false">
              <Summary numSequencePoints="0" visitedSequencePoints="0" numBranchPoints="0" visitedBranchPoints="0" sequenceCoverage="0" branchCoverage="0" maxCyclomaticComplexity="1" minCyclomaticComplexity="1" maxCrapScore="2" minCrapScore="2" visitedClasses="0" numClasses="0" visitedMethods="0" numMethods="0" />
              <MetadataToken>100663315</MetadataToken>
              <Name>System.Void AttendanceListGenerator.Core.Tests.Unit.Data.MonthDataTests/&lt;&gt;c__DisplayClass2_0::.ctor()</Name>
              <SequencePoints />
              <BranchPoints />
              <MethodPoint vc="0" uspid="58" ordinal="0" offset="0" />
            </Method>
            <Method visited="true" cyclomaticComplexity="1" nPathComplexity="0" sequenceCoverage="100" branchCoverage="100" crapScore="1" isConstructor="false" isStatic="false" isGetter="false" isSetter="false">
              <Summary numSequencePoints="1" visitedSequencePoints="1" numBranchPoints="1" visitedBranchPoints="1" sequenceCoverage="100" branchCoverage="100" maxCyclomaticComplexity="1" minCyclomaticComplexity="1" maxCrapScore="1" minCrapScore="1" visitedClasses="0" numClasses="0" visitedMethods="1" numMethods="1" />
              <MetadataToken>100663316</MetadataToken>
              <Name>System.Void AttendanceListGenerator.Core.Tests.Unit.Data.MonthDataTests/&lt;&gt;c__DisplayClass2_0::&lt;Constructor_YearLessThan1900OrAbove2100_ThrowArgumentOutOfRangeException&gt;b__0()</Name>
              <FileRef uid="4" />
              <SequencePoints>
                <SequencePoint vc="6" uspid="59" ordinal="0" offset="0" sl="39" sc="46" el="39" ec="80" bec="0" bev="0" fileid="4">
                  <TrackedMethodRefs>
                    <TrackedMethodRef uid="39" vc="6" />
                  </TrackedMethodRefs>
                </SequencePoint>
              </SequencePoints>
              <BranchPoints />
              <MethodPoint xsi:type="SequencePoint" vc="6" uspid="59" ordinal="0" offset="0" sl="39" sc="46" el="39" ec="80" bec="0" bev="0" fileid="4">
                <TrackedMethodRefs>
                  <TrackedMethodRef uid="39" vc="6" />
                </TrackedMethodRefs>
              </MethodPoint>
            </Method>
          </Methods>
        </Class>
        <Class>
          <Summary numSequencePoints="1" visitedSequencePoints="1" numBranchPoints="1" visitedBranchPoints="1" sequenceCoverage="100" branchCoverage="100" maxCyclomaticComplexity="1" minCyclomaticComplexity="1" maxCrapScore="2" minCrapScore="1" visitedClasses="1" numClasses="1" visitedMethods="1" numMethods="1" />
          <FullName>AttendanceListGenerator.Core.Tests.Unit.Data.MonthDataTests/&lt;&gt;c__DisplayClass3_0</FullName>
          <Methods>
            <Method visited="false" cyclomaticComplexity="1" nPathComplexity="0" sequenceCoverage="0" branchCoverage="0" crapScore="2" isConstructor="true" isStatic="false" isGetter="false" isSetter="false">
              <Summary numSequencePoints="0" visitedSequencePoints="0" numBranchPoints="0" visitedBranchPoints="0" sequenceCoverage="0" branchCoverage="0" maxCyclomaticComplexity="1" minCyclomaticComplexity="1" maxCrapScore="2" minCrapScore="2" visitedClasses="0" numClasses="0" visitedMethods="0" numMethods="0" />
              <MetadataToken>100663317</MetadataToken>
              <Name>System.Void AttendanceListGenerator.Core.Tests.Unit.Data.MonthDataTests/&lt;&gt;c__DisplayClass3_0::.ctor()</Name>
              <SequencePoints />
              <BranchPoints />
              <MethodPoint vc="0" uspid="60" ordinal="0" offset="0" />
            </Method>
            <Method visited="true" cyclomaticComplexity="1" nPathComplexity="0" sequenceCoverage="100" branchCoverage="100" crapScore="1" isConstructor="false" isStatic="false" isGetter="false" isSetter="false">
              <Summary numSequencePoints="1" visitedSequencePoints="1" numBranchPoints="1" visitedBranchPoints="1" sequenceCoverage="100" branchCoverage="100" maxCyclomaticComplexity="1" minCyclomaticComplexity="1" maxCrapScore="1" minCrapScore="1" visitedClasses="0" numClasses="0" visitedMethods="1" numMethods="1" />
              <MetadataToken>100663318</MetadataToken>
              <Name>System.Void AttendanceListGenerator.Core.Tests.Unit.Data.MonthDataTests/&lt;&gt;c__DisplayClass3_0::&lt;Constructor_Year1900And2100_DoNotThrowArgumentOutOfRangeException&gt;b__0()</Name>
              <FileRef uid="4" />
              <SequencePoints>
                <SequencePoint vc="2" uspid="61" ordinal="0" offset="0" sl="48" sc="46" el="48" ec="80" bec="0" bev="0" fileid="4">
                  <TrackedMethodRefs>
                    <TrackedMethodRef uid="45" vc="2" />
                  </TrackedMethodRefs>
                </SequencePoint>
              </SequencePoints>
              <BranchPoints />
              <MethodPoint xsi:type="SequencePoint" vc="2" uspid="61" ordinal="0" offset="0" sl="48" sc="46" el="48" ec="80" bec="0" bev="0" fileid="4">
                <TrackedMethodRefs>
                  <TrackedMethodRef uid="45" vc="2" />
                </TrackedMethodRefs>
              </MethodPoint>
            </Method>
          </Methods>
        </Class>
      </Classes>
      <TrackedMethods>
        <TrackedMethod uid="1" token="100663297" name="System.Void AttendanceListGenerator.Core.Tests.Unit.Helpers.EnumNavigatorTests::Next_DayOfWeek_ReturnsProperNextDay(System.DayOfWeek,System.DayOfWeek)" strategy="NUnitTest" />
        <TrackedMethod uid="2" token="100663297" name="System.Void AttendanceListGenerator.Core.Tests.Unit.Helpers.EnumNavigatorTests::Next_DayOfWeek_ReturnsProperNextDay(System.DayOfWeek,System.DayOfWeek)" strategy="NUnitTest" />
        <TrackedMethod uid="3" token="100663297" name="System.Void AttendanceListGenerator.Core.Tests.Unit.Helpers.EnumNavigatorTests::Next_DayOfWeek_ReturnsProperNextDay(System.DayOfWeek,System.DayOfWeek)" strategy="NUnitTest" />
        <TrackedMethod uid="4" token="100663297" name="System.Void AttendanceListGenerator.Core.Tests.Unit.Helpers.EnumNavigatorTests::Next_DayOfWeek_ReturnsProperNextDay(System.DayOfWeek,System.DayOfWeek)" strategy="NUnitTest" />
        <TrackedMethod uid="5" token="100663297" name="System.Void AttendanceListGenerator.Core.Tests.Unit.Helpers.EnumNavigatorTests::Next_DayOfWeek_ReturnsProperNextDay(System.DayOfWeek,System.DayOfWeek)" strategy="NUnitTest" />
        <TrackedMethod uid="6" token="100663297" name="System.Void AttendanceListGenerator.Core.Tests.Unit.Helpers.EnumNavigatorTests::Next_DayOfWeek_ReturnsProperNextDay(System.DayOfWeek,System.DayOfWeek)" strategy="NUnitTest" />
        <TrackedMethod uid="7" token="100663297" name="System.Void AttendanceListGenerator.Core.Tests.Unit.Helpers.EnumNavigatorTests::Next_DayOfWeek_ReturnsProperNextDay(System.DayOfWeek,System.DayOfWeek)" strategy="NUnitTest" />
        <TrackedMethod uid="8" token="100663298" name="System.Void AttendanceListGenerator.Core.Tests.Unit.Helpers.EnumNavigatorTests::Previous_DayOfWeek_ReturnsProperNextDay(System.DayOfWeek,System.DayOfWeek)" strategy="NUnitTest" />
        <TrackedMethod uid="9" token="100663298" name="System.Void AttendanceListGenerator.Core.Tests.Unit.Helpers.EnumNavigatorTests::Previous_DayOfWeek_ReturnsProperNextDay(System.DayOfWeek,System.DayOfWeek)" strategy="NUnitTest" />
        <TrackedMethod uid="10" token="100663298" name="System.Void AttendanceListGenerator.Core.Tests.Unit.Helpers.EnumNavigatorTests::Previous_DayOfWeek_ReturnsProperNextDay(System.DayOfWeek,System.DayOfWeek)" strategy="NUnitTest" />
        <TrackedMethod uid="11" token="100663298" name="System.Void AttendanceListGenerator.Core.Tests.Unit.Helpers.EnumNavigatorTests::Previous_DayOfWeek_ReturnsProperNextDay(System.DayOfWeek,System.DayOfWeek)" strategy="NUnitTest" />
        <TrackedMethod uid="12" token="100663298" name="System.Void AttendanceListGenerator.Core.Tests.Unit.Helpers.EnumNavigatorTests::Previous_DayOfWeek_ReturnsProperNextDay(System.DayOfWeek,System.DayOfWeek)" strategy="NUnitTest" />
        <TrackedMethod uid="13" token="100663298" name="System.Void AttendanceListGenerator.Core.Tests.Unit.Helpers.EnumNavigatorTests::Previous_DayOfWeek_ReturnsProperNextDay(System.DayOfWeek,System.DayOfWeek)" strategy="NUnitTest" />
        <TrackedMethod uid="14" token="100663298" name="System.Void AttendanceListGenerator.Core.Tests.Unit.Helpers.EnumNavigatorTests::Previous_DayOfWeek_ReturnsProperNextDay(System.DayOfWeek,System.DayOfWeek)" strategy="NUnitTest" />
        <TrackedMethod uid="15" token="100663299" name="System.Void AttendanceListGenerator.Core.Tests.Unit.Helpers.EnumNavigatorTests::Next_TypeThatIsNotAnEnum_ThrowsTypeInitializationException()" strategy="NUnitTest" />
        <TrackedMethod uid="16" token="100663300" name="System.Void AttendanceListGenerator.Core.Tests.Unit.Helpers.EnumNavigatorTests::Previous_TypeThatIsNotAnEnum_ThrowsTypeInitializationException()" strategy="NUnitTest" />
        <TrackedMethod uid="17" token="100663302" name="System.Void AttendanceListGenerator.Core.Tests.Unit.Data.DayOfWeekNavigatorTests::Next_ReturnsProperNextDay(System.DayOfWeek,System.DayOfWeek)" strategy="NUnitTest" />
        <TrackedMethod uid="18" token="100663302" name="System.Void AttendanceListGenerator.Core.Tests.Unit.Data.DayOfWeekNavigatorTests::Next_ReturnsProperNextDay(System.DayOfWeek,System.DayOfWeek)" strategy="NUnitTest" />
        <TrackedMethod uid="19" token="100663302" name="System.Void AttendanceListGenerator.Core.Tests.Unit.Data.DayOfWeekNavigatorTests::Next_ReturnsProperNextDay(System.DayOfWeek,System.DayOfWeek)" strategy="NUnitTest" />
        <TrackedMethod uid="20" token="100663302" name="System.Void AttendanceListGenerator.Core.Tests.Unit.Data.DayOfWeekNavigatorTests::Next_ReturnsProperNextDay(System.DayOfWeek,System.DayOfWeek)" strategy="NUnitTest" />
        <TrackedMethod uid="21" token="100663302" name="System.Void AttendanceListGenerator.Core.Tests.Unit.Data.DayOfWeekNavigatorTests::Next_ReturnsProperNextDay(System.DayOfWeek,System.DayOfWeek)" strategy="NUnitTest" />
        <TrackedMethod uid="22" token="100663302" name="System.Void AttendanceListGenerator.Core.Tests.Unit.Data.DayOfWeekNavigatorTests::Next_ReturnsProperNextDay(System.DayOfWeek,System.DayOfWeek)" strategy="NUnitTest" />
        <TrackedMethod uid="23" token="100663302" name="System.Void AttendanceListGenerator.Core.Tests.Unit.Data.DayOfWeekNavigatorTests::Next_ReturnsProperNextDay(System.DayOfWeek,System.DayOfWeek)" strategy="NUnitTest" />
        <TrackedMethod uid="24" token="100663303" name="System.Void AttendanceListGenerator.Core.Tests.Unit.Data.DayOfWeekNavigatorTests::Previous_ReturnsProperNextDay(System.DayOfWeek,System.DayOfWeek)" strategy="NUnitTest" />
        <TrackedMethod uid="25" token="100663303" name="System.Void AttendanceListGenerator.Core.Tests.Unit.Data.DayOfWeekNavigatorTests::Previous_ReturnsProperNextDay(System.DayOfWeek,System.DayOfWeek)" strategy="NUnitTest" />
        <TrackedMethod uid="26" token="100663303" name="System.Void AttendanceListGenerator.Core.Tests.Unit.Data.DayOfWeekNavigatorTests::Previous_ReturnsProperNextDay(System.DayOfWeek,System.DayOfWeek)" strategy="NUnitTest" />
        <TrackedMethod uid="27" token="100663303" name="System.Void AttendanceListGenerator.Core.Tests.Unit.Data.DayOfWeekNavigatorTests::Previous_ReturnsProperNextDay(System.DayOfWeek,System.DayOfWeek)" strategy="NUnitTest" />
        <TrackedMethod uid="28" token="100663303" name="System.Void AttendanceListGenerator.Core.Tests.Unit.Data.DayOfWeekNavigatorTests::Previous_ReturnsProperNextDay(System.DayOfWeek,System.DayOfWeek)" strategy="NUnitTest" />
        <TrackedMethod uid="29" token="100663303" name="System.Void AttendanceListGenerator.Core.Tests.Unit.Data.DayOfWeekNavigatorTests::Previous_ReturnsProperNextDay(System.DayOfWeek,System.DayOfWeek)" strategy="NUnitTest" />
        <TrackedMethod uid="30" token="100663303" name="System.Void AttendanceListGenerator.Core.Tests.Unit.Data.DayOfWeekNavigatorTests::Previous_ReturnsProperNextDay(System.DayOfWeek,System.DayOfWeek)" strategy="NUnitTest" />
        <TrackedMethod uid="31" token="100663305" name="System.Void AttendanceListGenerator.Core.Tests.Unit.Data.MonthDataTests::Constructor_Month_MonthIsEqualToGivenMonth(AttendanceListGenerator.Core.Data.Month)" strategy="NUnitTest" />
        <TrackedMethod uid="32" token="100663305" name="System.Void AttendanceListGenerator.Core.Tests.Unit.Data.MonthDataTests::Constructor_Month_MonthIsEqualToGivenMonth(AttendanceListGenerator.Core.Data.Month)" strategy="NUnitTest" />
        <TrackedMethod uid="33" token="100663305" name="System.Void AttendanceListGenerator.Core.Tests.Unit.Data.MonthDataTests::Constructor_Month_MonthIsEqualToGivenMonth(AttendanceListGenerator.Core.Data.Month)" strategy="NUnitTest" />
        <TrackedMethod uid="34" token="100663305" name="System.Void AttendanceListGenerator.Core.Tests.Unit.Data.MonthDataTests::Constructor_Month_MonthIsEqualToGivenMonth(AttendanceListGenerator.Core.Data.Month)" strategy="NUnitTest" />
        <TrackedMethod uid="35" token="100663306" name="System.Void AttendanceListGenerator.Core.Tests.Unit.Data.MonthDataTests::Constructor_Year_YearIsEqualToGivenYear(System.Int32)" strategy="NUnitTest" />
        <TrackedMethod uid="36" token="100663306" name="System.Void AttendanceListGenerator.Core.Tests.Unit.Data.MonthDataTests::Constructor_Year_YearIsEqualToGivenYear(System.Int32)" strategy="NUnitTest" />
        <TrackedMethod uid="37" token="100663306" name="System.Void AttendanceListGenerator.Core.Tests.Unit.Data.MonthDataTests::Constructor_Year_YearIsEqualToGivenYear(System.Int32)" strategy="NUnitTest" />
        <TrackedMethod uid="38" token="100663306" name="System.Void AttendanceListGenerator.Core.Tests.Unit.Data.MonthDataTests::Constructor_Year_YearIsEqualToGivenYear(System.Int32)" strategy="NUnitTest" />
        <TrackedMethod uid="39" token="100663307" name="System.Void AttendanceListGenerator.Core.Tests.Unit.Data.MonthDataTests::Constructor_YearLessThan1900OrAbove2100_ThrowArgumentOutOfRangeException(System.Int32)" strategy="NUnitTest" />
        <TrackedMethod uid="40" token="100663307" name="System.Void AttendanceListGenerator.Core.Tests.Unit.Data.MonthDataTests::Constructor_YearLessThan1900OrAbove2100_ThrowArgumentOutOfRangeException(System.Int32)" strategy="NUnitTest" />
        <TrackedMethod uid="41" token="100663307" name="System.Void AttendanceListGenerator.Core.Tests.Unit.Data.MonthDataTests::Constructor_YearLessThan1900OrAbove2100_ThrowArgumentOutOfRangeException(System.Int32)" strategy="NUnitTest" />
        <TrackedMethod uid="42" token="100663307" name="System.Void AttendanceListGenerator.Core.Tests.Unit.Data.MonthDataTests::Constructor_YearLessThan1900OrAbove2100_ThrowArgumentOutOfRangeException(System.Int32)" strategy="NUnitTest" />
        <TrackedMethod uid="43" token="100663307" name="System.Void AttendanceListGenerator.Core.Tests.Unit.Data.MonthDataTests::Constructor_YearLessThan1900OrAbove2100_ThrowArgumentOutOfRangeException(System.Int32)" strategy="NUnitTest" />
        <TrackedMethod uid="44" token="100663307" name="System.Void AttendanceListGenerator.Core.Tests.Unit.Data.MonthDataTests::Constructor_YearLessThan1900OrAbove2100_ThrowArgumentOutOfRangeException(System.Int32)" strategy="NUnitTest" />
        <TrackedMethod uid="45" token="100663308" name="System.Void AttendanceListGenerator.Core.Tests.Unit.Data.MonthDataTests::Constructor_Year1900And2100_DoNotThrowArgumentOutOfRangeException(System.Int32)" strategy="NUnitTest" />
        <TrackedMethod uid="46" token="100663308" name="System.Void AttendanceListGenerator.Core.Tests.Unit.Data.MonthDataTests::Constructor_Year1900And2100_DoNotThrowArgumentOutOfRangeException(System.Int32)" strategy="NUnitTest" />
        <TrackedMethod uid="47" token="100663309" name="System.Void AttendanceListGenerator.Core.Tests.Unit.Data.MonthDataTests::Constructor_February2019_CreateListOf28Days()" strategy="NUnitTest" />
      </TrackedMethods>
    </Module>
    <Module hash="8E-F1-26-DD-96-B8-6F-55-98-81-D9-C5-4C-68-D6-32-6E-48-FE-F9">
      <Summary numSequencePoints="72" visitedSequencePoints="37" numBranchPoints="20" visitedBranchPoints="18" sequenceCoverage="51.39" branchCoverage="90" maxCyclomaticComplexity="3" minCyclomaticComplexity="1" maxCrapScore="3" minCrapScore="1" visitedClasses="3" numClasses="5" visitedMethods="8" numMethods="10" />
      <ModulePath>E:\Moje\AttendanceListGenerator\AttendanceListGenerator\AttendanceListGenerator.Core.Tests.Unit\bin\Debug\AttendanceListGenerator.Core.dll</ModulePath>
      <ModuleTime>2019-01-20T16:58:58.6524537Z</ModuleTime>
      <ModuleName>AttendanceListGenerator.Core</ModuleName>
      <Files>
        <File uid="13" fullPath="E:\Moje\AttendanceListGenerator\AttendanceListGenerator\AttendanceListGenerator.Core\Pdf\PdfGenerator.cs" />
        <File uid="14" fullPath="E:\Moje\AttendanceListGenerator\AttendanceListGenerator\AttendanceListGenerator.Core\Helpers\EnumNavigator.cs" />
        <File uid="15" fullPath="E:\Moje\AttendanceListGenerator\AttendanceListGenerator\AttendanceListGenerator.Core\Data\Day.cs" />
        <File uid="16" fullPath="E:\Moje\AttendanceListGenerator\AttendanceListGenerator\AttendanceListGenerator.Core\Data\DayOfWeekNavigator.cs" />
        <File uid="17" fullPath="E:\Moje\AttendanceListGenerator\AttendanceListGenerator\AttendanceListGenerator.Core\Data\MonthData.cs" />
      </Files>
      <Classes>
        <Class>
          <Summary numSequencePoints="31" visitedSequencePoints="0" numBranchPoints="1" visitedBranchPoints="0" sequenceCoverage="0" branchCoverage="0" maxCyclomaticComplexity="1" minCyclomaticComplexity="1" maxCrapScore="2" minCrapScore="2" visitedClasses="0" numClasses="1" visitedMethods="0" numMethods="1" />
          <FullName>AttendanceListGenerator.Core.Pdf.PdfGenerator</FullName>
          <Methods>
            <Method visited="false" cyclomaticComplexity="1" nPathComplexity="0" sequenceCoverage="0" branchCoverage="0" crapScore="2" isConstructor="false" isStatic="false" isGetter="false" isSetter="false">
              <Summary numSequencePoints="31" visitedSequencePoints="0" numBranchPoints="1" visitedBranchPoints="0" sequenceCoverage="0" branchCoverage="0" maxCyclomaticComplexity="1" minCyclomaticComplexity="1" maxCrapScore="2" minCrapScore="2" visitedClasses="0" numClasses="0" visitedMethods="0" numMethods="1" />
              <MetadataToken>100663297</MetadataToken>
              <Name>System.Void AttendanceListGenerator.Core.Pdf.PdfGenerator::Generate()</Name>
              <FileRef uid="13" />
              <SequencePoints>
                <SequencePoint vc="0" uspid="62" ordinal="0" offset="0" sl="12" sc="9" el="12" ec="10" bec="0" bev="0" fileid="13" />
                <SequencePoint vc="0" uspid="63" ordinal="1" offset="1" sl="13" sc="13" el="13" ec="48" bec="0" bev="0" fileid="13" />
                <SequencePoint vc="0" uspid="64" ordinal="2" offset="7" sl="14" sc="13" el="14" ec="52" bec="0" bev="0" fileid="13" />
                <SequencePoint vc="0" uspid="65" ordinal="3" offset="24" sl="15" sc="13" el="15" ec="53" bec="0" bev="0" fileid="13" />
                <SequencePoint vc="0" uspid="66" ordinal="4" offset="41" sl="16" sc="13" el="16" ec="62" bec="0" bev="0" fileid="13" />
                <SequencePoint vc="0" uspid="67" ordinal="5" offset="58" sl="19" sc="13" el="19" ec="65" bec="0" bev="0" fileid="13" />
                <SequencePoint vc="0" uspid="68" ordinal="6" offset="70" sl="20" sc="13" el="20" ec="55" bec="0" bev="0" fileid="13" />
                <SequencePoint vc="0" uspid="69" ordinal="7" offset="78" sl="23" sc="13" el="23" ec="53" bec="0" bev="0" fileid="13" />
                <SequencePoint vc="0" uspid="70" ordinal="8" offset="85" sl="24" sc="13" el="24" ec="39" bec="0" bev="0" fileid="13" />
                <SequencePoint vc="0" uspid="71" ordinal="9" offset="93" sl="27" sc="13" el="27" ec="46" bec="0" bev="0" fileid="13" />
                <SequencePoint vc="0" uspid="72" ordinal="10" offset="100" sl="28" sc="13" el="28" ec="48" bec="0" bev="0" fileid="13" />
                <SequencePoint vc="0" uspid="73" ordinal="11" offset="117" sl="32" sc="13" el="32" ec="31" bec="0" bev="0" fileid="13" />
                <SequencePoint vc="0" uspid="74" ordinal="12" offset="124" sl="33" sc="13" el="33" ec="31" bec="0" bev="0" fileid="13" />
                <SequencePoint vc="0" uspid="75" ordinal="13" offset="131" sl="34" sc="13" el="34" ec="31" bec="0" bev="0" fileid="13" />
                <SequencePoint vc="0" uspid="76" ordinal="14" offset="138" sl="37" sc="13" el="37" ec="38" bec="0" bev="0" fileid="13" />
                <SequencePoint vc="0" uspid="77" ordinal="15" offset="146" sl="38" sc="13" el="38" ec="49" bec="0" bev="0" fileid="13" />
                <SequencePoint vc="0" uspid="78" ordinal="16" offset="170" sl="39" sc="13" el="39" ec="49" bec="0" bev="0" fileid="13" />
                <SequencePoint vc="0" uspid="79" ordinal="17" offset="194" sl="40" sc="13" el="40" ec="49" bec="0" bev="0" fileid="13" />
                <SequencePoint vc="0" uspid="80" ordinal="18" offset="218" sl="42" sc="13" el="42" ec="34" bec="0" bev="0" fileid="13" />
                <SequencePoint vc="0" uspid="81" ordinal="19" offset="226" sl="43" sc="13" el="43" ec="50" bec="0" bev="0" fileid="13" />
                <SequencePoint vc="0" uspid="82" ordinal="20" offset="244" sl="44" sc="13" el="44" ec="46" bec="0" bev="0" fileid="13" />
                <SequencePoint vc="0" uspid="83" ordinal="21" offset="268" sl="45" sc="13" el="45" ec="46" bec="0" bev="0" fileid="13" />
                <SequencePoint vc="0" uspid="84" ordinal="22" offset="292" sl="46" sc="13" el="46" ec="46" bec="0" bev="0" fileid="13" />
                <SequencePoint vc="0" uspid="85" ordinal="23" offset="316" sl="51" sc="13" el="51" ec="95" bec="0" bev="0" fileid="13" />
                <SequencePoint vc="0" uspid="86" ordinal="24" offset="328" sl="53" sc="13" el="53" ec="99" bec="0" bev="0" fileid="13" />
                <SequencePoint vc="0" uspid="87" ordinal="25" offset="337" sl="54" sc="13" el="54" ec="42" bec="0" bev="0" fileid="13" />
                <SequencePoint vc="0" uspid="88" ordinal="26" offset="346" sl="56" sc="13" el="56" ec="39" bec="0" bev="0" fileid="13" />
                <SequencePoint vc="0" uspid="89" ordinal="27" offset="354" sl="59" sc="13" el="59" ec="49" bec="0" bev="0" fileid="13" />
                <SequencePoint vc="0" uspid="90" ordinal="28" offset="361" sl="60" sc="13" el="60" ec="49" bec="0" bev="0" fileid="13" />
                <SequencePoint vc="0" uspid="91" ordinal="29" offset="376" sl="62" sc="13" el="62" ec="37" bec="0" bev="0" fileid="13" />
                <SequencePoint vc="0" uspid="92" ordinal="30" offset="384" sl="63" sc="9" el="63" ec="10" bec="0" bev="0" fileid="13" />
              </SequencePoints>
              <BranchPoints />
              <MethodPoint xsi:type="SequencePoint" vc="0" uspid="62" ordinal="0" offset="0" sl="12" sc="9" el="12" ec="10" bec="0" bev="0" fileid="13" />
            </Method>
            <Method visited="false" cyclomaticComplexity="1" nPathComplexity="0" sequenceCoverage="0" branchCoverage="0" crapScore="2" isConstructor="true" isStatic="false" isGetter="false" isSetter="false">
              <Summary numSequencePoints="0" visitedSequencePoints="0" numBranchPoints="0" visitedBranchPoints="0" sequenceCoverage="0" branchCoverage="0" maxCyclomaticComplexity="1" minCyclomaticComplexity="1" maxCrapScore="2" minCrapScore="2" visitedClasses="0" numClasses="0" visitedMethods="0" numMethods="0" />
              <MetadataToken>100663298</MetadataToken>
              <Name>System.Void AttendanceListGenerator.Core.Pdf.PdfGenerator::.ctor()</Name>
              <SequencePoints />
              <BranchPoints />
              <MethodPoint vc="0" uspid="93" ordinal="0" offset="0" />
            </Method>
          </Methods>
        </Class>
        <Class>
          <Summary numSequencePoints="18" visitedSequencePoints="18" numBranchPoints="10" visitedBranchPoints="10" sequenceCoverage="100" branchCoverage="100" maxCyclomaticComplexity="2" minCyclomaticComplexity="1" maxCrapScore="2" minCrapScore="1" visitedClasses="1" numClasses="1" visitedMethods="4" numMethods="4" />
          <FullName>AttendanceListGenerator.Core.Helpers.EnumNavigator`1</FullName>
          <Methods>
            <Method visited="true" cyclomaticComplexity="2" nPathComplexity="2" sequenceCoverage="100" branchCoverage="100" crapScore="2" isConstructor="false" isStatic="true" isGetter="false" isSetter="false">
              <Summary numSequencePoints="6" visitedSequencePoints="6" numBranchPoints="3" visitedBranchPoints="3" sequenceCoverage="100" branchCoverage="100" maxCyclomaticComplexity="2" minCyclomaticComplexity="2" maxCrapScore="2" minCrapScore="2" visitedClasses="0" numClasses="0" visitedMethods="1" numMethods="1" />
              <MetadataToken>100663299</MetadataToken>
              <Name>T AttendanceListGenerator.Core.Helpers.EnumNavigator`1::Next(T)</Name>
              <FileRef uid="14" />
              <SequencePoints>
                <SequencePoint vc="14" uspid="94" ordinal="0" offset="0" sl="14" sc="9" el="14" ec="10" bec="0" bev="0" fileid="14">
                  <TrackedMethodRefs>
                    <TrackedMethodRef uid="17" vc="7" />
                    <TrackedMethodRef uid="1" vc="7" />
                  </TrackedMethodRefs>
                </SequencePoint>
                <SequencePoint vc="14" uspid="95" ordinal="1" offset="1" sl="15" sc="13" el="15" ec="67" bec="0" bev="0" fileid="14">
                  <TrackedMethodRefs>
                    <TrackedMethodRef uid="17" vc="7" />
                    <TrackedMethodRef uid="1" vc="7" />
                  </TrackedMethodRefs>
                </SequencePoint>
                <SequencePoint vc="14" uspid="96" ordinal="2" offset="13" sl="17" sc="13" el="17" ec="51" bec="2" bev="2" fileid="14">
                  <TrackedMethodRefs>
                    <TrackedMethodRef uid="17" vc="7" />
                    <TrackedMethodRef uid="1" vc="7" />
                  </TrackedMethodRefs>
                </SequencePoint>
                <SequencePoint vc="2" uspid="97" ordinal="3" offset="29" sl="18" sc="17" el="18" ec="41" bec="0" bev="0" fileid="14">
                  <TrackedMethodRefs>
                    <TrackedMethodRef uid="17" vc="1" />
                    <TrackedMethodRef uid="1" vc="1" />
                  </TrackedMethodRefs>
                </SequencePoint>
                <SequencePoint vc="12" uspid="98" ordinal="4" offset="43" sl="20" sc="13" el="20" ec="45" bec="0" bev="0" fileid="14">
                  <TrackedMethodRefs>
                    <TrackedMethodRef uid="17" vc="6" />
                    <TrackedMethodRef uid="1" vc="6" />
                  </TrackedMethodRefs>
                </SequencePoint>
                <SequencePoint vc="14" uspid="99" ordinal="5" offset="59" sl="21" sc="9" el="21" ec="10" bec="0" bev="0" fileid="14">
                  <TrackedMethodRefs>
                    <TrackedMethodRef uid="17" vc="7" />
                    <TrackedMethodRef uid="1" vc="7" />
                  </TrackedMethodRefs>
                </SequencePoint>
              </SequencePoints>
              <BranchPoints>
                <BranchPoint vc="2" uspid="100" ordinal="0" offset="27" sl="17" path="0" offsetend="29" fileid="14">
                  <TrackedMethodRefs>
                    <TrackedMethodRef uid="17" vc="1" />
                    <TrackedMethodRef uid="1" vc="1" />
                  </TrackedMethodRefs>
                </BranchPoint>
                <BranchPoint vc="12" uspid="101" ordinal="1" offset="27" sl="17" path="1" offsetend="43" fileid="14">
                  <TrackedMethodRefs>
                    <TrackedMethodRef uid="17" vc="6" />
                    <TrackedMethodRef uid="1" vc="6" />
                  </TrackedMethodRefs>
                </BranchPoint>
              </BranchPoints>
              <MethodPoint xsi:type="SequencePoint" vc="14" uspid="94" ordinal="0" offset="0" sl="14" sc="9" el="14" ec="10" bec="0" bev="0" fileid="14">
                <TrackedMethodRefs>
                  <TrackedMethodRef uid="17" vc="7" />
                  <TrackedMethodRef uid="1" vc="7" />
                </TrackedMethodRefs>
              </MethodPoint>
            </Method>
            <Method visited="true" cyclomaticComplexity="2" nPathComplexity="2" sequenceCoverage="100" branchCoverage="100" crapScore="2" isConstructor="false" isStatic="true" isGetter="false" isSetter="false">
              <Summary numSequencePoints="6" visitedSequencePoints="6" numBranchPoints="3" visitedBranchPoints="3" sequenceCoverage="100" branchCoverage="100" maxCyclomaticComplexity="2" minCyclomaticComplexity="2" maxCrapScore="2" minCrapScore="2" visitedClasses="0" numClasses="0" visitedMethods="1" numMethods="1" />
              <MetadataToken>100663300</MetadataToken>
              <Name>T AttendanceListGenerator.Core.Helpers.EnumNavigator`1::Previous(T)</Name>
              <FileRef uid="14" />
              <SequencePoints>
                <SequencePoint vc="14" uspid="102" ordinal="0" offset="0" sl="24" sc="9" el="24" ec="10" bec="0" bev="0" fileid="14">
                  <TrackedMethodRefs>
                    <TrackedMethodRef uid="24" vc="7" />
                    <TrackedMethodRef uid="8" vc="7" />
                  </TrackedMethodRefs>
                </SequencePoint>
                <SequencePoint vc="14" uspid="103" ordinal="1" offset="1" sl="25" sc="13" el="25" ec="67" bec="0" bev="0" fileid="14">
                  <TrackedMethodRefs>
                    <TrackedMethodRef uid="24" vc="7" />
                    <TrackedMethodRef uid="8" vc="7" />
                  </TrackedMethodRefs>
                </SequencePoint>
                <SequencePoint vc="14" uspid="104" ordinal="2" offset="13" sl="27" sc="13" el="27" ec="28" bec="2" bev="2" fileid="14">
                  <TrackedMethodRefs>
                    <TrackedMethodRef uid="24" vc="7" />
                    <TrackedMethodRef uid="8" vc="7" />
                  </TrackedMethodRefs>
                </SequencePoint>
                <SequencePoint vc="2" uspid="105" ordinal="3" offset="21" sl="28" sc="17" el="28" ec="64" bec="0" bev="0" fileid="14">
                  <TrackedMethodRefs>
                    <TrackedMethodRef uid="24" vc="1" />
                    <TrackedMethodRef uid="8" vc="1" />
                  </TrackedMethodRefs>
                </SequencePoint>
                <SequencePoint vc="12" uspid="106" ordinal="4" offset="43" sl="30" sc="13" el="30" ec="45" bec="0" bev="0" fileid="14">
                  <TrackedMethodRefs>
                    <TrackedMethodRef uid="24" vc="6" />
                    <TrackedMethodRef uid="8" vc="6" />
                  </TrackedMethodRefs>
                </SequencePoint>
                <SequencePoint vc="14" uspid="107" ordinal="5" offset="59" sl="31" sc="9" el="31" ec="10" bec="0" bev="0" fileid="14">
                  <TrackedMethodRefs>
                    <TrackedMethodRef uid="24" vc="7" />
                    <TrackedMethodRef uid="8" vc="7" />
                  </TrackedMethodRefs>
                </SequencePoint>
              </SequencePoints>
              <BranchPoints>
                <BranchPoint vc="2" uspid="108" ordinal="0" offset="19" sl="27" path="0" offsetend="21" fileid="14">
                  <TrackedMethodRefs>
                    <TrackedMethodRef uid="24" vc="1" />
                    <TrackedMethodRef uid="8" vc="1" />
                  </TrackedMethodRefs>
                </BranchPoint>
                <BranchPoint vc="12" uspid="109" ordinal="1" offset="19" sl="27" path="1" offsetend="43" fileid="14">
                  <TrackedMethodRefs>
                    <TrackedMethodRef uid="24" vc="6" />
                    <TrackedMethodRef uid="8" vc="6" />
                  </TrackedMethodRefs>
                </BranchPoint>
              </BranchPoints>
              <MethodPoint xsi:type="SequencePoint" vc="14" uspid="102" ordinal="0" offset="0" sl="24" sc="9" el="24" ec="10" bec="0" bev="0" fileid="14">
                <TrackedMethodRefs>
                  <TrackedMethodRef uid="24" vc="7" />
                  <TrackedMethodRef uid="8" vc="7" />
                </TrackedMethodRefs>
              </MethodPoint>
            </Method>
            <Method visited="true" cyclomaticComplexity="2" nPathComplexity="2" sequenceCoverage="100" branchCoverage="100" crapScore="2" isConstructor="false" isStatic="true" isGetter="false" isSetter="false">
              <Summary numSequencePoints="5" visitedSequencePoints="5" numBranchPoints="3" visitedBranchPoints="3" sequenceCoverage="100" branchCoverage="100" maxCyclomaticComplexity="2" minCyclomaticComplexity="2" maxCrapScore="2" minCrapScore="2" visitedClasses="0" numClasses="0" visitedMethods="1" numMethods="1" />
              <MetadataToken>100663301</MetadataToken>
              <Name>T[] AttendanceListGenerator.Core.Helpers.EnumNavigator`1::GetArrayOfEnums()</Name>
              <FileRef uid="14" />
              <SequencePoints>
                <SequencePoint vc="2" uspid="110" ordinal="0" offset="0" sl="34" sc="9" el="34" ec="10" bec="0" bev="0" fileid="14">
                  <TrackedMethodRefs>
                    <TrackedMethodRef uid="17" vc="1" />
                    <TrackedMethodRef uid="15" vc="1" />
                  </TrackedMethodRefs>
                </SequencePoint>
                <SequencePoint vc="2" uspid="111" ordinal="1" offset="1" sl="35" sc="13" el="35" ec="35" bec="2" bev="2" fileid="14">
                  <TrackedMethodRefs>
                    <TrackedMethodRef uid="17" vc="1" />
                    <TrackedMethodRef uid="15" vc="1" />
                  </TrackedMethodRefs>
                </SequencePoint>
                <SequencePoint vc="1" uspid="112" ordinal="2" offset="23" sl="36" sc="17" el="36" ec="77" bec="0" bev="0" fileid="14">
                  <TrackedMethodRefs>
                    <TrackedMethodRef uid="15" vc="1" />
                  </TrackedMethodRefs>
                </SequencePoint>
                <SequencePoint vc="1" uspid="113" ordinal="3" offset="49" sl="38" sc="13" el="38" ec="51" bec="0" bev="0" fileid="14">
                  <TrackedMethodRefs>
                    <TrackedMethodRef uid="17" vc="1" />
                  </TrackedMethodRefs>
                </SequencePoint>
                <SequencePoint vc="1" uspid="114" ordinal="4" offset="72" sl="39" sc="9" el="39" ec="10" bec="0" bev="0" fileid="14">
                  <TrackedMethodRefs>
                    <TrackedMethodRef uid="17" vc="1" />
                  </TrackedMethodRefs>
                </SequencePoint>
              </SequencePoints>
              <BranchPoints>
                <BranchPoint vc="1" uspid="115" ordinal="0" offset="21" sl="35" path="0" offsetend="23" fileid="14">
                  <TrackedMethodRefs>
                    <TrackedMethodRef uid="15" vc="1" />
                  </TrackedMethodRefs>
                </BranchPoint>
                <BranchPoint vc="1" uspid="116" ordinal="1" offset="21" sl="35" path="1" offsetend="49" fileid="14">
                  <TrackedMethodRefs>
                    <TrackedMethodRef uid="17" vc="1" />
                  </TrackedMethodRefs>
                </BranchPoint>
              </BranchPoints>
              <MethodPoint xsi:type="SequencePoint" vc="2" uspid="110" ordinal="0" offset="0" sl="34" sc="9" el="34" ec="10" bec="0" bev="0" fileid="14">
                <TrackedMethodRefs>
                  <TrackedMethodRef uid="17" vc="1" />
                  <TrackedMethodRef uid="15" vc="1" />
                </TrackedMethodRefs>
              </MethodPoint>
            </Method>
            <Method visited="true" cyclomaticComplexity="1" nPathComplexity="0" sequenceCoverage="100" branchCoverage="100" crapScore="1" isConstructor="true" isStatic="true" isGetter="false" isSetter="false">
              <Summary numSequencePoints="1" visitedSequencePoints="1" numBranchPoints="1" visitedBranchPoints="1" sequenceCoverage="100" branchCoverage="100" maxCyclomaticComplexity="1" minCyclomaticComplexity="1" maxCrapScore="1" minCrapScore="1" visitedClasses="0" numClasses="0" visitedMethods="1" numMethods="1" />
              <MetadataToken>100663302</MetadataToken>
              <Name>System.Void AttendanceListGenerator.Core.Helpers.EnumNavigator`1::.cctor()</Name>
              <FileRef uid="14" />
              <SequencePoints>
                <SequencePoint vc="2" uspid="117" ordinal="0" offset="0" sl="11" sc="9" el="11" ec="71" bec="0" bev="0" fileid="14">
                  <TrackedMethodRefs>
                    <TrackedMethodRef uid="17" vc="1" />
                    <TrackedMethodRef uid="15" vc="1" />
                  </TrackedMethodRefs>
                </SequencePoint>
              </SequencePoints>
              <BranchPoints />
              <MethodPoint xsi:type="SequencePoint" vc="2" uspid="117" ordinal="0" offset="0" sl="11" sc="9" el="11" ec="71" bec="0" bev="0" fileid="14">
                <TrackedMethodRefs>
                  <TrackedMethodRef uid="17" vc="1" />
                  <TrackedMethodRef uid="15" vc="1" />
                </TrackedMethodRefs>
              </MethodPoint>
            </Method>
          </Methods>
        </Class>
        <Class>
          <Summary numSequencePoints="4" visitedSequencePoints="0" numBranchPoints="1" visitedBranchPoints="0" sequenceCoverage="0" branchCoverage="0" maxCyclomaticComplexity="1" minCyclomaticComplexity="1" maxCrapScore="2" minCrapScore="2" visitedClasses="0" numClasses="1" visitedMethods="0" numMethods="1" />
          <FullName>AttendanceListGenerator.Core.Data.Day</FullName>
          <Methods>
            <Method skippedDueTo="AutoImplementedProperty" visited="false" cyclomaticComplexity="1" nPathComplexity="0" sequenceCoverage="0" branchCoverage="0" crapScore="0" isConstructor="false" isStatic="false" isGetter="true" isSetter="false">
              <MetadataToken>100663303</MetadataToken>
              <Name>System.DayOfWeek AttendanceListGenerator.Core.Data.Day::get_DayOfWeek()</Name>
              <FileRef uid="15" />
              <SequencePoints />
              <BranchPoints />
            </Method>
            <Method visited="false" cyclomaticComplexity="1" nPathComplexity="0" sequenceCoverage="0" branchCoverage="0" crapScore="2" isConstructor="true" isStatic="false" isGetter="false" isSetter="false">
              <Summary numSequencePoints="4" visitedSequencePoints="0" numBranchPoints="1" visitedBranchPoints="0" sequenceCoverage="0" branchCoverage="0" maxCyclomaticComplexity="1" minCyclomaticComplexity="1" maxCrapScore="2" minCrapScore="2" visitedClasses="0" numClasses="0" visitedMethods="0" numMethods="1" />
              <MetadataToken>100663304</MetadataToken>
              <Name>System.Void AttendanceListGenerator.Core.Data.Day::.ctor(System.DayOfWeek)</Name>
              <FileRef uid="15" />
              <SequencePoints>
                <SequencePoint vc="0" uspid="118" ordinal="0" offset="0" sl="9" sc="9" el="9" ec="40" bec="0" bev="0" fileid="15" />
                <SequencePoint vc="0" uspid="119" ordinal="1" offset="7" sl="10" sc="9" el="10" ec="10" bec="0" bev="0" fileid="15" />
                <SequencePoint vc="0" uspid="120" ordinal="2" offset="8" sl="11" sc="13" el="11" ec="35" bec="0" bev="0" fileid="15" />
                <SequencePoint vc="0" uspid="121" ordinal="3" offset="15" sl="12" sc="9" el="12" ec="10" bec="0" bev="0" fileid="15" />
              </SequencePoints>
              <BranchPoints />
              <MethodPoint xsi:type="SequencePoint" vc="0" uspid="118" ordinal="0" offset="0" sl="9" sc="9" el="9" ec="40" bec="0" bev="0" fileid="15" />
            </Method>
          </Methods>
        </Class>
        <Class>
          <Summary numSequencePoints="2" visitedSequencePoints="2" numBranchPoints="2" visitedBranchPoints="2" sequenceCoverage="100" branchCoverage="100" maxCyclomaticComplexity="1" minCyclomaticComplexity="1" maxCrapScore="1" minCrapScore="1" visitedClasses="1" numClasses="1" visitedMethods="2" numMethods="2" />
          <FullName>AttendanceListGenerator.Core.Data.DayOfWeekNavigator</FullName>
          <Methods>
            <Method visited="true" cyclomaticComplexity="1" nPathComplexity="0" sequenceCoverage="100" branchCoverage="100" crapScore="1" isConstructor="false" isStatic="true" isGetter="false" isSetter="false">
              <Summary numSequencePoints="1" visitedSequencePoints="1" numBranchPoints="1" visitedBranchPoints="1" sequenceCoverage="100" branchCoverage="100" maxCyclomaticComplexity="1" minCyclomaticComplexity="1" maxCrapScore="1" minCrapScore="1" visitedClasses="0" numClasses="0" visitedMethods="1" numMethods="1" />
              <MetadataToken>100663305</MetadataToken>
              <Name>System.DayOfWeek AttendanceListGenerator.Core.Data.DayOfWeekNavigator::Next(System.DayOfWeek)</Name>
              <FileRef uid="16" />
              <SequencePoints>
                <SequencePoint vc="7" uspid="122" ordinal="0" offset="0" sl="8" sc="67" el="8" ec="107" bec="0" bev="0" fileid="16">
                  <TrackedMethodRefs>
                    <TrackedMethodRef uid="17" vc="7" />
                  </TrackedMethodRefs>
                </SequencePoint>
              </SequencePoints>
              <BranchPoints />
              <MethodPoint xsi:type="SequencePoint" vc="7" uspid="122" ordinal="0" offset="0" sl="8" sc="67" el="8" ec="107" bec="0" bev="0" fileid="16">
                <TrackedMethodRefs>
                  <TrackedMethodRef uid="17" vc="7" />
                </TrackedMethodRefs>
              </MethodPoint>
            </Method>
            <Method visited="true" cyclomaticComplexity="1" nPathComplexity="0" sequenceCoverage="100" branchCoverage="100" crapScore="1" isConstructor="false" isStatic="true" isGetter="false" isSetter="false">
              <Summary numSequencePoints="1" visitedSequencePoints="1" numBranchPoints="1" visitedBranchPoints="1" sequenceCoverage="100" branchCoverage="100" maxCyclomaticComplexity="1" minCyclomaticComplexity="1" maxCrapScore="1" minCrapScore="1" visitedClasses="0" numClasses="0" visitedMethods="1" numMethods="1" />
              <MetadataToken>100663306</MetadataToken>
              <Name>System.DayOfWeek AttendanceListGenerator.Core.Data.DayOfWeekNavigator::Previous(System.DayOfWeek)</Name>
              <FileRef uid="16" />
              <SequencePoints>
                <SequencePoint vc="7" uspid="123" ordinal="0" offset="0" sl="9" sc="71" el="9" ec="115" bec="0" bev="0" fileid="16">
                  <TrackedMethodRefs>
                    <TrackedMethodRef uid="24" vc="7" />
                  </TrackedMethodRefs>
                </SequencePoint>
              </SequencePoints>
              <BranchPoints />
              <MethodPoint xsi:type="SequencePoint" vc="7" uspid="123" ordinal="0" offset="0" sl="9" sc="71" el="9" ec="115" bec="0" bev="0" fileid="16">
                <TrackedMethodRefs>
                  <TrackedMethodRef uid="24" vc="7" />
                </TrackedMethodRefs>
              </MethodPoint>
            </Method>
          </Methods>
        </Class>
        <Class>
          <Summary numSequencePoints="17" visitedSequencePoints="17" numBranchPoints="6" visitedBranchPoints="6" sequenceCoverage="100" branchCoverage="100" maxCyclomaticComplexity="3" minCyclomaticComplexity="2" maxCrapScore="3" minCrapScore="2" visitedClasses="1" numClasses="1" visitedMethods="2" numMethods="2" />
          <FullName>AttendanceListGenerator.Core.Data.MonthData</FullName>
          <Methods>
            <Method skippedDueTo="AutoImplementedProperty" visited="false" cyclomaticComplexity="1" nPathComplexity="0" sequenceCoverage="0" branchCoverage="0" crapScore="0" isConstructor="false" isStatic="false" isGetter="true" isSetter="false">
              <MetadataToken>100663311</MetadataToken>
              <Name>System.Collections.Generic.IList`1&lt;AttendanceListGenerator.Core.Data.IDay&gt; AttendanceListGenerator.Core.Data.MonthData::get_Days()</Name>
              <FileRef uid="17" />
              <SequencePoints />
              <BranchPoints />
            </Method>
            <Method skippedDueTo="AutoImplementedProperty" visited="false" cyclomaticComplexity="1" nPathComplexity="0" sequenceCoverage="0" branchCoverage="0" crapScore="0" isConstructor="false" isStatic="false" isGetter="false" isSetter="true">
              <MetadataToken>100663312</MetadataToken>
              <Name>System.Void AttendanceListGenerator.Core.Data.MonthData::set_Days(System.Collections.Generic.IList`1&lt;AttendanceListGenerator.Core.Data.IDay&gt;)</Name>
              <FileRef uid="17" />
              <SequencePoints />
              <BranchPoints />
            </Method>
            <Method skippedDueTo="AutoImplementedProperty" visited="false" cyclomaticComplexity="1" nPathComplexity="0" sequenceCoverage="0" branchCoverage="0" crapScore="0" isConstructor="false" isStatic="false" isGetter="true" isSetter="false">
              <MetadataToken>100663313</MetadataToken>
              <Name>AttendanceListGenerator.Core.Data.Month AttendanceListGenerator.Core.Data.MonthData::get_Month()</Name>
              <FileRef uid="17" />
              <SequencePoints />
              <BranchPoints />
            </Method>
            <Method skippedDueTo="AutoImplementedProperty" visited="false" cyclomaticComplexity="1" nPathComplexity="0" sequenceCoverage="0" branchCoverage="0" crapScore="0" isConstructor="false" isStatic="false" isGetter="false" isSetter="true">
              <MetadataToken>100663314</MetadataToken>
              <Name>System.Void AttendanceListGenerator.Core.Data.MonthData::set_Month(AttendanceListGenerator.Core.Data.Month)</Name>
              <FileRef uid="17" />
              <SequencePoints />
              <BranchPoints />
            </Method>
            <Method skippedDueTo="AutoImplementedProperty" visited="false" cyclomaticComplexity="1" nPathComplexity="0" sequenceCoverage="0" branchCoverage="0" crapScore="0" isConstructor="false" isStatic="false" isGetter="true" isSetter="false">
              <MetadataToken>100663315</MetadataToken>
              <Name>System.Int32 AttendanceListGenerator.Core.Data.MonthData::get_Year()</Name>
              <FileRef uid="17" />
              <SequencePoints />
              <BranchPoints />
            </Method>
            <Method skippedDueTo="AutoImplementedProperty" visited="false" cyclomaticComplexity="1" nPathComplexity="0" sequenceCoverage="0" branchCoverage="0" crapScore="0" isConstructor="false" isStatic="false" isGetter="false" isSetter="true">
              <MetadataToken>100663316</MetadataToken>
              <Name>System.Void AttendanceListGenerator.Core.Data.MonthData::set_Year(System.Int32)</Name>
              <FileRef uid="17" />
              <SequencePoints />
              <BranchPoints />
            </Method>
            <Method visited="true" cyclomaticComplexity="3" nPathComplexity="2" sequenceCoverage="100" branchCoverage="100" crapScore="3" isConstructor="true" isStatic="false" isGetter="false" isSetter="false">
              <Summary numSequencePoints="9" visitedSequencePoints="9" numBranchPoints="3" visitedBranchPoints="3" sequenceCoverage="100" branchCoverage="100" maxCyclomaticComplexity="3" minCyclomaticComplexity="3" maxCrapScore="3" minCrapScore="3" visitedClasses="0" numClasses="0" visitedMethods="1" numMethods="1" />
              <MetadataToken>100663317</MetadataToken>
              <Name>System.Void AttendanceListGenerator.Core.Data.MonthData::.ctor(AttendanceListGenerator.Core.Data.Month,System.Int32)</Name>
              <FileRef uid="17" />
              <SequencePoints>
                <SequencePoint vc="17" uspid="124" ordinal="0" offset="0" sl="12" sc="9" el="12" ec="48" bec="0" bev="0" fileid="17">
                  <TrackedMethodRefs>
                    <TrackedMethodRef uid="47" vc="1" />
                    <TrackedMethodRef uid="31" vc="4" />
                    <TrackedMethodRef uid="35" vc="4" />
                    <TrackedMethodRef uid="45" vc="2" />
                    <TrackedMethodRef uid="39" vc="6" />
                  </TrackedMethodRefs>
                </SequencePoint>
                <SequencePoint vc="17" uspid="125" ordinal="1" offset="7" sl="13" sc="9" el="13" ec="10" bec="0" bev="0" fileid="17">
                  <TrackedMethodRefs>
                    <TrackedMethodRef uid="47" vc="1" />
                    <TrackedMethodRef uid="31" vc="4" />
                    <TrackedMethodRef uid="35" vc="4" />
                    <TrackedMethodRef uid="45" vc="2" />
                    <TrackedMethodRef uid="39" vc="6" />
                  </TrackedMethodRefs>
                </SequencePoint>
                <SequencePoint vc="17" uspid="126" ordinal="2" offset="8" sl="14" sc="13" el="14" ec="44" bec="2" bev="2" fileid="17">
                  <TrackedMethodRefs>
                    <TrackedMethodRef uid="47" vc="1" />
                    <TrackedMethodRef uid="31" vc="4" />
                    <TrackedMethodRef uid="35" vc="4" />
                    <TrackedMethodRef uid="45" vc="2" />
                    <TrackedMethodRef uid="39" vc="6" />
                  </TrackedMethodRefs>
                </SequencePoint>
                <SequencePoint vc="6" uspid="127" ordinal="3" offset="31" sl="15" sc="17" el="15" ec="57" bec="0" bev="0" fileid="17">
                  <TrackedMethodRefs>
                    <TrackedMethodRef uid="39" vc="6" />
                  </TrackedMethodRefs>
                </SequencePoint>
                <SequencePoint vc="11" uspid="128" ordinal="4" offset="37" sl="17" sc="13" el="17" ec="37" bec="0" bev="0" fileid="17">
                  <TrackedMethodRefs>
                    <TrackedMethodRef uid="47" vc="1" />
                    <TrackedMethodRef uid="31" vc="4" />
                    <TrackedMethodRef uid="35" vc="4" />
                    <TrackedMethodRef uid="45" vc="2" />
                  </TrackedMethodRefs>
                </SequencePoint>
                <SequencePoint vc="11" uspid="129" ordinal="5" offset="49" sl="18" sc="13" el="18" ec="27" bec="0" bev="0" fileid="17">
                  <TrackedMethodRefs>
                    <TrackedMethodRef uid="47" vc="1" />
                    <TrackedMethodRef uid="31" vc="4" />
                    <TrackedMethodRef uid="35" vc="4" />
                    <TrackedMethodRef uid="45" vc="2" />
                  </TrackedMethodRefs>
                </SequencePoint>
                <SequencePoint vc="11" uspid="130" ordinal="6" offset="57" sl="19" sc="13" el="19" ec="25" bec="0" bev="0" fileid="17">
                  <TrackedMethodRefs>
                    <TrackedMethodRef uid="47" vc="1" />
                    <TrackedMethodRef uid="31" vc="4" />
                    <TrackedMethodRef uid="35" vc="4" />
                    <TrackedMethodRef uid="45" vc="2" />
                  </TrackedMethodRefs>
                </SequencePoint>
                <SequencePoint vc="11" uspid="131" ordinal="7" offset="65" sl="21" sc="13" el="21" ec="30" bec="0" bev="0" fileid="17">
                  <TrackedMethodRefs>
                    <TrackedMethodRef uid="47" vc="1" />
                    <TrackedMethodRef uid="31" vc="4" />
                    <TrackedMethodRef uid="35" vc="4" />
                    <TrackedMethodRef uid="45" vc="2" />
                  </TrackedMethodRefs>
                </SequencePoint>
                <SequencePoint vc="11" uspid="132" ordinal="8" offset="72" sl="22" sc="9" el="22" ec="10" bec="0" bev="0" fileid="17">
                  <TrackedMethodRefs>
                    <TrackedMethodRef uid="47" vc="1" />
                    <TrackedMethodRef uid="31" vc="4" />
                    <TrackedMethodRef uid="35" vc="4" />
                    <TrackedMethodRef uid="45" vc="2" />
                  </TrackedMethodRefs>
                </SequencePoint>
              </SequencePoints>
              <BranchPoints>
                <BranchPoint vc="6" uspid="135" ordinal="2" offset="29" sl="14" path="0" offsetend="31" fileid="17">
                  <TrackedMethodRefs>
                    <TrackedMethodRef uid="39" vc="6" />
                  </TrackedMethodRefs>
                </BranchPoint>
                <BranchPoint vc="11" uspid="136" ordinal="3" offset="29" sl="14" path="1" offsetend="37" fileid="17">
                  <TrackedMethodRefs>
                    <TrackedMethodRef uid="47" vc="1" />
                    <TrackedMethodRef uid="31" vc="4" />
                    <TrackedMethodRef uid="35" vc="4" />
                    <TrackedMethodRef uid="45" vc="2" />
                  </TrackedMethodRefs>
                </BranchPoint>
              </BranchPoints>
              <MethodPoint xsi:type="SequencePoint" vc="17" uspid="124" ordinal="0" offset="0" sl="12" sc="9" el="12" ec="48" bec="0" bev="0" fileid="17">
                <TrackedMethodRefs>
                  <TrackedMethodRef uid="47" vc="1" />
                  <TrackedMethodRef uid="31" vc="4" />
                  <TrackedMethodRef uid="35" vc="4" />
                  <TrackedMethodRef uid="45" vc="2" />
                  <TrackedMethodRef uid="39" vc="6" />
                </TrackedMethodRefs>
              </MethodPoint>
            </Method>
            <Method visited="true" cyclomaticComplexity="2" nPathComplexity="2" sequenceCoverage="100" branchCoverage="100" crapScore="2" isConstructor="false" isStatic="false" isGetter="false" isSetter="false">
              <Summary numSequencePoints="8" visitedSequencePoints="8" numBranchPoints="3" visitedBranchPoints="3" sequenceCoverage="100" branchCoverage="100" maxCyclomaticComplexity="2" minCyclomaticComplexity="2" maxCrapScore="2" minCrapScore="2" visitedClasses="0" numClasses="0" visitedMethods="1" numMethods="1" />
              <MetadataToken>100663318</MetadataToken>
              <Name>System.Void AttendanceListGenerator.Core.Data.MonthData::CreateDaysList()</Name>
              <FileRef uid="17" />
              <SequencePoints>
                <SequencePoint vc="11" uspid="137" ordinal="0" offset="0" sl="25" sc="9" el="25" ec="10" bec="0" bev="0" fileid="17">
                  <TrackedMethodRefs>
                    <TrackedMethodRef uid="47" vc="1" />
                    <TrackedMethodRef uid="31" vc="4" />
                    <TrackedMethodRef uid="35" vc="4" />
                    <TrackedMethodRef uid="45" vc="2" />
                  </TrackedMethodRefs>
                </SequencePoint>
                <SequencePoint vc="11" uspid="138" ordinal="1" offset="1" sl="26" sc="13" el="26" ec="70" bec="0" bev="0" fileid="17">
                  <TrackedMethodRefs>
                    <TrackedMethodRef uid="47" vc="1" />
                    <TrackedMethodRef uid="31" vc="4" />
                    <TrackedMethodRef uid="35" vc="4" />
                    <TrackedMethodRef uid="45" vc="2" />
                  </TrackedMethodRefs>
                </SequencePoint>
                <SequencePoint vc="11" uspid="139" ordinal="2" offset="19" sl="27" sc="13" el="27" ec="96" bec="0" bev="0" fileid="17">
                  <TrackedMethodRefs>
                    <TrackedMethodRef uid="47" vc="1" />
                    <TrackedMethodRef uid="31" vc="4" />
                    <TrackedMethodRef uid="35" vc="4" />
                    <TrackedMethodRef uid="45" vc="2" />
                  </TrackedMethodRefs>
                </SequencePoint>
                <SequencePoint vc="11" uspid="140" ordinal="3" offset="46" sl="29" sc="18" el="29" ec="27" bec="0" bev="0" fileid="17">
                  <TrackedMethodRefs>
                    <TrackedMethodRef uid="47" vc="1" />
                    <TrackedMethodRef uid="31" vc="4" />
                    <TrackedMethodRef uid="35" vc="4" />
                    <TrackedMethodRef uid="45" vc="2" />
                  </TrackedMethodRefs>
                </SequencePoint>
                <SequencePoint vc="335" uspid="141" ordinal="4" offset="50" sl="30" sc="17" el="30" ec="32" bec="0" bev="0" fileid="17">
                  <TrackedMethodRefs>
                    <TrackedMethodRef uid="47" vc="28" />
                    <TrackedMethodRef uid="31" vc="121" />
                    <TrackedMethodRef uid="35" vc="124" />
                    <TrackedMethodRef uid="45" vc="62" />
                  </TrackedMethodRefs>
                </SequencePoint>
                <SequencePoint vc="335" uspid="142" ordinal="5" offset="63" sl="29" sc="46" el="29" ec="49" bec="0" bev="0" fileid="17">
                  <TrackedMethodRefs>
                    <TrackedMethodRef uid="47" vc="28" />
                    <TrackedMethodRef uid="31" vc="121" />
                    <TrackedMethodRef uid="35" vc="124" />
                    <TrackedMethodRef uid="45" vc="62" />
                  </TrackedMethodRefs>
                </SequencePoint>
                <SequencePoint vc="346" uspid="143" ordinal="6" offset="67" sl="29" sc="29" el="29" ec="44" bec="2" bev="2" fileid="17">
                  <TrackedMethodRefs>
                    <TrackedMethodRef uid="47" vc="29" />
                    <TrackedMethodRef uid="31" vc="125" />
                    <TrackedMethodRef uid="35" vc="128" />
                    <TrackedMethodRef uid="45" vc="64" />
                  </TrackedMethodRefs>
                </SequencePoint>
                <SequencePoint vc="11" uspid="144" ordinal="7" offset="77" sl="31" sc="9" el="31" ec="10" bec="0" bev="0" fileid="17">
                  <TrackedMethodRefs>
                    <TrackedMethodRef uid="47" vc="1" />
                    <TrackedMethodRef uid="31" vc="4" />
                    <TrackedMethodRef uid="35" vc="4" />
                    <TrackedMethodRef uid="45" vc="2" />
                  </TrackedMethodRefs>
                </SequencePoint>
              </SequencePoints>
              <BranchPoints>
                <BranchPoint vc="11" uspid="145" ordinal="0" offset="75" sl="29" path="0" offsetend="77" fileid="17">
                  <TrackedMethodRefs>
                    <TrackedMethodRef uid="47" vc="1" />
                    <TrackedMethodRef uid="31" vc="4" />
                    <TrackedMethodRef uid="35" vc="4" />
                    <TrackedMethodRef uid="45" vc="2" />
                  </TrackedMethodRefs>
                </BranchPoint>
                <BranchPoint vc="335" uspid="146" ordinal="1" offset="75" sl="29" path="1" offsetend="50" fileid="17">
                  <TrackedMethodRefs>
                    <TrackedMethodRef uid="47" vc="28" />
                    <TrackedMethodRef uid="31" vc="121" />
                    <TrackedMethodRef uid="35" vc="124" />
                    <TrackedMethodRef uid="45" vc="62" />
                  </TrackedMethodRefs>
                </BranchPoint>
              </BranchPoints>
              <MethodPoint xsi:type="SequencePoint" vc="11" uspid="137" ordinal="0" offset="0" sl="25" sc="9" el="25" ec="10" bec="0" bev="0" fileid="17">
                <TrackedMethodRefs>
                  <TrackedMethodRef uid="47" vc="1" />
                  <TrackedMethodRef uid="31" vc="4" />
                  <TrackedMethodRef uid="35" vc="4" />
                  <TrackedMethodRef uid="45" vc="2" />
                </TrackedMethodRefs>
              </MethodPoint>
            </Method>
          </Methods>
        </Class>
      </Classes>
      <TrackedMethods />
    </Module>
  </Modules>
</CoverageSession>